<?xml version="1.0" encoding="UTF-8" ?>
<testsuite errors="0" failures="0" hostname="johanness-mbp-4" name="readdy.impl.sim.core.space.BoxIteratorTest" tests="5" time="0.09" timestamp="2014-05-21T15:10:28">
  <properties>
[...]
</properties>
  <testcase classname="readdy.impl.sim.core.space.BoxIteratorTest" name="testInitialize_int" time="0.008" />
  <testcase classname="readdy.impl.sim.core.space.BoxIteratorTest" name="testInitialize_0args" time="0.007" />
  <testcase classname="readdy.impl.sim.core.space.BoxIteratorTest" name="testHasNext" time="0.001" />
  <testcase classname="readdy.impl.sim.core.space.BoxIteratorTest" name="testNext" time="0.001" />
  <testcase classname="readdy.impl.sim.core.space.BoxIteratorTest" name="testPrintStatus" time="0.001" />
  <system-out><![CDATA[Origin O  -3.0, -3.0, -3.0
N.length 3
N  3, 3, 3
int[N.length]  0, 0, 0
Ext.length 3
Ext  6.0, 6.0, 6.0
<particleList>
<p id=1 typeId=0 c=-1.5,-1.5,-1.5 \>
<crd2box()>
idx:  0, 0, 0
multiIndexId 0
</crd2box()>
<p id=2 typeId=0 c=-1.5,-1.5,0.0 \>
<crd2box()>
idx:  0, 0, 1
multiIndexId 1
</crd2box()>
<p id=3 typeId=0 c=-1.5,-1.5,1.5 \>
<crd2box()>
idx:  0, 0, 2
multiIndexId 2
</crd2box()>
<p id=4 typeId=0 c=-1.5,0.0,-1.5 \>
<crd2box()>
idx:  0, 1, 0
multiIndexId 3
</crd2box()>
<p id=5 typeId=0 c=-1.5,0.0,0.0 \>
<crd2box()>
idx:  0, 1, 1
multiIndexId 4
</crd2box()>
<p id=6 typeId=0 c=-1.5,0.0,1.5 \>
<crd2box()>
idx:  0, 1, 2
multiIndexId 5
</crd2box()>
<p id=7 typeId=0 c=-1.5,1.5,-1.5 \>
<crd2box()>
idx:  0, 2, 0
multiIndexId 6
</crd2box()>
<p id=8 typeId=0 c=-1.5,1.5,0.0 \>
<crd2box()>
idx:  0, 2, 1
multiIndexId 7
</crd2box()>
<p id=9 typeId=0 c=-1.5,1.5,1.5 \>
<crd2box()>
idx:  0, 2, 2
multiIndexId 8
</crd2box()>
<p id=10 typeId=0 c=0.0,-1.5,-1.5 \>
<crd2box()>
idx:  1, 0, 0
multiIndexId 9
</crd2box()>
<p id=11 typeId=0 c=0.0,-1.5,0.0 \>
<crd2box()>
idx:  1, 0, 1
multiIndexId 10
</crd2box()>
<p id=12 typeId=0 c=0.0,-1.5,1.5 \>
<crd2box()>
idx:  1, 0, 2
multiIndexId 11
</crd2box()>
<p id=13 typeId=0 c=0.0,0.0,-1.5 \>
<crd2box()>
idx:  1, 1, 0
multiIndexId 12
</crd2box()>
<p id=14 typeId=0 c=0.0,0.0,0.0 \>
<crd2box()>
idx:  1, 1, 1
multiIndexId 13
</crd2box()>
<p id=15 typeId=0 c=0.0,0.0,1.5 \>
<crd2box()>
idx:  1, 1, 2
multiIndexId 14
</crd2box()>
<p id=16 typeId=0 c=0.0,1.5,-1.5 \>
<crd2box()>
idx:  1, 2, 0
multiIndexId 15
</crd2box()>
<p id=17 typeId=0 c=0.0,1.5,0.0 \>
<crd2box()>
idx:  1, 2, 1
multiIndexId 16
</crd2box()>
<p id=18 typeId=0 c=0.0,1.5,1.5 \>
<crd2box()>
idx:  1, 2, 2
multiIndexId 17
</crd2box()>
<p id=19 typeId=0 c=1.5,-1.5,-1.5 \>
<crd2box()>
idx:  2, 0, 0
multiIndexId 18
</crd2box()>
<p id=20 typeId=0 c=1.5,-1.5,0.0 \>
<crd2box()>
idx:  2, 0, 1
multiIndexId 19
</crd2box()>
<p id=21 typeId=0 c=1.5,-1.5,1.5 \>
<crd2box()>
idx:  2, 0, 2
multiIndexId 20
</crd2box()>
<p id=22 typeId=0 c=1.5,0.0,-1.5 \>
<crd2box()>
idx:  2, 1, 0
multiIndexId 21
</crd2box()>
<p id=23 typeId=0 c=1.5,0.0,0.0 \>
<crd2box()>
idx:  2, 1, 1
multiIndexId 22
</crd2box()>
<p id=24 typeId=0 c=1.5,0.0,1.5 \>
<crd2box()>
idx:  2, 1, 2
multiIndexId 23
</crd2box()>
<p id=25 typeId=0 c=1.5,1.5,-1.5 \>
<crd2box()>
idx:  2, 2, 0
multiIndexId 24
</crd2box()>
<p id=26 typeId=0 c=1.5,1.5,0.0 \>
<crd2box()>
idx:  2, 2, 1
multiIndexId 25
</crd2box()>
<p id=27 typeId=0 c=1.5,1.5,1.5 \>
<crd2box()>
idx:  2, 2, 2
multiIndexId 26
</crd2box()>
</particleList>

add center particle from which we want to compute neighbors
<crd2box()>
idx:  1, 1, 1
multiIndexId 13
</crd2box()>

construct the iterator...
<crd2box()>
idx:  1, 1, 1
multiIndexId 13
</crd2box()>

start testing...
--------------------------------------------------
TEST initialize excluded index
print status before initialization:
box_index_0:  0, 0, 0
current_box_index:  0, 0, 0
hasNext: false
next: -1
initialize with the particle id 0...
print status after initialization:
box_index_0:  0, 0, 0
current_box_index:  0, 0, 0
hasNext: true
next: 1
box_index_0:  0, 0, 0
current_box_index:  0, 0, 0
hasNext: true
next: 1
box_index_0:  0, 0, 0
current_box_index:  0, 0, 1
hasNext: true
next: 2
box_index_0:  0, 0, 0
current_box_index:  0, 0, 2
hasNext: true
next: 3
box_index_0:  0, 0, 0
current_box_index:  0, 1, 0
hasNext: true
next: 4
box_index_0:  0, 0, 0
current_box_index:  0, 1, 1
hasNext: true
next: 5
box_index_0:  0, 0, 0
current_box_index:  0, 1, 2
hasNext: true
next: 6
box_index_0:  0, 0, 0
current_box_index:  0, 2, 0
hasNext: true
next: 7
box_index_0:  0, 0, 0
current_box_index:  0, 2, 1
hasNext: true
next: 8
box_index_0:  0, 0, 0
current_box_index:  0, 2, 2
hasNext: true
next: 9
box_index_0:  0, 0, 0
current_box_index:  1, 0, 0
hasNext: true
next: 10
box_index_0:  0, 0, 0
current_box_index:  1, 0, 1
hasNext: true
next: 11
box_index_0:  0, 0, 0
current_box_index:  1, 0, 2
hasNext: true
next: 12
box_index_0:  0, 0, 0
current_box_index:  1, 1, 0
hasNext: true
next: 13
box_index_0:  0, 0, 0
current_box_index:  1, 1, 1
hasNext: true
next: 14
box_index_0:  0, 0, 0
current_box_index:  1, 1, 2
hasNext: true
next: 15
box_index_0:  0, 0, 0
current_box_index:  1, 2, 0
hasNext: true
next: 16
box_index_0:  0, 0, 0
current_box_index:  1, 2, 1
hasNext: true
next: 17
box_index_0:  0, 0, 0
current_box_index:  1, 2, 2
hasNext: true
next: 18
box_index_0:  0, 0, 0
current_box_index:  2, 0, 0
hasNext: true
next: 19
box_index_0:  0, 0, 0
current_box_index:  2, 0, 1
hasNext: true
next: 20
box_index_0:  0, 0, 0
current_box_index:  2, 0, 2
hasNext: true
next: 21
box_index_0:  0, 0, 0
current_box_index:  2, 1, 0
hasNext: true
next: 22
box_index_0:  0, 0, 0
current_box_index:  2, 1, 1
hasNext: true
next: 23
box_index_0:  0, 0, 0
current_box_index:  2, 1, 2
hasNext: true
next: 24
box_index_0:  0, 0, 0
current_box_index:  2, 2, 0
hasNext: true
next: 25
box_index_0:  0, 0, 0
current_box_index:  2, 2, 1
hasNext: true
next: 26
box_index_0:  0, 0, 0
current_box_index:  2, 2, 2
hasNext: true
next: 27
--------------------------------------------------
TEST initialize no arguments
print status before initialization:
box_index_0:  0, 0, 0
current_box_index:  2, 2, 2
hasNext: false
next: 27
initialize...
print status after initialization:
box_index_0:  0, 0, 0
current_box_index:  0, 0, 0
hasNext: true
next: 1
box_index_0:  0, 0, 0
current_box_index:  0, 0, 0
hasNext: true
next: 1
box_index_0:  0, 0, 0
current_box_index:  0, 0, 1
hasNext: true
next: 2
box_index_0:  0, 0, 0
current_box_index:  0, 0, 2
hasNext: true
next: 3
box_index_0:  0, 0, 0
current_box_index:  0, 1, 0
hasNext: true
next: 4
box_index_0:  0, 0, 0
current_box_index:  0, 1, 1
hasNext: true
next: 5
box_index_0:  0, 0, 0
current_box_index:  0, 1, 2
hasNext: true
next: 6
box_index_0:  0, 0, 0
current_box_index:  0, 2, 0
hasNext: true
next: 7
box_index_0:  0, 0, 0
current_box_index:  0, 2, 1
hasNext: true
next: 8
box_index_0:  0, 0, 0
current_box_index:  0, 2, 2
hasNext: true
next: 9
box_index_0:  0, 0, 0
current_box_index:  1, 0, 0
hasNext: true
next: 10
box_index_0:  0, 0, 0
current_box_index:  1, 0, 1
hasNext: true
next: 11
box_index_0:  0, 0, 0
current_box_index:  1, 0, 2
hasNext: true
next: 12
box_index_0:  0, 0, 0
current_box_index:  1, 1, 0
hasNext: true
next: 13
box_index_0:  0, 0, 0
current_box_index:  1, 1, 1
hasNext: true
next: 14
box_index_0:  0, 0, 0
current_box_index:  1, 1, 1
hasNext: true
next: 0
box_index_0:  0, 0, 0
current_box_index:  1, 1, 2
hasNext: true
next: 15
box_index_0:  0, 0, 0
current_box_index:  1, 2, 0
hasNext: true
next: 16
box_index_0:  0, 0, 0
current_box_index:  1, 2, 1
hasNext: true
next: 17
box_index_0:  0, 0, 0
current_box_index:  1, 2, 2
hasNext: true
next: 18
box_index_0:  0, 0, 0
current_box_index:  2, 0, 0
hasNext: true
next: 19
box_index_0:  0, 0, 0
current_box_index:  2, 0, 1
hasNext: true
next: 20
box_index_0:  0, 0, 0
current_box_index:  2, 0, 2
hasNext: true
next: 21
box_index_0:  0, 0, 0
current_box_index:  2, 1, 0
hasNext: true
next: 22
box_index_0:  0, 0, 0
current_box_index:  2, 1, 1
hasNext: true
next: 23
box_index_0:  0, 0, 0
current_box_index:  2, 1, 2
hasNext: true
next: 24
box_index_0:  0, 0, 0
current_box_index:  2, 2, 0
hasNext: true
next: 25
box_index_0:  0, 0, 0
current_box_index:  2, 2, 1
hasNext: true
next: 26
box_index_0:  0, 0, 0
current_box_index:  2, 2, 2
hasNext: true
next: 27
--------------------------------------------------
TEST hasNext
print status before initialization:
box_index_0:  0, 0, 0
current_box_index:  2, 2, 2
hasNext: false
next: 27
initialize with the particle id 0...
print status after initialization:
box_index_0:  0, 0, 0
current_box_index:  0, 0, 0
hasNext: true
next: 1
--------------------------------------------------
TEST next
initialize with the particle id 0...
print status after initialization:
box_index_0:  0, 0, 0
current_box_index:  0, 0, 0
hasNext: true
next: 1
--------------------------------------------------
TEST printStatus
box_index_0:  0, 0, 0
current_box_index:  0, 0, 1
hasNext: true
next: 2
]]></system-out>
  <system-err><![CDATA[]]></system-err>
</testsuite>
