<?xml version="1.0" encoding="UTF-8" ?>
<testsuite errors="0" failures="0" hostname="Johanness-MacBook-Pro-4.local" name="readdy.impl.sim.core_mc.MetropolisDeciderTest" tests="1" time="0.069" timestamp="2014-08-21T12:01:02">
  <properties>
[...]
</properties>
  <testcase classname="readdy.impl.sim.core_mc.MetropolisDeciderTest" name="testDoWeAcceptGivenEnergyDifference" time="0.002" />
  <system-out><![CDATA[
parse globalParameters...
parsing param_global file: /Users/johannesschoeneberg/Desktop/PhD/projects/ReaDDy/gitHub/readdy/./test/testInputFiles/test_MonteCarlo_potentialEnergyComputer/param_global.xml
... done.
test doWeAcceptGivenEnergyDifference...
dE: 0.0 expResult: true result true
dE: -1000.0 expResult: true result true
dE: 1000.0 expResult: false result false
]]></system-out>
  <system-err><![CDATA[]]></system-err>
</testsuite>
