<?xml version="1.0" encoding="UTF-8" ?>
<testsuite errors="0" failures="0" hostname="johanness-mbp-4" name="readdy.impl.sim.core.bd.DiffusionEngineTest" tests="2" time="0.39" timestamp="2014-05-21T15:10:17">
  <properties>
[...]
</properties>
  <testcase classname="readdy.impl.sim.core.bd.DiffusionEngineTest" name="testPropagateSingle" time="0.166" />
  <testcase classname="readdy.impl.sim.core.bd.DiffusionEngineTest" name="testPropagatePair" time="0.074" />
  <system-out><![CDATA[ParticleParametersTEST...:

parse globalParameters...
parsing param_global file: /Users/johannesschoeneberg/Desktop/PhD/projects/ReaDDy/gitHub/readdy/./test/testInputFiles/test_default/param_global.xml
... done.
parse ParamParticles
parsing param_particles file: /Users/johannesschoeneberg/Desktop/PhD/projects/ReaDDy/gitHub/readdy/./test/testInputFiles/test_default/param_particles.xml
... done.
parsing tplgy_potentials file: /Users/johannesschoeneberg/Desktop/PhD/projects/ReaDDy/gitHub/readdy/./test/testInputFiles/test_default/tplgy_potentials.xml
... done.
p1 new coords a 15.0, 5.0, 5.0
p1 new coords aa 14.911283627986176, 5.016247683947442, 3.091711489696354
p1 new coords aa 14.674384716405417, 5.012342677887099, 1.774244297236549
p1 new coords aa 14.771408716326592, 5.00785687494028, 1.0687558981566365
p1 new coords aa 14.680032274971808, 4.923689599412144, 0.8355079912878367
p1 new coords aa 14.465502788365354, 4.807904896112567, 0.41784316127192694
p1 new coords aa 14.568360429611058, 4.798251188605427, 0.3058300037940921
p1 new coords aa 14.449895817394008, 4.655412005749335, -0.16601111965880955
p1 new coords aa 14.463558385315785, 4.402093354031075, -0.17612311117560608
p1 new coords aa 14.374708711905512, 4.412871165123684, 0.056026257425069115
p1 new coords aa 14.467871276797677, 4.4146555576039885, 0.04549442862314769
p1 new coords aa 14.532260602094278, 4.360943925046631, 0.00973281402249189
p1 new coords aa 14.56570687045779, 4.4009297154959, 0.23109436019636148
p1 new coords aa 14.538712549388501, 4.1725025423845, 0.32944044559942776
p1 new coords aa 14.687731550141104, 4.304029579115526, 0.07844815956483508
p1 new coords aa 14.842925204903842, 4.348498485816192, 0.05178931128945883
p1 new coords aa 14.941731110919203, 4.438640324039252, 0.03585205489845193
p1 new coords aa 14.999170632057618, 4.500274804709995, -0.043470791349060886
p1 new coords aa 14.998671224943768, 4.529222295006554, 0.06973727931910861
p1 new coords aa 14.96973197236208, 4.269817140124054, 0.08627886068011467
p1 new coords aa 15.05598006410615, 4.2613057627870194, 0.0727827051834815
p1 new coords aa 15.083094741521418, 4.197492168803282, -0.0031083779286467245
p1 new coords aa 15.09848624825193, 3.9922287593357577, 0.2625223435289141
p1 new coords aa 15.376176953548287, 4.131257477140501, 0.09845063761891107
p1 new coords aa 15.585870781681784, 3.963278584001798, 0.09188070825792888
p1 new coords aa 15.65804121469455, 4.16051147726421, -0.042615414052205425
p1 new coords aa 15.711111726774924, 4.1919475027654025, 0.07759046551258761
p1 new coords aa 15.917025083523573, 4.329529374624423, -0.08014644937691787
p1 new coords aa 15.873361864320472, 4.504456011623551, -0.03589866872186368
p1 new coords aa 15.756195680500678, 4.485059560756933, 0.04745594093235298
p1 new coords aa 15.784932932144859, 4.7741995076775785, -0.07133599364814286
p1 new coords aa 15.816581605621368, 4.868872666901954, -0.15053137404604744
p1 new coords aa 15.831980122854675, 4.961485581139525, 0.1808776822982529
p1 new coords aa 15.748055993726124, 5.050003729594526, -0.17396656689197154
p1 new coords aa 15.579664821159364, 5.122613306223879, -0.045432243955554424
p1 new coords aa 15.718634177839311, 5.049591903372365, 0.14872276182192806
p1 new coords aa 15.735457173981723, 5.040460922953361, 0.29235418592408885
p1 new coords aa 15.78138278303784, 5.222225307829477, 0.12371039941801709
p1 new coords aa 15.711016321518752, 5.245855550217084, 0.1031915027540324
p1 new coords aa 15.711688956666318, 5.316728057785585, 0.026652013464704097
p1 new coords aa 15.759667824349162, 5.4068418216493965, 0.12123471878939529
p1 new coords aa 15.622469596730339, 5.6134434167660965, 0.06577695564263919
p1 new coords aa 15.486772072301092, 5.407730880313995, 0.11067099367949541
p1 new coords aa 15.50340330575489, 5.279832274124613, 0.013721750444431122
p1 new coords aa 15.3781172658599, 5.255417245969478, 0.017746970420914103
p1 new coords aa 15.357214162526349, 5.352447630238309, -0.11907826788513087
p1 new coords aa 15.17975911677331, 5.12131765959565, 0.17695199382204274
p1 new coords aa 15.459859823882507, 5.122710668154577, 0.16529339542670182
p1 new coords aa 15.67379700050406, 4.973565157314815, 0.1606563457392026
p1 new coords aa 15.932346104342791, 5.295675780362497, 0.14311284717449618
p1 new coords aa 15.944509887499109, 5.23630783381251, -0.030424360982677923
p1 new coords aa 15.980868752704033, 5.225045623161272, 0.12027370847480703
p1 new coords aa 15.890539633359845, 5.195289470448731, 0.1749266360486535
p1 new coords aa 15.805979751999873, 5.056404520656499, -0.07891832299611173
p1 new coords aa 15.821846537363706, 5.1597268355536485, 0.043836174341089884
p1 new coords aa 15.793351817928741, 5.283806097755343, 0.011165584438017198
p1 new coords aa 15.541813705743744, 5.1461140825131935, -0.08029511688890822
p1 new coords aa 15.362512572321881, 5.406829768520198, 0.10614474877725807
p1 new coords aa 15.580841068031502, 5.246986468428812, -0.18460477320250765
p1 new coords aa 15.54316217659441, 5.43900056896448, -0.0585187620294812
p1 new coords aa 15.460044640644387, 5.525626411351078, -0.08257284850286843
p1 new coords aa 15.49819443409603, 5.3505005221205835, -0.403483225952794
p1 new coords aa 15.621221966185672, 5.391150862293758, -0.10345154052562527
p1 new coords aa 15.780713844520731, 5.509391800900471, -0.040374110193106855
p1 new coords aa 15.705703542026413, 5.925207267863488, 0.11780387705891135
p1 new coords aa 15.450431061256316, 5.796560185902946, 0.1269823173189395
p1 new coords aa 15.611906349980444, 5.854692694538643, 0.43511006428781707
p1 new coords aa 15.487336510733742, 5.823713573513198, 0.2543724742928609
p1 new coords aa 15.594085508896654, 6.005398844909114, 0.2420197025828813
p1 new coords aa 15.490549176742844, 6.207039112635849, 0.10143318721563832
p1 new coords aa 15.444862257131078, 6.049551471601589, 0.15102478595827706
p1 new coords aa 15.328231576209188, 6.046509016233559, 0.1931881881643554
p1 new coords aa 15.434533503095919, 6.048477173477212, 0.19406650190447286
p1 new coords aa 15.504779275898759, 5.924011451411158, 0.14072001283613012
p1 new coords aa 15.54543272963693, 6.065227864392657, 0.09871677237869879
p1 new coords aa 15.416828075894493, 6.105723557808234, -0.35277934454819876
p1 new coords aa 15.248646678342661, 5.801850527137942, -0.16077720318081995
p1 new coords aa 15.33564931806229, 5.709289100800361, -0.3445718497432133
p1 new coords aa 15.261847037957327, 5.756578348297707, -0.1596612910627267
p1 new coords aa 15.289988969032759, 5.733008650433188, -0.17212988463550155
p1 new coords aa 15.511623522697182, 5.829808000046405, -0.12612801144535202
p1 new coords aa 15.431101664991724, 5.662746573763596, -0.1378711426418256
p1 new coords aa 15.38259902320265, 5.653136099830696, -0.13971679542391752
p1 new coords aa 15.660436226043114, 5.74043750982853, -0.07999024833213789
p1 new coords aa 15.939896269262865, 6.017197368405211, 0.04706288051380933
p1 new coords aa 16.02492937830668, 6.026623023827005, -0.2131753095438441
p1 new coords aa 15.813995066036165, 6.092972053617158, -0.3287197776472166
p1 new coords aa 15.558853561331352, 6.106954251594568, -0.37142155018167067
p1 new coords aa 15.422308114344325, 6.1037766493296886, -0.16832063699103741
p1 new coords aa 15.494020039545235, 6.174182023683232, 0.16085507883024716
p1 new coords aa 15.280692425057115, 5.9314653780834785, 0.07853094634184529
p1 new coords aa 15.227516163186388, 6.0376059693360675, 0.02241310263318158
p1 new coords aa 15.457499220070309, 6.025314197012652, 0.072424888321444
p1 new coords aa 15.50140444535565, 6.126160934748727, 0.0490839037914753
p1 new coords aa 15.185750030563964, 6.022018395502506, 0.13364392847225748
p1 new coords aa 15.17941714873877, 5.799670349524281, 0.3166066939366443
p1 new coords aa 15.402141007642014, 5.85606404880857, 0.22430718021360568
p1 new coords aa 15.360612921586435, 5.605753196512189, 0.16877611703543738
p1 new coords aa 15.584938047065414, 5.526723162503091, 0.2275877974585921
p1 new coords aa 15.388958921775036, 5.542120107963914, 0.03594458022955532
p1 new coords aa 15.281683344203831, 5.303466453073314, -0.29638893394663585
p1 new coords aa 15.351244104322475, 5.1235001185742375, -0.26269201850698526
p1 new coords aa 15.348072869028325, 5.109595357885986, -0.28298348630385634
p1 new coords aa 15.509820323022282, 5.103626751273651, 0.061167130987690055
p1 new coords aa 15.497732846086489, 5.111036927276379, 0.0499805056251253
p1 new coords aa 15.322663995147082, 5.208852619652636, -0.0018439003966263384
p1 new coords aa 15.437979148738554, 5.394721862916836, -0.12873698282247142
p1 new coords aa 15.660172837508508, 5.551189345627914, 0.11123241906836862
p1 new coords aa 15.707231622229177, 5.753449204787956, 0.04513986534905792
p1 new coords aa 15.776431730986042, 5.741642429045655, -0.11178388614244811
p1 new coords aa 15.728695898530521, 5.731193063353629, -0.2829706763833313
p1 new coords aa 15.968499247388555, 5.716191567044268, -0.18154782225764227
p1 new coords aa 15.675377397903352, 5.65731218043711, -0.2376436223438589
p1 new coords aa 15.791815727340525, 5.515308802881874, -0.12762403616971535
p1 new coords aa 15.751965071761523, 5.443959529279508, -0.17368412022770874
p1 new coords aa 15.829630228099544, 5.336738942069677, -0.252561723240727
p1 new coords aa 15.865362979512032, 5.499287658301344, -0.04794235051020135
p1 new coords aa 15.888354734402968, 5.5132899952239915, 0.10057289095052532
p1 new coords aa 15.898273500106491, 5.759603330709087, 0.2928780975410302
p1 new coords aa 16.126672928245483, 5.759766624335409, 0.39791142326991996
p1 new coords aa 15.922982460740633, 5.787816893276163, 0.2340843441708476
p1 new coords aa 15.687010752403909, 5.6853023189128775, 0.2996471548946494
p1 new coords aa 15.519994063111122, 5.659145015106285, 0.27729284124986125
p1 new coords aa 15.420918715080969, 5.705928560002882, 0.10041497894706522
p1 new coords aa 15.29114582837805, 5.569483418056763, -0.17417818595687726
p1 new coords aa 15.33934405571449, 5.553928629772016, -0.2763937143971912
p1 new coords aa 15.394053595711455, 5.500186924966901, -0.32895746150508265
p1 new coords aa 15.567509472147798, 5.6708556807908375, -0.3169821853466755
p1 new coords aa 15.357145386721909, 5.870929619296872, -0.2005689369439151
p1 new coords aa 15.430283665075688, 5.974343411447492, -0.20386862732635613
p1 new coords aa 15.187318782669516, 6.082746403704203, 0.3497898758555601
p1 new coords aa 15.198647525323729, 6.109247549167197, 0.40554492036112966
p1 new coords aa 15.177758803080101, 5.9553750473177045, 0.47890502959443904
p1 new coords aa 15.231902424338585, 5.901491842414926, 0.14018554935661648
p1 new coords aa 15.226744789165359, 5.9244376320800765, 0.27512983225853166
p1 new coords aa 15.096666460703757, 5.897692214135626, 0.16237070234631562
p1 new coords aa 15.370319055687606, 5.933515691956102, 0.3063952673351747
p1 new coords aa 15.326071929036305, 5.7605875087672, 0.1298364148906903
p1 new coords aa 14.9949035735628, 5.623217414777273, 0.11532804271892963
p1 new coords aa 14.957693432801669, 5.6664746336518865, 0.18949109114585563
p1 new coords aa 14.901844580884587, 5.846197366033323, 0.08157600186616787
p1 new coords aa 14.891138275124508, 5.7441863709615495, -0.13127784451065289
p1 new coords aa 14.906564767332823, 5.923771045844725, -0.032482841956311265
p1 new coords aa 14.718463419891195, 5.854667971996347, -0.03443075973564135
p1 new coords aa 14.777179673118837, 5.666122280627395, 0.09615920588608384
p1 new coords aa 14.78068601046573, 5.6216123142723795, 0.06820213032513525
p1 new coords aa 14.867288763384819, 5.463209605828325, 0.15117971152986262
p1 new coords aa 14.861433547917377, 5.448891967192032, 0.04458000963832372
p1 new coords aa 14.859154591562081, 5.519837448262652, 0.05157642780587775
p1 new coords aa 14.914562337414706, 5.791674861446509, 0.09093407648118634
p1 new coords aa 14.789383733517445, 5.459342897955718, 0.1267278961712835
p1 new coords aa 15.075353732914902, 5.721262460637691, 0.13469023635826477
p1 new coords aa 15.024550236013866, 5.935207311129946, -0.03129635710515746
p1 new coords aa 14.928088641755796, 5.963167379310765, 0.03522658646981802
p1 new coords aa 15.040724973569992, 6.099135116023175, 0.29992749407097224
p1 new coords aa 14.727897323033524, 6.213029513339519, 0.16599683751278801
p1 new coords aa 14.792230703525464, 6.138798748975811, 0.41699937195545844
p1 new coords aa 14.670160977184361, 6.305462946942106, 0.3112039506311946
p1 new coords aa 14.80332154018046, 6.3000720445980205, -0.0619147794636678
p1 new coords aa 14.917559603083829, 6.2152446080873105, -0.180879032080512
p1 new coords aa 14.957484443667333, 6.042367850518843, -0.12611341144481514
p1 new coords aa 15.061912347099032, 6.110242995982356, -0.0028552540312927754
p1 new coords aa 14.938015026731945, 5.929999419491909, -0.14320063438110592
p1 new coords aa 14.946003386032055, 5.896654514874786, -0.014654603250865872
p1 new coords aa 14.89415936515105, 5.8843529217646, -0.17172669987980205
p1 new coords aa 15.132694860310252, 5.82279482729925, -0.21370608734918728
p1 new coords aa 15.167230325031472, 5.962652800506982, -0.46808558459371075
p1 new coords aa 15.127118802531102, 6.149429198628901, -0.3493540871864701
p1 new coords aa 15.226774384440413, 6.049244275828488, -0.2191921875952274
p1 new coords aa 15.220316637783533, 6.155441474008569, 0.0996142767348106
p1 new coords aa 14.892491596069176, 6.0941818964788315, 0.10855286253268895
p1 new coords aa 15.157961625603209, 6.153541390840702, -0.1552265461783793
p1 new coords aa 15.40653074870318, 6.294276221048763, -0.29774881213077387
p1 new coords aa 15.537310110278943, 6.440884181383958, -0.20501906034817177
p1 new coords aa 15.513218009340818, 6.3867658614274845, -0.032125853195682536
p1 new coords aa 15.568268931994504, 6.514747621101622, -0.09625515918697562
p1 new coords aa 15.533222870664204, 6.484266463793905, -0.2164398853734104
p1 new coords aa 15.763407570937302, 6.522963471502639, -0.4616962306653545
p1 new coords aa 15.748567174935523, 6.512047875915371, -0.39451350118310236
p1 new coords aa 15.713279164292308, 6.3390723644595734, -0.13742108418240406
p1 new coords aa 15.823154814348282, 6.497669095483385, -0.10936268739006214
p1 new coords aa 16.06273298044468, 6.792874429595833, -0.21641900614942844
p1 new coords aa 16.003665410662812, 6.624307588787179, 0.04640333506882954
p1 new coords aa 15.881317159279051, 6.692758258741967, 0.044997921209805995
p1 new coords aa 16.001341900676415, 6.564091747901589, 0.4135605671783022
p1 new coords aa 16.07569212869261, 6.589451464272, 0.14135749614049986
p1 new coords aa 15.83061314955217, 6.7120613478084685, 0.2572322950440956
p1 new coords aa 15.58280867631808, 6.924587804713697, 0.14322150141036852
p1 new coords aa 15.469202557972428, 7.046344344772444, 0.17667069187917783
p1 new coords aa 15.293763534314555, 6.975587418290777, 0.2504330080904816
p1 new coords aa 15.6093110794582, 6.748742878889221, 0.40514935960545434
p1 new coords aa 15.696388555656002, 6.806996753954127, 0.4283593922385027
p1 new coords aa 15.616533051017512, 6.861409934743541, 0.2240466987549807
p1 new coords aa 15.65474831381983, 6.839267274242148, 0.21512002767035768
p1 new coords aa 15.685953088781579, 6.728197535774994, 0.0617007440973448
p1 new coords aa 15.408522838148754, 6.732727615598274, 0.2667501303331174
p1 new coords aa 15.140707841598028, 6.562329717297229, -0.18247691732665322
p1 new coords aa 15.242132128776099, 6.565595366945754, -0.07401110215387013
p1 new coords aa 15.320048478403729, 6.47361718772059, -0.05871079479946014
p1 new coords aa 15.22365253920925, 6.546869255919522, 0.145122986492799
p1 new coords aa 15.14338342589992, 6.834431877360894, 0.02730716335734726
p1 new coords aa 15.38838109697936, 6.926775142733605, 0.08095416794958107
p1 new coords aa 15.501237380842987, 7.003207064427088, -0.04805467910381647
p1 new coords aa 15.467050597872735, 7.165570774430031, -0.020317763947707464
p1 new coords aa 15.370442403623919, 7.065521895148965, -0.02722806260555535
p1 new coords aa 15.368673768297645, 7.09234523518537, 0.010286695951046036
p1 new coords aa 15.24379952001525, 6.848821651685785, -0.013480143263398112
p1 new coords aa 15.281693741041446, 6.970131218648083, -0.05620847005189612
p1 new coords aa 14.952789536721623, 6.931873766367211, 0.0682720484187846
p1 new coords aa 14.855597477794825, 6.99171370803989, -0.04841812178204098
p1 new coords aa 14.674117822654443, 7.046615053074154, -0.02695228032036115
p1 new coords aa 14.587731286279292, 7.014421257484717, 0.28008902302252214
p1 new coords aa 14.552803926231903, 6.979315599245593, 0.41509010152318143
p1 new coords aa 14.162400660508, 6.933628685680703, 0.1564970360165624
p1 new coords aa 14.079901121969538, 6.97741055901399, 0.2686180553229512
p1 new coords aa 14.050976048945591, 6.972113402835383, 0.34418252406110394
p1 new coords aa 14.092650439472257, 7.1371858746740235, 0.15191355904127862
p1 new coords aa 14.013359816094944, 7.266515175387545, 0.2677567139733414
p1 new coords aa 14.026976434469962, 7.247681009020559, 0.16457868889277777
p1 new coords aa 14.057391567606146, 7.3153524604330835, 0.33588975184118497
p1 new coords aa 14.194024587683108, 7.17675832149219, 0.07801265095642695
p1 new coords aa 14.027237376958286, 7.194398759155909, 0.025810427556815813
p1 new coords aa 14.002322315340002, 7.493315906812262, 0.16431421066168836
p1 new coords aa 14.118512073208086, 7.565822371944927, 0.23041471674475228
p1 new coords aa 14.242902090242703, 7.5071048227312875, 0.22362077922247212
p1 new coords aa 14.279256815328553, 7.629607040243883, 0.06590007478639917
p1 new coords aa 14.229771559716395, 7.474209167568024, 0.2461259351617986
p1 new coords aa 14.204455664406247, 7.535231705865897, 0.16272139431403385
p1 new coords aa 14.328486634165538, 7.637286381380866, 0.020033196206831166
p1 new coords aa 14.212881912411714, 7.582517890451727, -0.10071748473835379
p1 new coords aa 14.20042949973542, 7.837622371846113, -0.004844257160649082
p1 new coords aa 14.106496515177032, 7.983481621114381, -0.15038534565932393
p1 new coords aa 14.035622942568097, 7.854851555532554, -0.37646265913645566
p1 new coords aa 14.073138077335505, 7.774170774076199, -0.17049873927336207
p1 new coords aa 14.097551874123559, 7.460579791126648, 0.04957656662371612
p1 new coords aa 14.038679007106452, 7.647820858521493, -0.09958187429313026
p1 new coords aa 14.044526671875085, 7.6367802972552985, -0.23538651361952426
p1 new coords aa 14.220799471119706, 7.789388002544524, -0.06945646932432364
p1 new coords aa 14.28154391073053, 7.667231628278075, 0.03040185689273109
p1 new coords aa 14.288693918070441, 8.024602979139772, 0.17432731576223143
p1 new coords aa 14.29370209175536, 7.9889856759504685, 0.06849633718153275
p1 new coords aa 14.407682090360899, 8.141612149348637, 0.02399083483785202
p1 new coords aa 14.49826119029962, 8.04226979578366, 0.04511308436636572
p1 new coords aa 14.380004195126517, 8.118396489128612, 0.08995481433191957
p1 new coords aa 14.364540334898454, 8.001350938621824, -0.003926918731703796
p1 new coords aa 14.401557120175909, 8.210511273155417, 0.0453138566003851
p1 new coords aa 14.291169580512271, 8.265275999333282, -0.1521948725675517
p1 new coords aa 14.529881903518149, 8.072246904597982, -0.069451944940884
p1 new coords aa 14.54508726012863, 8.27131135440587, -0.14947521988999068
p1 new coords aa 14.723844757751733, 8.357497975906918, 0.18177638653601447
p1 new coords aa 14.655396646996353, 8.12716441510407, 0.3325589921704789
p1 new coords aa 14.531593147623207, 8.268313898552844, 0.18663857172975987
p1 new coords aa 14.377708218506182, 8.019757873501487, -0.12102409190769628
p1 new coords aa 14.321752576813102, 7.748816259545138, -0.11243615437987908
p1 new coords aa 14.183571320749955, 7.9066455734144325, -0.03174920920770087
p1 new coords aa 14.41668705360287, 8.08866988682244, 0.06770079030467406
p1 new coords aa 14.247559396322337, 8.092491077513808, 0.11630687877919108
p1 new coords aa 14.441484939897025, 7.938805829129106, 0.06838567623718324
p1 new coords aa 14.443944659463508, 7.80183982970592, 0.09503873668748701
p1 new coords aa 14.472020278340006, 7.834680483296046, 0.252441698575256
p1 new coords aa 14.277290154894812, 7.6922032940985385, 0.3923042946059959
p1 new coords aa 14.146449222042115, 7.887070567593099, 0.49288696809632637
p1 new coords aa 14.000329362020388, 7.653529859647869, 0.3405206355786414
p1 new coords aa 14.149202566554061, 7.742645700915508, 0.15434884683502045
p1 new coords aa 13.717589823457743, 7.886900617202877, 0.06327269032487051
p1 new coords aa 13.703640532589288, 8.023460107144215, 0.11046924958907901
p1 new coords aa 13.474226790838342, 8.293718191569143, -0.04629584209126615
p1 new coords aa 13.580503733021622, 8.226590394099553, 0.20204136799933914
p1 new coords aa 13.432597914464491, 8.357626914443584, 0.1449855451707571
p1 new coords aa 13.371950377733379, 8.266292167934852, 0.03259471409790321
p1 new coords aa 13.158938152180395, 8.414476852073342, -0.15575428209515157
p1 new coords aa 13.105657462304384, 8.554739395138014, 0.018972136932341788
p1 new coords aa 13.005103076595516, 8.683638450264995, 0.20652782533010305
p1 new coords aa 13.092114991040475, 8.63120993690438, 0.14090129639252755
p1 new coords aa 13.353425364302614, 8.568611062329207, 0.13194455314392997
p1 new coords aa 13.41965078964982, 8.424975012019164, 0.07807100001869882
p1 new coords aa 13.337029178481563, 8.365925654480263, -0.017254352767179265
p1 new coords aa 13.18457262660929, 8.443923737308152, -0.16802028559017562
p1 new coords aa 13.044073552988172, 8.555963389554966, 0.060780109857412334
p1 new coords aa 13.128572950349731, 8.621166251034927, -0.2819136286492536
p1 new coords aa 13.182114004885223, 8.662852601929595, -0.3176554649188267
p1 new coords aa 13.107830831479268, 8.465752422820117, -0.017834847543506283
p1 new coords aa 12.99192131962057, 8.103815928508093, -0.004684505523919781
p1 new coords aa 12.980837301938484, 8.260042792038346, 0.025397349252524636
p1 new coords aa 12.74736276107167, 8.269176855490898, 0.07611543421193613
p1 new coords aa 12.838092129567773, 8.201724067215396, -0.08925402110147888
p1 new coords aa 12.894877364783758, 8.294067039074049, -0.09353504052311024
p1 new coords aa 13.008619716795195, 8.391417622104747, -0.008850321569675884
p1 new coords aa 12.920626918494667, 8.384065750942643, -0.03621593825119765
p1 new coords aa 12.914995138629065, 8.404618138178181, -0.098758909694036
p1 new coords aa 12.888611936908026, 8.41636594349027, 0.010309560978045723
p1 new coords aa 12.7764731011677, 8.261979036491503, 0.06838762086498361
p1 new coords aa 12.936946183323457, 8.346156046922124, 0.17507651121764822
p1 new coords aa 13.048341182981657, 8.342894678269335, -0.3090327827040137
p1 new coords aa 13.270663204399382, 8.388752632648716, -0.22527287868612278
p1 new coords aa 13.219103461848082, 8.395713569913324, -0.0602142373555023
p1 new coords aa 13.227293457295731, 8.217064687473444, -0.1410393035440759
p1 new coords aa 13.137484619431126, 8.179849990473683, -0.13484990828255106
p1 new coords aa 13.149285817733357, 8.140407939987634, -0.3793105677507768
p1 new coords aa 13.683285309514336, 7.93650766414637, -0.28476451046053597
p1 new coords aa 13.683048749793567, 8.177366215316493, -0.04212863271653411
p1 new coords aa 13.510302595511595, 8.258584395340748, 0.25919711170060006
p1 new coords aa 13.279456353672638, 8.460970176039885, 0.29670358523721896
p1 new coords aa 13.266294524559111, 8.460724468518313, 0.1230920463966226
p1 new coords aa 13.27745918239322, 8.384169906815682, 0.29759595977064257
p1 new coords aa 13.232983760923839, 8.765588795516567, 0.0011544770968955897
p1 new coords aa 13.238964497494289, 8.675453232324454, 0.18634991495901077
p1 new coords aa 13.18020963415366, 8.620879400140465, -4.289147726658782E-4
p1 new coords aa 12.910440040529803, 8.581102235502655, 0.04071476011722208
p1 new coords aa 13.059799800087124, 8.624653735310662, -0.06723775312955219
p1 new coords aa 13.134579600493405, 8.706979023974215, -0.1638708619779609
p1 new coords aa 13.185154876695234, 8.633328864721378, -0.2631090554378414
p1 new coords aa 12.967972359288686, 8.556461036132612, -0.43990514408517084
p1 new coords aa 12.851369000182983, 8.557040652984112, -0.5293691289496407
p1 new coords aa 12.97986178933763, 8.342884535152699, -0.416866281719034
p1 new coords aa 13.048696293101639, 8.450675427932792, 0.15095042349394577
p1 new coords aa 12.986197062753497, 8.371895002178567, 0.18462725756945603
p1 new coords aa 12.938833295126981, 8.34497169606398, 0.21121340546851802
p1 new coords aa 13.036825246071281, 8.259559690238797, 0.09836486128293377
p1 new coords aa 12.88393864189084, 8.282177287379522, 0.18271600743992145
p1 new coords aa 12.952447889646256, 8.256793443904716, -0.13790757779444096
p1 new coords aa 13.050425885811249, 8.29656461207341, 0.1030013109853426
p1 new coords aa 12.977195573050126, 8.23536734256227, 0.16016588549725044
p1 new coords aa 13.277561964092401, 8.227392984878716, 0.06909169249703127
p1 new coords aa 13.333063959892218, 8.536245762378279, 0.03159017484918597
p1 new coords aa 13.489207220291224, 8.156116935797083, -0.09932621346191137
p1 new coords aa 13.597179988342702, 8.209185280953765, -0.3800535037988757
p1 new coords aa 13.802096738632365, 8.36664855153734, 0.004634773289787675
p1 new coords aa 13.764331601625502, 8.510033520393867, -0.04256687923363848
p1 new coords aa 13.734414925513702, 8.58156747412392, -0.3173681187557318
p1 new coords aa 14.03309428981117, 8.558725490207365, -0.07893523300217675
p1 new coords aa 14.042323689263704, 8.569853668509127, 0.06755920410577962
p1 new coords aa 13.998269839002601, 8.334851387651591, -0.04316602070587336
p1 new coords aa 13.849238927371958, 8.373701076009384, -0.24983825417900135
p1 new coords aa 13.540390902963285, 8.538759513318785, -0.3501491338050515
p1 new coords aa 13.503709950358392, 8.603833447142769, -0.28121405168488517
p1 new coords aa 13.607811801488632, 8.582427018351533, -0.1498645586631309
p1 new coords aa 13.97961670810918, 8.514287163651918, -0.17730763061977275
p1 new coords aa 14.07873316403457, 8.715121284006361, 0.2536504489808402
p1 new coords aa 13.985400250150159, 8.841401475755053, 0.07047400343129406
p1 new coords aa 14.078277615257324, 9.084923569793629, 0.1140758561025752
p1 new coords aa 14.030234262813469, 8.968182746187505, -0.06623792253779381
p1 new coords aa 13.907535639837315, 9.04347224860552, -0.16640104051276122
p1 new coords aa 13.814303958231367, 8.949756937451655, -0.2860137712752801
p1 new coords aa 13.958311538444786, 8.925582848648869, -0.4175931026855567
p1 new coords aa 13.667039390617003, 8.706615737804627, -0.3862400144210598
p1 new coords aa 13.778545292784223, 8.704241366448867, -0.25042432651241187
p1 new coords aa 13.7757915705954, 8.667598446636116, -0.24371275117361507
p1 new coords aa 13.855645474624962, 8.489903535167668, -0.2338963240184121
p1 new coords aa 13.882614324301159, 8.388860181281222, 0.07454715632703351
p1 new coords aa 13.937162008935449, 8.463085383692707, -0.019624648418416712
p1 new coords aa 13.992438412502022, 8.42394035184868, -0.1390360761488888
p1 new coords aa 14.408996186078955, 8.579783950650887, 0.03674798389586409
p1 new coords aa 14.52049616923321, 8.379167910614331, 0.04696364479293778
p1 new coords aa 14.48856500063057, 8.440280453180362, 0.14728415187121682
p1 new coords aa 14.457437612114381, 8.40923751492425, 0.23071232916521517
p1 new coords aa 14.495853498780226, 8.383848586300886, 0.06781001499132508
p1 new coords aa 14.719470733013132, 8.296609427386915, 0.09317683402114157
p1 new coords aa 14.71810381378407, 8.415439640098503, 0.13774196632620733
p1 new coords aa 14.496287807239545, 8.47705211729371, 0.16219391014390677
p1 new coords aa 14.39098932709362, 8.389161578125572, 0.019435572058708217
p1 new coords aa 14.34703417129029, 8.579176985324745, -0.016702247218041998
p1 new coords aa 14.434750336539164, 8.672923746151218, 0.14022661275573833
p1 new coords aa 14.463245892912813, 8.479991047462757, 0.04825880129075735
p1 new coords aa 14.510144609320621, 8.389626194385063, 0.004509379728326587
p1 new coords aa 14.339556816442325, 8.358017614551834, -0.08222911825133689
p1 new coords aa 14.198828317284969, 8.449982127677348, -0.027832193662532673
p1 new coords aa 14.170355923926222, 8.47245333974553, 0.27393514540337505
p1 new coords aa 13.988302099004603, 8.460682642029772, 0.15801948687634385
p1 new coords aa 13.599081702634898, 8.2853572278181, 0.1826486151177582
p1 new coords aa 13.544388468921055, 8.050279240456808, -0.0062364254849325285
p1 new coords aa 13.58996309595489, 8.051321558975692, 0.17573374269638076
p1 new coords aa 13.51160595139202, 8.30354997470406, 0.0855419019102187
p1 new coords aa 13.566911471308334, 8.109599884746812, 0.10818582373946435
p1 new coords aa 13.390885766685896, 8.143037278676356, -0.06824838391191569
p1 new coords aa 13.163014189927875, 8.05025691475029, 0.1376747761528644
p1 new coords aa 13.058376686755368, 8.089465087062523, -0.05072861561659267
p1 new coords aa 13.160815328973365, 8.256326434887695, -0.009569400069822445
p1 new coords aa 12.948217931353225, 8.193384200696261, 0.2882751233759223
p1 new coords aa 13.00983495228477, 8.174623061126866, 0.15236251635929982
p1 new coords aa 13.097924556664015, 7.949115261796526, 0.14209741792231934
p1 new coords aa 13.0988071412231, 8.053416251999678, 0.07028289868690704
p1 new coords aa 12.933803417632245, 8.067924718039839, 0.04042179868574827
p1 new coords aa 12.809764531358677, 7.811111869132344, -0.044903327049224395
p1 new coords aa 12.750300527400086, 7.642245595648727, -0.047991935567654034
p1 new coords aa 12.90881247535216, 7.775942607393481, 0.058818549382487956
p1 new coords aa 12.59184479758701, 7.928302121135617, -0.11460146019210848
p1 new coords aa 12.638588171517235, 8.058619939392589, -0.11114082850601256
p1 new coords aa 12.760498805178226, 8.070952636731684, -0.24470205515706242
p1 new coords aa 12.721865006427983, 8.348038109038562, -0.4060657057445737
p1 new coords aa 12.636126500710938, 8.524672307974242, -0.16515372949926704
p1 new coords aa 12.748974581813997, 8.47325099412187, -0.14277055735797292
p1 new coords aa 12.817563428279646, 8.472764827814235, 0.005959105898121125
p1 new coords aa 12.762521423137487, 8.665140809419535, -0.06430994752580145
p1 new coords aa 12.929547065080623, 8.844197257582318, -0.13127798429121415
p1 new coords aa 12.932445609312936, 8.977620046643109, 0.06385297926809622
p1 new coords aa 12.834899734646113, 9.135180731708333, 0.011327372345500047
p1 new coords aa 12.920972940312843, 9.020463500154198, -0.026779092999905524
p1 new coords aa 12.834430408042376, 9.168634128817962, 0.205277144491418
p1 new coords aa 12.837105515850013, 9.189823437354445, 0.22891397094216526
p1 new coords aa 12.74272186718106, 9.107581461764502, 0.03616970432005434
p1 new coords aa 12.698224207795656, 9.087104526669167, 0.2586627001954662
p1 new coords aa 12.905574696311195, 9.19644422506944, -0.00210907347814282
p1 new coords aa 12.956819970547052, 9.07906151999202, -0.0722858417569459
p1 new coords aa 12.940752055049645, 9.09478785517582, -0.1467515450845462
p1 new coords aa 12.90862999906103, 9.041089820847862, 0.04436086796358377
p1 new coords aa 13.017419179838665, 9.099388136327738, 0.15076003447121863
p1 new coords aa 13.082853648130515, 9.216269683218687, -0.14623799774780413
p1 new coords aa 12.930744883190775, 9.00914086604769, -0.1728566735229864
p1 new coords aa 12.899038919620347, 9.088548601644181, -0.14734883700874235
p1 new coords aa 12.772778961982812, 9.067110671815659, -0.21846149304483492
p1 new coords aa 12.848099533874295, 9.386922469633372, -0.2846834717316679
p1 new coords aa 12.828681722182772, 9.369272497571664, -0.08446759161925868
p1 new coords aa 12.94981509397141, 9.462445444022872, -0.21478155378943845
p1 new coords aa 12.842804743543095, 9.434988633240062, -0.1526927984850102
p1 new coords aa 12.958531790064175, 9.326797720685043, 0.012758625696199982
p1 new coords aa 12.919531582752178, 9.612516149224591, 0.03643115974637891
p1 new coords aa 13.054581980041709, 9.608266266319234, -0.11005841741303461
p1 new coords aa 12.952885341462737, 9.348031503314294, 0.001842307822123343
p1 new coords aa 12.870095045714097, 9.38360703124923, -0.05911718943672838
p1 new coords aa 12.857225495544638, 9.1171544470922, 0.1416948713361105
p1 new coords aa 12.976932665628885, 9.199127316769763, 0.33698858604200044
p1 new coords aa 12.996931128240357, 9.169830872286479, 0.32015173013041737
p1 new coords aa 12.845757968076127, 9.050489785064107, -0.04508600465436802
p1 new coords aa 12.858097581788103, 9.319856747327513, -0.07175453008340074
p1 new coords aa 12.850896645127733, 9.511834636990043, 0.08734041202972087
p1 new coords aa 12.756361766960419, 9.367329409807388, -0.03821606473999822
p1 new coords aa 12.781199215754185, 9.391898220846896, -0.18987379700931156
p1 new coords aa 12.886966107074796, 9.473716096913384, 0.14538897077573804
p1 new coords aa 12.91198511409614, 9.582061136843977, 0.06922323236327947
p1 new coords aa 12.918835235163998, 9.84807127481202, 0.03239656992895795
p1 new coords aa 12.871851559779024, 9.90823277772549, 0.12038413292042027
p1 new coords aa 12.637667998717374, 9.992325374948724, 0.10009108499700209
p1 new coords aa 12.905057442523551, 9.962192479998603, -0.018269680295290414
p1 new coords aa 12.99516391350903, 10.007717769056232, -0.05008836176807463
p1 new coords aa 13.093500210251932, 10.24308137258671, 0.1165978085089868
p1 new coords aa 13.050993956876836, 10.275359775696202, 0.21122848746139633
p1 new coords aa 13.054092216135901, 10.403767744189564, -0.13848792546970423
p1 new coords aa 12.98328486953422, 10.338441171820392, -0.10657279317906627
p1 new coords aa 12.895899603122198, 10.229643703190177, 0.08345480988576974
p1 new coords aa 13.039112519586153, 10.222739911523043, -0.03973697174001464
p1 new coords aa 12.967184663994646, 10.24594176814105, -0.03551046557617242
p1 new coords aa 12.953959219463954, 10.168656564334349, -0.1500071289371398
p1 new coords aa 12.949308139051178, 10.021714732609995, -0.26696288939990953
p1 new coords aa 12.719842852914475, 9.822239691426267, -0.0497251772290187
p1 new coords aa 12.742944165727065, 9.916053487007751, -0.17898800062764014
p1 new coords aa 13.006949475316338, 9.884826746100062, -0.16594975122530933
p1 new coords aa 13.05224395280097, 9.993824587003239, -0.37486136483510624
p1 new coords aa 12.901509059399517, 9.765785611215279, -0.06983880594087089
p1 new coords aa 13.053609495965283, 9.6667465200388, 0.15394075174260066
p1 new coords aa 12.969332264535376, 9.66295158617533, 0.05051829574727826
p1 new coords aa 12.997096433694676, 9.69713681687572, 0.026289706871008664
p1 new coords aa 13.207788826457747, 9.489664083633645, -0.301935962117453
p1 new coords aa 13.322416848231871, 9.352400645621522, -0.12313682510892868
p1 new coords aa 13.448814426226896, 9.138071228337246, -0.046802952910465614
p1 new coords aa 13.604890011502398, 9.064979638065, -0.20408578334762895
p1 new coords aa 13.585892225658577, 9.00606140664605, -0.07389308094485791
p1 new coords aa 13.445731552542673, 8.991483905667046, 0.08024333845487996
p1 new coords aa 13.284461422738119, 9.023097956908419, 0.09828498053053572
p1 new coords aa 13.189122217779229, 9.07845543038872, -0.009712298683725445
p1 new coords aa 13.231346964124906, 9.249141272568496, 0.039623940209136004
p1 new coords aa 13.34069787876775, 9.211524176228513, 0.09043292934964414
p1 new coords aa 13.168320310206381, 9.178330671065995, 0.24390446366338972
p1 new coords aa 13.129909040631055, 9.239071121297496, -0.15054502313467436
p1 new coords aa 13.415421706981082, 9.223055875050672, -0.3446697133352331
p1 new coords aa 13.521026323551366, 9.131670701928693, -0.28133299475767826
p1 new coords aa 13.573686540672494, 9.144609145840136, -0.028186402127416854
p1 new coords aa 13.60350357963602, 9.360887413236636, -0.20774317224613315
p1 new coords aa 13.56128522050977, 9.681923513365945, -0.41003399934108314
p1 new coords aa 13.618419087785364, 9.578588771562561, -0.4421066363776557
p1 new coords aa 13.864587385040243, 9.818195701909215, -0.08318771878827408
p1 new coords aa 13.85111167511186, 9.864297074170068, -0.18871669365594695
p1 new coords aa 13.883026946767695, 9.679934395786033, -0.19991056965082593
p1 new coords aa 13.78785963369025, 9.533681004383887, 0.13588700355911237
p1 new coords aa 13.75124247791205, 9.881493819604175, 0.2323501681224648
p1 new coords aa 13.659238633042802, 10.203035995957723, 0.006434880032497758
p1 new coords aa 13.625667192947938, 10.24976627936862, -0.38496475884008996
p1 new coords aa 13.71856079265258, 10.43146479412967, -0.33470922896180905
p1 new coords aa 13.495006542070008, 10.377384234600619, -0.329562740826715
p1 new coords aa 13.431356952721874, 10.405555925889303, -0.3536622146667585
p1 new coords aa 13.710410101838669, 10.278850570966373, -0.38435889645648524
p1 new coords aa 13.689902743362632, 10.212773507624183, -0.25156430241638766
p1 new coords aa 13.672091206322667, 10.21099389363638, -0.2220988816034183
p1 new coords aa 13.817903995221268, 10.308408591442634, 0.04043081599680817
p1 new coords aa 14.173253928377974, 10.412270673902295, -0.13096099849530243
p1 new coords aa 14.51372230512457, 10.54782132214973, -0.005093049397079802
p1 new coords aa 14.630987425146605, 10.60785795572842, 0.22148709496216554
p1 new coords aa 14.534140653446299, 10.131811118900943, 0.2546815440762078
p1 new coords aa 14.208877887258298, 10.149728352195797, 0.17963245260046118
p1 new coords aa 14.253324466745244, 10.113261471458875, 0.1882910919727423
p1 new coords aa 14.203044961390628, 10.012632523890812, 0.154886401141331
p1 new coords aa 14.439329225612152, 10.017216266171316, 0.25182887913734664
p1 new coords aa 14.463920298374715, 10.031718644664062, 0.004294273655453734
p1 new coords aa 14.466486821702706, 9.93661706608722, -0.1690358186320638
p1 new coords aa 14.32894682657919, 10.132871108687887, -0.09297465237685353
p1 new coords aa 14.333498577189808, 10.53960005731995, -0.14802571271476578
p1 new coords aa 14.327980102734545, 10.53727335630483, 0.17741860270035742
p1 new coords aa 14.298434517780374, 10.482428447071834, 0.3547170231502214
p1 new coords aa 14.117794241818089, 10.444675713820828, 0.13824907923060004
p1 new coords aa 14.117865923651278, 10.37315569302394, 0.13442240192883262
p1 new coords aa 14.166977882201667, 10.460501914272932, -0.03340370716731281
p1 new coords aa 13.982424542009545, 10.366772634430257, -0.02883894672157461
p1 new coords aa 14.136139163115255, 10.551577085176767, -0.06786796639101625
p1 new coords aa 14.091892949933456, 10.385373815145188, 0.3001424849156734
p1 new coords aa 14.149335504366459, 10.080889866478126, 0.135192700621408
p1 new coords aa 13.740692373863187, 10.43943903712725, -0.06584149620327037
p1 new coords aa 13.552792078041454, 10.544323694065875, -0.042442473506825895
p1 new coords aa 13.550064514813544, 10.696464587912214, -0.1695344610055385
p1 new coords aa 13.51100464066386, 10.69536880977117, -0.004797155641536044
p1 new coords aa 13.472098697157332, 10.762778971015434, -0.1493930261286203
p1 new coords aa 13.618808027036719, 10.859838072132638, 0.05151319996764955
p1 new coords aa 13.656671242814053, 10.626283098986429, -0.11254877778021771
p1 new coords aa 13.762592255812992, 10.894558860693804, -0.05591589552290066
p1 new coords aa 13.722979067561726, 10.733706362799506, 0.13469705657701297
p1 new coords aa 13.646340733712124, 10.88638004724031, 0.11315843823499715
p1 new coords aa 13.508619162569653, 10.998542587987762, 0.18872191193175947
p1 new coords aa 13.345754109457102, 10.975943928306183, 0.06419515619899084
p1 new coords aa 13.424286070885634, 10.995930670959801, -0.2144120917782138
p1 new coords aa 13.450231328568746, 10.91883155618652, -0.2315268674669172
p1 new coords aa 13.255646238611826, 10.811700026488928, -0.05484858455132913
p1 new coords aa 13.082282928007556, 10.68246122692177, 0.10746303840238189
p1 new coords aa 13.264882726369988, 10.699819695584505, 0.03515566752496055
p1 new coords aa 13.031484005137203, 10.523660320994212, -0.20148944669937838
p1 new coords aa 12.884469702326125, 10.455096878358145, -0.06151270928153682
p1 new coords aa 12.86973921275986, 10.550797324158403, 0.10164555817386081
p1 new coords aa 13.117275010404914, 10.60174570027967, 0.03878955486516225
p1 new coords aa 13.229631543612093, 10.608239970493837, -0.013582407568024708
p1 new coords aa 13.174506213449927, 10.696986804895877, -0.09285788775240361
p1 new coords aa 13.084593349155137, 10.612858830752357, -0.2624406744296571
p1 new coords aa 12.911953361468727, 10.730769895228915, -0.24335698096441577
p1 new coords aa 13.01670800451101, 10.668086758138216, 0.04158323480395204
p1 new coords aa 13.035860161816045, 10.759605879163354, 0.13285042438438055
p1 new coords aa 12.955725264414664, 10.669708838572005, 0.14467284743717343
p1 new coords aa 13.086089613857798, 10.860527425000557, 0.2491389593261018
p1 new coords aa 13.180956722538456, 10.852317712739977, 0.16549753346435908
p1 new coords aa 13.306214232769245, 10.890693210764685, 0.1567885786445756
p1 new coords aa 13.128741292521577, 10.848896980787615, 0.24243515721040415
p1 new coords aa 13.107704192205016, 10.78886254838402, 0.3614358863901737
p1 new coords aa 12.816535287062365, 10.648025297384997, 0.16457122579289687
p1 new coords aa 12.824301444813353, 10.720080685806389, 0.1631293119277612
p1 new coords aa 12.751253466232546, 10.490947627560812, -0.03562586624598779
p1 new coords aa 12.63120675513827, 10.475170368647486, -0.1493615007341207
p1 new coords aa 12.69078008625207, 10.586526545697978, 0.06100902714528797
p1 new coords aa 12.7084271297592, 10.738383927110297, 0.25691296847820844
p1 new coords aa 12.71067929752125, 10.867769805311315, 0.136483184581284
p1 new coords aa 12.44649260512502, 10.960877259294941, 0.07384120445981095
p1 new coords aa 12.51361139837058, 10.953416561741129, 0.05449120066504636
p1 new coords aa 12.442471472324604, 10.905235986629982, 0.006081140160148768
p1 new coords aa 12.35431656866751, 11.03020188309644, 0.08383412057029478
p1 new coords aa 12.435339084180718, 11.218358524317702, 0.1687100233050704
p1 new coords aa 12.486209045028811, 11.530532856819844, 0.1488102342275503
p1 new coords aa 12.618782680884125, 11.627198265763592, 0.49921246099556593
p1 new coords aa 12.56531088120934, 11.643854379927424, 0.24665249351598328
p1 new coords aa 12.452280804092448, 11.821872355997979, 0.3405327315767895
p1 new coords aa 12.246960501051099, 11.855141602361519, 0.44627354704520933
p1 new coords aa 12.449607250690127, 11.680843852848048, 0.12103193798290796
p1 new coords aa 12.168683194334978, 11.713132135696728, -0.06807537364742011
p1 new coords aa 12.055110003939822, 11.788079509696757, 0.022486918732364913
p1 new coords aa 12.000673939777057, 11.691978833546736, 0.040818698044896164
p1 new coords aa 12.11687762219893, 11.574210748623903, 0.12464047422631469
p1 new coords aa 12.117442585829794, 11.396563913986823, -0.21315828638959228
p1 new coords aa 12.15301586752601, 11.48215908511851, -0.03127579981325718
p1 new coords aa 12.340698061967029, 11.30857554186484, -0.11578545369296817
p1 new coords aa 12.30410914292634, 11.44853028291324, -0.13523307272338578
p1 new coords aa 12.081940833448693, 11.404640731111517, -0.272085805437151
p1 new coords aa 12.145624971925166, 11.188185232271794, -0.30222888811134585
p1 new coords aa 12.233204395744961, 11.179798714543544, -0.12399593478655435
p1 new coords aa 12.32413867659339, 11.097374112596084, -0.20668660629201682
p1 new coords aa 12.419348253249096, 11.100197741488675, -0.25299560205937455
p1 new coords aa 12.501117397724638, 10.880618566029415, 0.004574920157705276
p1 new coords aa 12.557120979424528, 10.710294608045544, 0.057401246440423534
p1 new coords aa 12.744622084907615, 10.710107061654085, -0.0037244888095850567
p1 new coords aa 12.799982000428656, 10.70113683474232, -0.09889607754401933
p1 new coords aa 12.802153285375958, 10.667033111966239, -0.18650232329141833
p1 new coords aa 12.980966760425519, 10.746507405575858, -0.18138337254283157
p1 new coords aa 13.090319782689967, 10.881342749326345, -0.11306138904784321
p1 new coords aa 13.206557575336056, 10.817105879486741, -0.2590742497112604
p1 new coords aa 13.215734330226214, 10.797342449167816, -0.1861141387914728
p1 new coords aa 12.971608591487378, 10.566355681729343, -0.2201360261927367
p1 new coords aa 12.956104856685904, 10.559425444860103, -0.10265914212018601
p1 new coords aa 12.77032285552411, 10.487060343363657, 0.11347186295045175
p1 new coords aa 12.892966613606205, 10.246600260180935, 0.10656967140899073
p1 new coords aa 13.289402516681927, 10.30153411844992, 0.057872019281237794
p1 new coords aa 13.334236245335992, 10.34320344102092, 0.17997867914290827
p1 new coords aa 13.248969549580591, 10.248811729556104, 0.36749867467333674
p1 new coords aa 13.241963598476127, 10.405036245438941, 0.07617884879445108
p1 new coords aa 13.513440496713462, 10.324063783975344, 0.1289469121648171
p1 new coords aa 13.558455071287902, 10.309353315518962, 0.13661780569988663
p1 new coords aa 13.533952909010175, 10.59859704835569, 0.3043161184862902
p1 new coords aa 13.625709727551525, 10.694852710726394, -0.03976528038636962
p1 new coords aa 13.56100869668826, 10.64355041885927, 0.004196754534711536
p1 new coords aa 13.242652003515868, 10.639582344217235, -0.14413795470395746
p1 new coords aa 13.189808527361858, 10.759204966251735, -0.24484309427412226
p1 new coords aa 13.22232366469754, 10.758760490329028, -0.16661792999964065
p1 new coords aa 13.512099449082175, 10.790477353292609, -0.026659872528035394
p1 new coords aa 13.490439538485662, 10.507060213769746, -0.11206005180786785
p1 new coords aa 13.455965267223238, 10.457509419433595, -0.03834720548355375
p1 new coords aa 13.631483070248475, 10.47040663499986, -0.1792347508991933
p1 new coords aa 13.447003629491808, 10.41053908187335, -0.3073238762907396
p1 new coords aa 13.21420095085208, 10.16194487089175, -0.23646873569021495
p1 new coords aa 12.962644608459719, 10.04875894786697, -0.2231891503444415
p1 new coords aa 12.799706122584205, 9.736274725901675, -0.025018626936591154
p1 new coords aa 13.258196297838325, 9.853671095568323, 0.12610130524825114
p1 new coords aa 13.150860188325035, 9.93752077914748, 0.07124174951541001
p1 new coords aa 13.076466755024496, 9.665671174884684, 0.21059882086157566
p1 new coords aa 13.078001481785783, 9.762898302106308, 0.015526014295025425
p1 new coords aa 13.009204501747924, 9.766604751347648, -0.1335382580554448
p1 new coords aa 12.616535539391613, 9.516812672465605, -0.3437977466232638
p1 new coords aa 12.683507017431024, 9.239757938730081, -0.578776111682707
p1 new coords aa 12.701411426025176, 9.184016534373233, -0.5627714692274476
p1 new coords aa 12.714634937243154, 8.97061363642822, -0.33939351697590636
p1 new coords aa 12.69049491566714, 8.737517520669208, -0.2779548716795461
p1 new coords aa 12.775861475793091, 8.593633126405724, 0.00428556481804937
p1 new coords aa 12.859771812194811, 8.60616483241706, -0.018228842976351578
p1 new coords aa 12.785543513682198, 8.580725413530061, -0.13319565490566923
p1 new coords aa 12.810753222732828, 8.495987254362522, -0.010922094294884666
p1 new coords aa 12.855911622539884, 8.580176876205904, -0.011607434031000691
p1 new coords aa 12.817723395479277, 8.682928976115642, -0.14126972448058311
p1 new coords aa 12.888724681899216, 8.681549719580422, -0.08444809556615623
p1 new coords aa 12.780616885491794, 8.860294671757014, -0.1770850591127947
p1 new coords aa 12.923601438256355, 8.893694454732408, -0.23219002637844732
p1 new coords aa 12.985336483344817, 8.795516613903803, -0.08897786281304709
p1 new coords aa 13.029989342891016, 8.895746677544258, -0.09619377464433213
p1 new coords aa 12.986190540924154, 8.783180652104093, -0.2665407287080541
p1 new coords aa 13.107731541092562, 8.716186048636889, -0.2987941586872696
p1 new coords aa 13.095918982453094, 8.793693525438789, -0.13964390560166803
p1 new coords aa 12.98701370423018, 8.898395174319079, -0.28643008507062095
p1 new coords aa 12.980471818068745, 8.648083236424478, -0.29975220378993256
p1 new coords aa 12.906015993807685, 8.570538012559378, -0.06916379379032073
p1 new coords aa 13.042187224183747, 8.56355879117447, 0.12019574274521777
p1 new coords aa 13.0687133666141, 8.739553187778718, 0.24359215667603623
p1 new coords aa 13.02524940024638, 8.636322123673601, 0.03578939415550342
p1 new coords aa 13.053569828024253, 8.740643753970426, 0.029469416922473325
p1 new coords aa 12.661951893234056, 8.689958311431402, 0.14529296397019115
p1 new coords aa 12.944868318763564, 8.584996558639226, 0.06851200742440883
p1 new coords aa 12.838738935376238, 8.735733927611847, -0.15205085057860893
p1 new coords aa 12.779970496366074, 8.794780333638586, -0.15120758342801666
p1 new coords aa 12.881755750635328, 8.691726015593705, 0.047939129983076256
p1 new coords aa 12.876448224274782, 9.004063490655023, 0.04787338026914087
p1 new coords aa 12.947910048203683, 9.070884940996123, 0.1205660776285825
p1 new coords aa 13.058662247111148, 9.009940258462422, 0.35020764505013263
p1 new coords aa 13.09430111828347, 8.810418019809054, 0.23772906200834815
p1 new coords aa 13.115089598661163, 8.760494991795413, 0.238567120586867
p1 new coords aa 13.002527155311386, 8.626987635511949, -0.1019235280221222
p1 new coords aa 12.852156073016761, 8.422017545051862, -0.2269503043683633
p1 new coords aa 12.85954239385474, 8.451750620547465, -0.41132991297698307
p1 new coords aa 12.652150002452355, 8.383586135105915, -0.1875892113677912
p1 new coords aa 12.480338886488374, 8.401378112940424, -0.2281304747489442
p1 new coords aa 12.38394637608306, 8.451385101791573, -0.053221858664609406
p1 new coords aa 12.415516334498903, 8.744152185868174, -0.016567405604382565
p1 new coords aa 12.446034660839471, 8.671338403666214, 0.04914327800262208
p1 new coords aa 12.665545802353574, 8.937887363623142, -0.07107479500838737
p1 new coords aa 12.624628611672273, 9.052859658707721, 0.06942395126883114
p1 new coords aa 12.49763980935477, 9.075137226347467, 0.007788560003545199
p1 new coords aa 12.394121981670795, 8.962084538314276, 0.01527167296194457
p1 new coords aa 12.358433064390725, 8.863641177236499, 0.07825749401966202
p1 new coords aa 12.389170891803708, 8.512743056162126, 0.0904880808490974
p1 new coords aa 12.325196667005956, 8.59948685521598, 0.022649338979529476
p1 new coords aa 12.412785497405803, 8.588901961654523, -0.03133945920266365
p1 new coords aa 12.376822403037156, 8.491614016924268, -0.17560703234423
p1 new coords aa 12.244064357497772, 8.345636147717194, -0.1278201243532695
p1 new coords aa 12.202722957055338, 8.236576679137674, -0.031825232907582074
p1 new coords aa 12.14323374648841, 8.109740422298398, 0.02016781050286455
p1 new coords aa 11.960229732071038, 8.048696756171326, 0.01684721357462807
p1 new coords aa 11.887912762747607, 8.104506190818816, 0.08416094212999545
p1 new coords aa 11.737749697904672, 8.258513187095836, -1.2277484532834115E-4
p1 new coords aa 11.96416543526941, 8.29164185271382, -0.012950480022092908
p1 new coords aa 11.947468505036507, 8.267949154835076, 0.18440503848782436
p1 new coords aa 11.759519703866582, 8.21615203869339, 0.011734148109199122
p1 new coords aa 11.957692404183536, 8.019770261145798, 0.053345039718105426
p1 new coords aa 11.965101441401986, 8.101206232780985, -0.054707221831784024
p1 new coords aa 11.931358711972031, 8.003665072979755, 0.10051475263168524
p1 new coords aa 11.948313774450382, 7.822426196348478, 0.3112870752609598
p1 new coords aa 11.864990865185813, 7.903818938458208, 0.14177373055779832
p1 new coords aa 12.065858247440094, 7.933676615182356, -0.16286972874130248
p1 new coords aa 12.15977086555756, 7.744282847811587, -0.15044782426235515
p1 new coords aa 12.30359460984357, 7.806364190741969, -0.023672393447340345
p1 new coords aa 12.528014441416293, 7.781406157150313, -0.009831550883430722
p1 new coords aa 12.71264334561377, 7.886286062340369, -0.016022054733158504
p1 new coords aa 12.759905556929544, 7.696948522997685, 0.09525022844625256
p1 new coords aa 12.7015671624738, 7.745784055916452, 0.19327118097892687
p1 new coords aa 12.73856995203484, 7.79823426074189, 0.028694786327265326
p1 new coords aa 12.992716739458977, 7.61490538674543, -0.1078227059606559
p1 new coords aa 13.036326559230957, 7.76720869533581, -0.01298541744480984
p1 new coords aa 13.062963328164683, 7.845241843982953, -0.011272940562041065
p1 new coords aa 13.119746021847737, 7.93109564809984, 0.18614242467832998
p1 new coords aa 13.259783314461027, 8.07237899342971, 0.3034208068304537
p1 new coords aa 13.218762994858718, 7.999233527996297, 0.27781554889427423
p1 new coords aa 13.261648415171718, 8.067795917427135, 0.008757846760305221
p1 new coords aa 13.422230819030627, 7.854563539995252, 2.798426479354091E-4
p1 new coords aa 13.432373699750917, 7.929245367397527, 0.04550566566706828
p1 new coords aa 13.646539584471938, 8.080586837354165, 0.146027894612563
p1 new coords aa 13.554970361185514, 8.076147599877553, 0.2829168569010231
p1 new coords aa 13.586902297352667, 7.945349682924784, 0.34206207150543944
p1 new coords aa 13.473484184275936, 7.834558314569712, 0.30881557680659466
p1 new coords aa 13.443472619900325, 8.052199038907148, 0.11228702119570103
p1 new coords aa 13.432095785482634, 8.264975734238217, 0.17816845718272775
p1 new coords aa 13.401380519961313, 8.459697145334696, 0.36283207245754123
p1 new coords aa 13.44054147726665, 8.433805913663614, 0.5098505520640135
p1 new coords aa 13.567160803743436, 8.421097667118701, 0.3222750131681315
p1 new coords aa 13.426162872049238, 8.385979543768077, -0.12395674326525458
p1 new coords aa 13.307057610467414, 8.594154001173068, -0.31960295549118967
p1 new coords aa 13.328794992631602, 8.673670419313664, -0.3276062613097359
p1 new coords aa 13.195879750997173, 8.639874902624625, -0.168130494011284
p1 new coords aa 13.195983764128385, 8.600524967408013, -0.2774351229596443
p1 new coords aa 13.352102260158587, 8.792451931417446, -0.08193033975596284
p1 new coords aa 13.335884318687397, 8.805044529398293, -0.18494110946133682
p1 new coords aa 13.137293443381449, 8.797268831493716, -0.1749272526184818
p1 new coords aa 13.299100169351073, 8.746688528766287, -0.15181498187745007
p1 new coords aa 13.308076280351257, 8.571405745735433, -0.43985879968425223
p1 new coords aa 13.31826286117276, 8.380531385121555, -0.07426012907725232
p1 new coords aa 13.641778864549297, 8.23960437088318, -0.12021954822042422
p1 new coords aa 13.844898521134699, 8.374380523818049, 0.03743981350850539
p1 new coords aa 13.844208556245569, 8.463742234345114, -0.09049868152760765
p1 new coords aa 14.00762015259422, 8.423798051655265, 0.07103591197808237
p1 new coords aa 14.114301410677978, 8.3987072459023, 0.11269788106118175
p1 new coords aa 14.06612064991333, 8.219257990595741, 0.2742961898958366
p1 new coords aa 14.047777506506776, 8.27887697462207, 0.09121664846223584
p1 new coords aa 13.820044190399766, 8.248312965001453, -0.26611442065889457
p1 new coords aa 13.632151526138282, 8.394609317105843, -0.0232340445595772
p1 new coords aa 13.424233462690069, 8.207083146570636, -0.14509991941549638
p1 new coords aa 13.556525538791577, 8.163693858756192, -0.02211966202300658
p1 new coords aa 13.440450618265498, 8.02517234375144, 0.012946515032281662
p1 new coords aa 13.529283473761868, 8.04399489803689, -0.04012066645617714
p1 new coords aa 13.214033401375083, 8.194461075126748, -0.21189873139727328
p1 new coords aa 13.16588534120817, 7.885414900679734, -0.04606128339585086
p1 new coords aa 13.02288401287071, 7.61054441592085, -0.027425795361500933
p1 new coords aa 13.022355812242568, 7.812921772436558, 0.1999558101143056
p1 new coords aa 13.464554212955072, 7.845777362133095, -0.18694908561121656
p1 new coords aa 13.414248882260479, 8.036274926601699, 0.18989283703076323
p1 new coords aa 13.376853635150738, 8.189893189092222, 0.013599659800124342
p1 new coords aa 13.248988989876537, 8.26040978261918, 0.08544827957270316
p1 new coords aa 13.149288987727306, 8.396805573883972, 0.2004447361630959
p1 new coords aa 13.292331318553382, 8.562149835019902, 0.1283906216673052
p1 new coords aa 13.419196705934294, 8.523310626800427, 0.012572000619474
p1 new coords aa 13.495019108964847, 8.65471764094975, -0.09420214957485397
p1 new coords aa 13.526980536426642, 8.572783092970313, 0.010971911268437773
p1 new coords aa 13.661711132713439, 8.594240900234347, -0.21306441890182806
p1 new coords aa 13.595656725498884, 8.899166344096987, -0.31844727892972036
p1 new coords aa 13.506916727250324, 8.871838597406652, -0.3597001737014385
p1 new coords aa 13.370910826196287, 8.856358211163707, -0.375849660162953
p1 new coords aa 13.291844483971067, 9.053607551477578, -0.29951936889161
p1 new coords aa 13.401230256874172, 8.97115779441482, -5.506533839144678E-5
p1 new coords aa 13.107553334900846, 8.884527391758969, -0.03858572986969669
p1 new coords aa 13.008222173367761, 8.755475151627191, -0.08326815732084586
p1 new coords aa 12.855355789244197, 8.919050520114244, 0.08543458458699382
p1 new coords aa 12.995047389860659, 9.25705780207766, 0.45976520032166357
p1 new coords aa 12.934471276084755, 9.345055178382998, 0.30306898486710254
p1 new coords aa 12.82511176192962, 9.376241729653186, 0.2820450437604448
p1 new coords aa 13.02692704773785, 9.534449569383444, 0.30512514130688506
p1 new coords aa 13.095302462818749, 9.169099318474624, 0.290329391256605
p1 new coords aa 12.928678449210171, 9.51396961911935, 0.05908580314740944
p1 new coords aa 12.605944635882159, 9.747554845402048, 0.11328044852885089
p1 new coords aa 12.598713083111576, 9.681937381523742, 0.06022413604083669
p1 new coords aa 12.629688616532382, 9.754080498030035, -0.3521542872836763
p1 new coords aa 12.617857057376213, 9.673118121021853, -0.28274470202985597
p1 new coords aa 12.869202303081526, 9.760013086028389, -0.15544342474198394
p1 new coords aa 12.901203179901394, 9.84644803207558, 0.1199974488245795
p1 new coords aa 12.94991052689675, 9.715097236613474, 0.13332656822026
p1 new coords aa 12.752596855614106, 9.821992823108047, -0.03404872114188301
p1 new coords aa 12.699139823916179, 9.710846624815447, -0.21650917778671047
p1 new coords aa 12.729120550075278, 9.853308261334625, -0.1581465981491526
p1 new coords aa 12.608477923146717, 9.985252004728698, -0.24454832557128003
p1 new coords aa 12.622939630830173, 9.902380496105652, -0.2933560975975288
p1 new coords aa 12.775583679514096, 10.438499982359177, -0.1320882788869733
p1 new coords aa 12.708626616740943, 10.243206341910692, -0.1937533466032916
p1 new coords aa 12.664482579395003, 10.37404497049706, -0.10157363635112523
p1 new coords aa 12.442214592780074, 10.395118409295469, 0.021122876441334454
p1 new coords aa 12.381837638518592, 10.3419602608793, 0.10778125952632966
p1 new coords aa 12.373597406392783, 10.189494287995029, 0.0928833097755347
p1 new coords aa 12.356313034744502, 10.050032560718597, 0.015158640592226477
p1 new coords aa 12.356476709286198, 10.17866785268872, 0.25994114092019455
p1 new coords aa 12.3945673353912, 10.10456926711619, 0.17374277622612117
p1 new coords aa 12.253343579349297, 9.646707501787768, 0.0256933072889603
p1 new coords aa 12.333124813312965, 9.797157034453981, -0.0663378572254042
p1 new coords aa 12.316788276005788, 10.157577907220302, 0.13351030910335357
p1 new coords aa 12.557014562951693, 10.26807917199672, -0.018126800951554972
p1 new coords aa 12.610969830352122, 10.38641145112646, 0.09389358112551806
p1 new coords aa 12.826953014723603, 10.556892962405039, 0.17849809634599967
p1 new coords aa 12.658338791319643, 10.832875961959477, 0.25044047160841876
p1 new coords aa 12.55768083086132, 11.116004572703174, 0.3474302355790804
p1 new coords aa 12.556776156857417, 11.028188658992446, 0.3345333810416774
p1 new coords aa 12.616038630194609, 10.909650849683516, 0.35480252616534047
p1 new coords aa 12.419955531118685, 10.741166581584867, 0.2798697263879658
p1 new coords aa 12.663293185315345, 10.809206008860505, 0.17761292147942853
p1 new coords aa 12.754126541391559, 10.737491657766595, 0.31836142636570186
p1 new coords aa 12.626434942553866, 10.698542777624576, 0.06675985954270924
p1 new coords aa 12.70583142841258, 10.747061258975254, -0.17570246603848816
p1 new coords aa 12.539486046570259, 10.660854619748301, -0.3183706641183201
p1 new coords aa 12.610728305306791, 10.68489258602764, -0.20325644989996744
p1 new coords aa 12.59248297278218, 10.671733039876942, 0.10141725734844104
p1 new coords aa 12.52162640420399, 10.776347229585538, 0.08811641720329036
p1 new coords aa 12.539411885911486, 10.943441124595902, 0.08848019166372831
p1 new coords aa 12.416076825380207, 10.993684716381106, 0.11816594583421935
p1 new coords aa 12.369873326166333, 11.009239002609734, 0.06277865263794682
p1 new coords aa 12.471839755522327, 11.106819181988225, -0.07027269919763549
p1 new coords aa 12.40403523093187, 11.209318793192024, 0.14604356170979518
p1 new coords aa 12.621310012363725, 11.30687408086801, 0.09607148988011857
p1 new coords aa 12.823146141803576, 11.356645086546068, 0.10509543137935862
p1 new coords aa 12.479100666252213, 11.057295655304888, 0.015407035083186513
p1 new coords aa 12.444638109005353, 10.965837698188984, -0.006689317588715181
p1 new coords aa 12.597663686237698, 11.26770766964401, -0.14154393342477026
p1 new coords aa 12.799049471780563, 11.48236031139354, -0.26719700385678335
p1 new coords aa 12.820163279698301, 11.584089584859425, -0.10182880933986854
p1 new coords aa 13.01741067940603, 11.811903777621517, -0.13221200074784148
p1 new coords aa 13.106292717256522, 11.567000578875135, 0.13768179959890384
p1 new coords aa 13.208217412236705, 11.451619179171878, 0.2668986896287885
p1 new coords aa 13.234095159728257, 11.347591921222147, 0.010846413163101865
p1 new coords aa 13.180273708579625, 11.651041256264662, 0.08640895684568267
p1 new coords aa 13.172898100117655, 11.698062206878953, -0.09862034166626238
p1 new coords aa 12.975467059933932, 11.749078957114484, -0.12494740897864093
p1 new coords aa 13.070098557881632, 11.643176017473822, -0.2592904935895385
p1 new coords aa 13.38253752137059, 11.695608791669954, -0.16555050549662953
p1 new coords aa 13.526601343028634, 11.763517808221735, -0.1413153617966215
p1 new coords aa 13.256863624014613, 11.6293712344789, -0.19450507597071995
p1 new coords aa 13.136790453984839, 11.700385013316165, -0.002544751776671711
p1 new coords aa 13.538023237928524, 11.840631605484704, -0.06270361472057391
p1 new coords aa 13.567477676144938, 11.838145424960466, -0.05500520904013677
p1 new coords aa 13.675820444342776, 11.780587506124421, -0.21910675930794488
p1 new coords aa 13.893655297480375, 11.781559405019372, -0.18611194784608032
p1 new coords aa 13.663036883761064, 11.612497017316702, -0.026914405179483986
p1 new coords aa 13.39937508968153, 11.702989192829264, -0.14807610158952936
p1 new coords aa 13.409179650737471, 11.86666354297069, -0.2560926346053698
p1 new coords aa 13.361119806632992, 11.78402076718269, -0.2584150227134231
p1 new coords aa 13.283175915613125, 11.784712227125251, -0.10798069656164175
p1 new coords aa 13.327260501588462, 12.06206921830911, -0.06660227534326871
p1 new coords aa 13.180045221204173, 12.220221785333205, -0.17222746746578252
p1 new coords aa 13.247132281241049, 12.26011868124008, 0.12875260927177026
p1 new coords aa 13.182573826943688, 12.338220811189043, 0.0030633561913525342
p1 new coords aa 13.063812077522265, 12.000858762574778, 0.06614129997275114
p1 new coords aa 13.098758302057842, 12.15107376857196, 0.01788797915559183
p1 new coords aa 13.015914289391304, 11.900815737630234, 0.23852421148461128
p1 new coords aa 12.94395764865194, 11.870595726020168, 0.15348453416171193
p1 new coords aa 12.761074901614421, 11.900882837311809, 0.22726960573248595
p1 new coords aa 12.707265477917952, 12.017851977641582, 0.2221086433306949
p1 new coords aa 12.5859623583117, 11.953855510065871, 0.14940006106028653
p1 new coords aa 12.405831082587353, 11.795178867448461, 0.4392969809692041
p1 new coords aa 12.350846163791285, 11.615236366135566, 0.1479528243439313
p1 new coords aa 12.320879950172328, 11.74431505147787, 0.16935427875053818
p1 new coords aa 12.163436553493002, 11.687903329993171, 0.24376153721035076
p1 new coords aa 12.04769951122016, 12.019322688224934, 0.03786775642453366
p1 new coords aa 12.113779497410478, 12.126096705071598, -0.16113150709581245
p1 new coords aa 11.778942176884595, 12.027997079902056, -0.09780962813731603
p1 new coords aa 11.637324373583748, 12.07008908366356, -0.06248369177452488
p1 new coords aa 11.73791678786585, 12.248655794027314, -0.28921553457088944
p1 new coords aa 11.824609697807142, 11.945483142948781, -0.2230096075326424
p1 new coords aa 11.764358869886605, 12.284625760127334, -0.2235080767854351
p1 new coords aa 11.739535832194793, 12.12244639095759, -0.37604758908179026
p1 new coords aa 11.925957621135957, 12.2894674596015, -0.08340954703185155
p1 new coords aa 11.914882624660994, 12.342519322876658, 0.11899238838479317
p1 new coords aa 11.9215275608199, 12.33364626982704, -0.019111810585690198
p1 new coords aa 12.030626707045778, 12.386297917552135, -0.16240383557490584
p1 new coords aa 12.051319494960973, 12.56525232996655, -0.09383016974609786
p1 new coords aa 12.030835901587611, 12.710332400632668, 0.09312428338550684
p1 new coords aa 11.848936523743554, 12.594830433454753, 0.06774661137780597
p1 new coords aa 11.767358456818148, 12.33258155160465, 0.16671672870560741
p1 new coords aa 12.051880356670134, 12.088178910401872, 0.26742051070652495
p1 new coords aa 12.20412260783121, 12.026178755995861, 0.2641144584020878
p1 new coords aa 12.40217232734789, 11.724286878002395, 0.22277372868370657
p1 new coords aa 12.597625606812592, 11.90265816396775, 0.2035507851838751
p1 new coords aa 12.383649376581959, 11.992433935228151, 0.08326709215249069
p1 new coords aa 12.41647612520584, 12.187906794765148, -0.16116860645944298
p1 new coords aa 12.240203648276031, 12.412194107318243, -0.267484365588982
p1 new coords aa 12.080687349976115, 12.265473807452139, -0.14767057616889334
p1 new coords aa 12.200926096639217, 12.111910023461727, -0.14255971454383298
p1 new coords aa 12.24474973390611, 12.193535448798821, -0.00785729488770448
p1 new coords aa 12.295604472441857, 12.332191882244729, -0.07471805509207165
p1 new coords aa 12.549398110115053, 12.22978868572216, -0.08390589132164192
p1 new coords aa 12.449801398753092, 12.122518166802172, 0.10795272656564914
p1 new coords aa 12.37323084386984, 11.867245898384148, -0.1498923658651708
p1 new coords aa 12.184999943740776, 11.719417979183756, 0.0984285956876858
p1 new coords aa 12.174307036682011, 11.755892130802899, 0.1748034135819357
p1 new coords aa 11.978828164312867, 12.054337290317665, 0.32615992900750357
p1 new coords aa 12.140302693228746, 12.161499140401697, 0.11976544809810671
p1 new coords aa 11.983484574351174, 12.109659897115142, 0.3839518779642933
p1 new coords aa 11.931577169046609, 11.980407933869401, 0.03552342400744324
p1 new coords aa 11.822763259976155, 12.452640597569921, -0.2536489741237244
p1 new coords aa 11.798091532696786, 12.454045167191737, -0.4377220630270836
p1 new coords aa 11.8022027996775, 12.269359533062545, -0.27939176051776093
p1 new coords aa 12.031770813625654, 12.508667222030962, -0.3152270789898199
p1 new coords aa 11.910371928302142, 12.502959109691949, -0.24801742293574813
p1 new coords aa 11.846822374287711, 12.391216524663157, -0.35692165549657034
p1 new coords aa 11.58815705164544, 12.365139465254828, -0.10890331622190258
p1 new coords aa 11.425453852377013, 12.207397155885626, -0.10236668410177605
p1 new coords aa 11.451055987252905, 12.114986514424132, 0.05248006373780986
p1 new coords aa 11.623367762812098, 12.228434244501617, 0.03305843580801956
p1 new coords aa 11.649150179656505, 12.134982705024596, -0.06336384204009685
p1 new coords aa 11.584928231071796, 12.308347492953821, -0.002846511672278236
p1 new coords aa 11.379919560185831, 12.213324931581877, -0.12461785277737053
p1 new coords aa 11.339116066853864, 12.152851495267033, -0.11571345762815362
p1 new coords aa 11.304921550168812, 12.17910415853816, -0.09845675596696274
p1 new coords aa 11.066111230956617, 11.79029238736098, -0.14643281008049447
p1 new coords aa 11.03483073044121, 11.940076927717064, -0.04310753240595852
p1 new coords aa 11.244117984580162, 12.027560723751455, 0.23521337506119164
p1 new coords aa 11.183210875682157, 12.250125045063474, 0.2606001870232696
p1 new coords aa 11.316115968421538, 12.10252266099197, 0.2691690400065637
p1 new coords aa 11.253103352743146, 12.017697690977377, 0.08678748275387893
p1 new coords aa 11.288981417722034, 12.129098375249638, 0.2692482535083039
p1 new coords aa 11.364031249455596, 11.980135039298487, 0.3170404755213032
p1 new coords aa 11.209655868532742, 12.088356894779324, 0.2898574234925815
p1 new coords aa 10.96311822990801, 11.935663492225844, 0.326207484073449
p1 new coords aa 11.076604200063631, 12.03231878807811, 0.307531822750843
p1 new coords aa 11.248558474307602, 12.085921183832319, 0.13337352252884543
p1 new coords aa 10.90481263242522, 11.99216909169385, 0.2977109972827879
p1 new coords aa 10.829500314069488, 12.088868511114839, 0.045719143392758455
p1 new coords aa 10.821034142954476, 12.304193434827221, 0.2691912883503554
p1 new coords aa 10.910819984281922, 12.328357825346588, 0.22817216371154975
p1 new coords aa 10.875964539181641, 12.488883254938953, 0.2982180849021082
p1 new coords aa 10.923563372823875, 12.348398960157985, 0.009660254473778218
p1 new coords aa 10.782332168642396, 12.077441827557339, 0.041900616157093194
p1 new coords aa 10.908784008578271, 12.013833801358201, 0.15540749223298506
p1 new coords aa 10.772437791549383, 11.993908094985727, 0.22816884084449252
p1 new coords aa 10.839942345613354, 11.955441612751814, 0.25812652460312124
p1 new coords aa 11.098873832353565, 11.741097662001465, 0.03506302025250935
p1 new coords aa 10.920588322528564, 11.686569470078668, -0.2059367147762181
p1 new coords aa 10.869154271641321, 11.66158470710988, -0.14006240288341
p1 new coords aa 10.874511680208682, 11.693700116934162, -0.25492270825858304
p1 new coords aa 10.958307752985714, 11.963121290048328, -0.07474913721431625
p1 new coords aa 10.981086520356378, 11.975790319585387, -0.06924977438946575
p1 new coords aa 10.784765514064485, 11.927175254372774, -0.12858635368307877
p1 new coords aa 10.749230113615853, 11.852940128832197, -0.13097784567856505
p1 new coords aa 10.865942315772616, 11.953699145159794, -0.04851251838397469
p1 new coords aa 10.84098686270856, 11.82495659480138, -0.21283486271733112
p1 new coords aa 11.033283429094984, 11.517364917550278, -0.16806614266714362
p1 new coords aa 10.999607151454747, 11.56168601796475, -0.48337887332828056
p1 new coords aa 11.083030297013556, 11.503407277736263, -0.14748615909382012
p1 new coords aa 11.009521196269754, 11.493189342810195, -0.23658915308492373
p1 new coords aa 11.246858467780674, 11.710172520949758, -0.13370280994145486
p1 new coords aa 11.282169557894115, 11.838681386483444, -0.060414228417903476
p1 new coords aa 11.466951521075329, 11.799065708638189, 0.14240217631724936
p1 new coords aa 11.34899396574251, 11.774882560377185, 0.2007348292735604
p1 new coords aa 11.037317804681136, 11.668787292160841, -0.0361849919206218
p1 new coords aa 11.113795552210426, 11.694932375199146, -0.06693657319079716
p1 new coords aa 11.384285744438891, 11.48617084812291, -0.25650697193110555
p1 new coords aa 11.132332202494187, 11.621182398431237, -0.20297362283769255
p1 new coords aa 11.155732619621089, 11.295637282654486, -0.06991177991079553
p1 new coords aa 10.97371315812817, 11.21976143246261, -0.051474010939880376
p1 new coords aa 11.143270696178062, 11.007135510580909, 0.12000290926728294
p1 new coords aa 11.112212936840924, 10.809758615404903, -0.13247570866832373
p1 new coords aa 11.049267531754237, 10.673961309588803, -0.24000531867301017
p1 new coords aa 10.845382925368348, 10.745945596078355, -0.0811375163863211
p1 new coords aa 10.50891710128061, 10.738540896967764, 0.10931186939451443
p1 new coords aa 10.460192953318078, 10.917396697839136, -0.02790316743737334
p1 new coords aa 10.507398818414726, 10.77451654946954, -0.1111519894368509
p1 new coords aa 10.441674735235337, 10.530234010287778, -0.15785425873531633
p1 new coords aa 10.687491623019977, 10.50341045801632, -0.3084263827807557
p1 new coords aa 10.795317664967344, 10.659545248904156, -0.25993069607572694
p1 new coords aa 10.819406468798718, 10.385116337957921, -0.15668926171154965
p1 new coords aa 10.864569160425873, 10.28422817616795, -0.34361645048830425
p1 new coords aa 10.842737276715672, 10.46436924462835, -0.27745361718614725
p1 new coords aa 11.123030193239087, 10.376150152711883, -0.20719870190498685
p1 new coords aa 10.902973927852678, 10.400392295280671, -0.058577334082693916
p1 new coords aa 11.100712787973995, 10.501800153037857, 0.0808780210803886
p1 new coords aa 11.075752440663557, 10.407448140642346, -0.014408250803041173
p1 new coords aa 11.24666259622174, 10.457086707851724, -0.18455570531538776
p1 new coords aa 11.239131857316131, 10.565670858842761, -0.13106372127885396
p1 new coords aa 11.441124578171918, 10.685232245982942, 0.10044070863302818
p1 new coords aa 11.383089083618652, 10.705657500779298, 0.047232128640597025
p1 new coords aa 11.370436749739053, 10.661947272281045, -0.22546929218210157
p1 new coords aa 11.374549210881378, 10.591922147025272, 0.027974872019013913
p1 new coords aa 11.312076414786546, 10.563832982536487, -0.05599380693484801
p1 new coords aa 11.306542722343677, 10.776434514470356, -0.098640183087335
p1 new coords aa 11.15617484167744, 10.981722390699135, 0.06279373822114066
p1 new coords aa 11.13195487601685, 11.177602845110368, 0.08992404701474802
p1 new coords aa 10.958256972056255, 11.351293617804776, 0.10463292035846644
p1 new coords aa 10.691330368896269, 11.342061803712099, -0.039054124175068344
p1 new coords aa 10.736273694698022, 11.376953354460422, -0.2687889216619791
p1 new coords aa 10.600136409361335, 11.297436816923067, -0.05245635927418915
p1 new coords aa 10.564996547487057, 11.351431282192703, -0.015847237851068702
p1 new coords aa 10.609064830978438, 11.14645993085854, -0.02925263759671144
p1 new coords aa 10.530870414145113, 10.864684574240446, -0.2066604665290614
p1 new coords aa 10.705590142939906, 11.017925956484662, -0.2670731063030798
p1 new coords aa 10.750727686942888, 10.87288253097216, -0.22588786612218714
p1 new coords aa 10.498020678475998, 11.068526140375514, -0.022999322860251553
p1 new coords aa 10.894063286152926, 11.074449478781037, -0.1282884748248989
p1 new coords aa 10.983290038587107, 11.068092407140195, -0.17136963304200195
p1 new coords aa 10.986015309274952, 11.07433625605048, -0.13258177879161193
p1 new coords aa 10.921520459976568, 10.95864260982718, -0.027071004210988098
p1 new coords aa 10.749974246316805, 10.797338500026319, -0.29664647556155577
p1 new coords aa 10.780631346139376, 10.975668584892146, -0.22009386525739993
p1 new coords aa 10.863844863875483, 11.10916816248859, -0.0752068321129293
p1 new coords aa 10.859336365024248, 11.242006870568286, 0.03445452484610864
p1 new coords aa 10.884907951209703, 11.406977578661012, -0.2905651459211108
p1 new coords aa 10.842574516237912, 11.404914748652907, -0.3604833126832275
p1 new coords aa 10.758760534201736, 11.554757901627267, -0.6030296594870902
p1 new coords aa 10.801766922814105, 11.6971848932991, -0.4008359358131197
p1 new coords aa 11.036293250376737, 11.53624561512623, -0.23522582431199268
p1 new coords aa 11.246858084581236, 11.566748157286774, -0.3359169459555571
p1 new coords aa 11.334711974148012, 11.215038572436946, -0.3218435964156825
p1 new coords aa 11.644253406473123, 11.29512058792088, -0.41014633045804283
p1 new coords aa 11.221486075201426, 11.103072380588282, -0.14074508016313025
p1 new coords aa 11.148486848387288, 11.446686513165666, -0.08444975696872893
p1 new coords aa 11.358779944581492, 11.297461018721021, -0.26143466442467794
p1 new coords aa 11.300257245396379, 11.336776237259308, -0.10298732957419002
p1 new coords aa 11.492083671277877, 11.445512402128765, -0.007986525637145914
p1 new coords aa 11.299155289020637, 11.48902161941736, -0.04727515288073199
p1 new coords aa 11.096903554090062, 11.462489087401279, -0.15687572072552597
p1 new coords aa 11.117966745382768, 11.656222663106506, -0.05826738284684119
p1 new coords aa 11.065845870372163, 11.542340702675196, -0.13236097807699815
p1 new coords aa 11.056675200988463, 11.196564278712028, -0.07141329248517914
p1 new coords aa 11.28058401048681, 10.926566739437432, -0.11043119142988236
propagatePair
dist: 0.17320508075688712
dist: 0.36702593658822547
dist: 0.46420669984428825
dist: 0.680679779527073
dist: 0.8482528654701594
dist: 0.7863439781318157
dist: 0.55329793171943
dist: 0.6980409145259495
dist: 0.5147978735627609
dist: 0.36572847274680764
dist: 0.47793963644816984
dist: 0.7574852890507402
dist: 0.8925864203345423
dist: 1.1670533472631779
dist: 1.0629875649652316
dist: 1.112341101699853
dist: 1.1360591853370952
dist: 1.1713451161584392
dist: 1.1865091352399977
dist: 1.7140569309443578
dist: 1.8389464436253515
dist: 1.660454330210245
dist: 1.781474286318636
dist: 1.6185954453274767
dist: 1.5380194152215143
dist: 1.602168700572919
dist: 1.3610398972474134
dist: 1.5360631992733922
dist: 1.740629677386723
dist: 2.003130065700141
dist: 2.0298902891858255
dist: 2.1261061718201613
dist: 2.0738082142640475
dist: 1.863961747557078
dist: 1.5273154605950758
dist: 1.4614226302868678
dist: 1.0026823555275444
dist: 1.1347300156258464
dist: 1.0218899512390713
dist: 1.134506337411094
dist: 1.1768404721680847
dist: 1.2690431749018212
dist: 1.496872359268665
dist: 1.4622836009058926
dist: 1.3162116355017879
dist: 1.2885212978021545
dist: 1.094893578652177
dist: 1.408268427299828
dist: 1.6089211194840167
dist: 1.5728458937911607
dist: 1.6856728304776694
dist: 1.8567055233509153
dist: 1.5632671978194166
dist: 1.8074386083048521
dist: 1.775918658904591
dist: 1.742048759515753
dist: 2.1094633924392845
dist: 2.2788526448512614
dist: 2.3154266707937534
dist: 2.534753217452667
dist: 2.5885147219356717
dist: 2.3802434636947494
dist: 2.289952411935904
dist: 2.4268501214511673
dist: 2.3040836808116225
dist: 2.168776609031659
dist: 2.1000821417890156
dist: 2.1420140321687056
dist: 1.8577971787667311
dist: 1.8786955628759106
dist: 1.6789720648765412
dist: 1.670981467315047
dist: 1.2612602789640308
dist: 1.5109157164076483
dist: 1.3044821525958208
dist: 1.5141010293802484
dist: 1.8294663616789648
dist: 1.7257518964581904
dist: 1.847317971672671
dist: 1.9111689400423633
dist: 2.021731962871641
dist: 2.2223943764208847
dist: 1.882136061142938
dist: 1.6637378032207135
dist: 1.3896767529287628
dist: 1.5171534664064954
dist: 1.4737373813330015
dist: 1.4216753417747778
dist: 1.5121090370100534
dist: 1.4639378036208432
dist: 1.0103071649263373
dist: 0.9774908443675002
dist: 1.2982277214585145
dist: 1.5977226734143626
dist: 1.7959786614552424
dist: 1.5676017256652282
dist: 1.9873598603376532
dist: 2.35600629438557
dist: 2.3426405820657665
dist: 2.0718765409764552
[...]
dist: 3.8300455412849845
dist: 3.674975504530369
dist: 3.323613057867981
dist: 3.486039204705687
dist: 3.41926444227621
dist: 3.1725882103515297
dist: 3.084454958035464
dist: 3.1232860569945378
dist: 3.3401854025658797
dist: 3.5517160153807064
dist: 3.5417574036903687
dist: 3.517841361270745
dist: 3.5271011802045256
dist: 3.7419777058091324
dist: 3.8500580228303782
dist: 3.85182213175985
dist: 3.9359272258750466
dist: 3.679834998108525
dist: 3.8556362705252507
dist: 3.9847357214309422
dist: 4.220784989340491
dist: 4.245839450459966
dist: 4.199107427789912
dist: 4.261349241827585
dist: 4.262665336877624
dist: 4.148707794885573
dist: 3.9349600819892276
dist: 3.9430806484511653
dist: 3.73452914816816
dist: 3.548949153530268
dist: 3.4080101703848267
dist: 3.279110986112865
dist: 3.2306332585157094
dist: 3.389443728184038
dist: 3.7188039372370016
dist: 3.646382446593417
dist: 3.8628134540820476
dist: 3.8406088689085345
dist: 3.9109625751028956
dist: 3.9518341761352747
dist: 3.7583889430302824
dist: 3.7496338737401134
dist: 3.8373307063802606
dist: 3.7567260967957825
dist: 3.6569047318486962
dist: 3.4632572101334493
dist: 3.6868815440669667
dist: 3.3300411246720434
dist: 3.222257967963153
dist: 3.098553821924361
dist: 3.0958421104536153
dist: 3.476932706996277
dist: 3.17128821643577
dist: 3.4717141081069127
dist: 3.3595582484681774
dist: 3.5397904857862366
dist: 3.704120847982809
dist: 3.779690213350632
dist: 3.6860221760726897
dist: 3.7075920454783504
dist: 3.818430679231426
dist: 3.834872763852851
dist: 3.645412596665308
dist: 3.59797196754303
dist: 3.6967069005312934
dist: 3.4659705448566864
dist: 3.27829978250408
dist: 3.2447089098334883
dist: 3.1085116188055593
dist: 2.8405942906931028
dist: 3.081855529253597
dist: 2.792720314447108
dist: 3.046047734543666
dist: 3.363471332014056
dist: 3.3590726654922105
dist: 3.1256675920192087
dist: 2.9479320004320546
dist: 2.5889206250418697
dist: 2.951088818598683
dist: 2.6963745152380083
dist: 2.6120089787420726
dist: 3.0231063403870473
dist: 3.24659027114419
dist: 3.119889750024402
dist: 3.0670207895678616
dist: 3.290365355736761
dist: 3.2407652389411106
dist: 3.422623909073193
dist: 3.3896718137234267
dist: 3.138668883612609
dist: 3.0956488595522393
dist: 3.1540332961540583
dist: 3.188361581186081
dist: 3.0901259333240905
dist: 2.9062877583510787
dist: 3.260074664924841
dist: 3.1303586883588395
dist: 3.279632471825211
dist: 3.5081338341805828
dist: 3.404679009593306
dist: 3.1020908962570912
dist: 2.9398531910101258
dist: 2.7024122110983244
dist: 2.5274659460694417
dist: 2.26405604099044
dist: 2.1680286805340683
dist: 2.206475303525007
dist: 2.05776857094913
dist: 2.258171559228288
dist: 2.6395832026231223
dist: 2.3698864268087867
dist: 2.3416799094773384
dist: 2.219430325457405
dist: 2.328042408379629
dist: 2.624342828667459
dist: 2.8384158215252295
dist: 2.810566515586469
dist: 3.282027766405239
dist: 3.137693386869114
dist: 3.373127595659648
dist: 3.7147376551718794
dist: 3.8504140170803516
dist: 3.90774183572895
dist: 4.194335766999004
dist: 4.361604077417574
dist: 4.359424507161755
dist: 4.571502308853904
dist: 4.557230167286162
dist: 4.475043650848696
dist: 4.354454928347643
dist: 4.58766704042887
dist: 4.493066108120636
dist: 4.440352993413077
dist: 4.695057553495855
dist: 4.217057748633195
dist: 4.085071691737602
dist: 3.986126813760549
dist: 4.096485522621274
dist: 4.0166262150332255
dist: 4.07299841259564
dist: 4.054922458878899
dist: 3.8674019142527523
dist: 3.8373361208610937
dist: 3.7982002448976724
dist: 4.000295156312013
dist: 3.8298424713005508
dist: 4.018876821585024
dist: 4.437881599870698
dist: 4.5200678153266765
dist: 4.599788407837621
dist: 4.7771055920241485
dist: 5.0199267410719015
dist: 5.1441662771146595
dist: 5.3929474572771765
dist: 5.168473632312921
dist: 5.040570375372998
dist: 4.785254672164025
dist: 5.074415790173993
dist: 5.126130946366776
dist: 4.857721376859326
dist: 4.684452955524497
dist: 4.211250477963208
dist: 3.83735880330132
dist: 4.121928833111008
dist: 4.10822855786443
dist: 3.855243587076657
dist: 3.802726801985271
dist: 3.8067312484294895
dist: 4.046847700442736
dist: 4.047390791388519
dist: 4.256134158786767
dist: 4.09504669156031
dist: 4.102554269352212
dist: 4.277269217695937
dist: 4.447952901646438
dist: 4.4781438482295615
dist: 4.568345622916326
dist: 4.751373984041919
dist: 4.859534460688998
dist: 4.829559984835969
dist: 5.211499874561653
dist: 5.657705859894061
dist: 6.204459288808601
dist: 5.8415655597548835
dist: 5.597891264193489
dist: 5.291309964115431
dist: 5.2152592789287855
dist: 5.068564976379983
dist: 5.201794424983484
dist: 5.125371155357985
dist: 5.064565596972947
dist: 5.199308633488517
dist: 5.375364921458489
dist: 5.009897410301863
dist: 4.724639577783164
dist: 4.734136039572021
dist: 4.85628624184648
dist: 4.74437958681751
dist: 4.944229307023821
dist: 5.190108078168306
dist: 5.364340561339934
dist: 5.204681621052397
dist: 5.030944309151013
dist: 5.066804967999672
dist: 5.100443741433895
dist: 4.7504666993977365
dist: 4.569384633915902
dist: 4.134578554424213
dist: 4.419719432925596
dist: 4.676264313693485
dist: 4.517950146059384
dist: 4.847495933734144
dist: 4.795056002870676
dist: 4.648880932450506
dist: 4.7400980708495695
dist: 4.505466438854404
dist: 4.890887363523267
dist: 4.897622431394076
dist: 4.39033660156798
dist: 4.320280148846721
dist: 4.628992845018202
dist: 4.610971073414745
dist: 4.507103965554905
dist: 4.616556609725312
dist: 4.588097884089374
dist: 4.296133264740777
dist: 4.124857440310374
dist: 4.478035491122532
dist: 4.576837723929816
dist: 4.535123701381554
dist: 4.511014712043438
dist: 4.439404989636232
dist: 4.208084818575689
dist: 4.421690684599281
dist: 4.345195756014429
dist: 4.434354439939716
dist: 4.619837944096019
dist: 4.7796657392454
dist: 4.727608603293884
dist: 4.966321021943815
dist: 5.300060509720393
dist: 5.4507258456913545
dist: 5.607907366504006
dist: 5.914831847442905
dist: 6.166749742659609
dist: 6.02981667150237
dist: 5.761976918863997
dist: 5.6535425698410355
dist: 5.77369504768074
dist: 5.532027585598354
dist: 5.809861592308905
dist: 5.98510101689269
dist: 6.169064807984274
dist: 5.983587093880156
dist: 5.566846343032322
dist: 5.713675043008483
dist: 5.776994256510526
dist: 5.555070139732987
dist: 5.429361935545399
dist: 5.2720148791245185
dist: 5.307262912790609
dist: 5.1291620143128505
dist: 5.228632427174659
dist: 4.791999074619719
dist: 5.262073505511054
dist: 4.888237996239242
dist: 4.552333184422783
dist: 4.687207829353269
dist: 4.650114057660577
dist: 4.430365226732833
dist: 4.3523652771657995
dist: 4.552529259729093
dist: 4.369042611643973
dist: 4.46823681524596
dist: 4.452042853334495
dist: 4.72070077588248
dist: 4.34837745034968
dist: 4.346274003267593
dist: 4.2033277478748525
dist: 4.091112808626115
dist: 3.949476724863342
dist: 4.0843671013477705
dist: 4.22236443359585
dist: 4.355415062045111
dist: 3.9827650986559044
dist: 3.6115259554288732
dist: 3.6258113255240816
dist: 3.3366458125206857
dist: 3.6103801227710637
dist: 3.5428661710706426
dist: 3.798792081404829
dist: 3.629266367177491
dist: 3.827404864106134
dist: 4.043250096518179
dist: 4.25887968180389
dist: 4.493776389365582
dist: 4.3755026117924585
dist: 4.266909314427115
dist: 4.173648876603085
dist: 4.123242863297321
dist: 4.1237755759022185
dist: 3.9851253601756573
dist: 3.985712695255803
dist: 3.9342861821544717
dist: 3.6451652307950018
dist: 3.786091234250343
dist: 3.666261202837842
dist: 4.092382909589659
dist: 3.781666662305887
dist: 3.8304793661773
dist: 3.966334088936394
dist: 4.115767337472868
dist: 4.106740872297857
dist: 4.278550980511476
dist: 4.304443343040864
dist: 4.049818573725859
dist: 4.299056792873221
dist: 4.161662148840509
dist: 3.8167058587741303
dist: 3.7555485008222993
dist: 4.094637908035062
dist: 4.465190272121674
dist: 4.584838770645403
dist: 4.910852505045423
dist: 5.179590193576292
dist: 5.078232825411675
dist: 4.989894186605126
dist: 5.080123304884881
dist: 4.842002377099201
dist: 4.859064410935088
dist: 4.892558272228156
dist: 4.860479724662598
dist: 4.941628027312742
dist: 5.009868978320131
dist: 4.997980713337478
dist: 5.031708737809685
dist: 5.142566341429282
dist: 5.381162348976349
dist: 5.3596943274762445
dist: 5.445816767862659
dist: 5.646850105486102
dist: 5.641465819874037
dist: 5.567024173764813
dist: 5.4607390044767135
dist: 5.465180520815702
dist: 5.245390517842805
dist: 5.40318437242104
dist: 5.461408567209669
dist: 5.613318361301064
dist: 5.391071988517754
dist: 5.828268830362
dist: 5.548216931279727
dist: 5.643207299313538
dist: 5.639532931524958
dist: 5.464358494134727
dist: 5.338578094997815
dist: 5.188405463988039
dist: 5.154389370297204
dist: 4.844013630175681
dist: 5.109354709651766
dist: 5.251073783254041
dist: 4.9711716922427085
dist: 5.071056661558271
dist: 4.884442044663893
dist: 4.630253687333383
dist: 4.660440410757843
dist: 4.571786458337857
dist: 4.29907416096822
dist: 4.488105527561905
dist: 4.559372408921357
dist: 4.370496669172776
dist: 4.552134080605975
dist: 4.679703154164433
dist: 4.418236715048751
dist: 4.169449803688773
dist: 4.090446445838374
dist: 4.161015223357023
dist: 4.149630693853925
dist: 4.085729802543364
dist: 3.9637643294421743
dist: 3.8403078978858955
dist: 3.855246400636372
dist: 3.7871612783537003
dist: 3.6910527913252005
dist: 4.087980896479035
dist: 3.824417884722964
dist: 3.7574064142648074
dist: 3.5345212257133567
dist: 3.324096920607597
dist: 2.85938434712296
dist: 2.830452916834718
dist: 3.1299229440623173
dist: 3.1798223770145673
dist: 2.8570288716380334
dist: 2.4681090020059937
dist: 2.677762045759925
dist: 3.0245280594259256
dist: 2.8465742531971134
dist: 2.5642188398004517
dist: 2.723777808394773
dist: 2.7355673898425454
dist: 2.6688328646308004
dist: 2.5222044870208267
dist: 2.63490009118643
dist: 2.2529989502930445
dist: 1.9997801059389357
dist: 2.5497350337420626
dist: 2.2808281085462085
dist: 2.1148530206192784
dist: 2.244319893476194
dist: 2.53615585817539
dist: 2.5078788085580035
dist: 2.645936737932828
dist: 2.5345392897769816
dist: 2.2929567863248175
dist: 2.3521730475773825
dist: 2.1563085558245128
dist: 2.7147734781038384
dist: 2.733210472011081
dist: 3.222363225687649
dist: 3.0860906671005335
dist: 3.130529080013013
dist: 2.842918383736721
dist: 3.0768340837996107
dist: 2.9703254739149956
dist: 2.9110017909917016
dist: 2.5721015033016843
dist: 2.6885387654440485
dist: 2.5465079424338986
dist: 2.236809868884301
dist: 2.301868418363253
dist: 2.2718426177408597
dist: 2.1319107562843502
dist: 2.120217028740959
dist: 2.0672881892784014
dist: 2.2603241298470915
dist: 1.7860834723163743
dist: 1.6275824247566968
dist: 1.6750806155157978
dist: 1.5763942644304128
dist: 1.4643489939209107
dist: 1.2549271026021638
dist: 0.9174619559000705
dist: 0.9457948978014893
dist: 1.2419197295305016
dist: 1.1371307887465592
dist: 0.8938289322875468
dist: 0.9572047366784715
dist: 0.9612627702171644
dist: 1.2703354175977293
dist: 1.414798146991409
dist: 1.6880463349472463
dist: 1.3960930784481667
dist: 1.6191071700261483
dist: 1.4565279236782631
dist: 1.8600605242911985
dist: 2.2068241344837323
dist: 2.4688845004411255
dist: 2.6392465943673287
dist: 2.558244992316723
dist: 2.629632680632699
dist: 2.7975880953697385
dist: 2.6871910344723995
dist: 2.49555839409497
dist: 2.6385018778210787
dist: 3.064000141292696
dist: 2.765916958203901
dist: 2.418737928683861
dist: 2.3601134843782328
dist: 2.4463447112368515
dist: 2.6564871458596118
dist: 3.138352194809398
dist: 3.1014495844059145
dist: 2.9613235292809104
dist: 2.88942831701767
dist: 3.2154942309150742
dist: 3.1328976992512074
dist: 3.295645467489922
dist: 3.297553288229078
dist: 3.4109783395076656
dist: 2.981169482355554
dist: 3.2488906174386387
dist: 3.284106872816617
dist: 3.4789612088235375
dist: 3.930662804384645
dist: 3.987583021260315
dist: 3.836269192957954
dist: 3.8106641689158507
dist: 3.5606227548531653
dist: 3.4297456272279407
dist: 3.526060308288785
dist: 3.692907957433069
dist: 3.6676703055735187
dist: 3.8094707139733646
dist: 3.553935275882558
dist: 3.4918484981825135
dist: 3.516250497894127
dist: 3.572196464821793
dist: 3.3377384439052844
dist: 3.2993037880501626
dist: 3.371792962840638
dist: 3.071574177619574
dist: 2.9473052193558735
dist: 2.74694868426697
dist: 2.5280668355123406
dist: 2.303411654816185
dist: 2.6371145581816586
dist: 2.532954501618085
dist: 2.2195303648004527
dist: 2.366956209948908
dist: 2.478764909731934
dist: 2.591039035892486
dist: 2.3015340537922024
dist: 2.358035381110048
dist: 2.5886814118631474
dist: 2.5750974675365685
dist: 2.161336088474778
dist: 2.358260210026731
dist: 2.291230009625828
dist: 2.353412212756604
dist: 2.1107789373196715
dist: 2.3667895675687167
dist: 2.3655838721453546
dist: 2.5387037851434444
dist: 2.613670386164369
dist: 2.629024306037279
dist: 2.3501305198211377
dist: 2.3225506513453786
dist: 2.3648357849502015
dist: 2.2161525392823913
dist: 2.046339267562306
dist: 2.123157872805811
dist: 1.9699083840041611
dist: 1.9235857095784015
dist: 2.0544208578232968
dist: 2.428945150162482
dist: 2.4304501118016324
dist: 2.4738320942377334
dist: 2.3256847038821093
dist: 2.1310637351629653
dist: 2.3026670479515827
dist: 1.9443308750019193
dist: 1.6742337364085882
dist: 1.6465286088161815
dist: 1.4479216137347735
dist: 1.252794140921857
dist: 1.5692481057274088
dist: 1.8709211115245237
dist: 1.5631367014433895
dist: 1.796966752633625
dist: 1.9658512744786787
dist: 2.294098714737939
dist: 2.1836277045314803
dist: 2.3353144939743387
dist: 2.7853069786377556
dist: 2.861034286428075
dist: 2.9224241736029812
dist: 3.0105547109804847
dist: 3.2506337319319853
dist: 3.686124895867009
dist: 3.810405616014371
dist: 3.7630336874902364
dist: 3.663300684098142
dist: 3.6024321423359846
dist: 3.7406704616630044
dist: 3.957495088203699
dist: 4.433039372181695
dist: 4.394250348291641
dist: 4.311367653005726
dist: 3.8624162568660396
dist: 4.132806344883616
dist: 3.9443792343376924
dist: 3.7082384206705927
dist: 3.543269760062527
dist: 3.522244014315595
dist: 3.7474178994576812
dist: 3.779175179580369
dist: 3.737242985651228
dist: 3.845905091492459
dist: 3.742562491503517
dist: 3.6383480716168934
dist: 3.6307184464412163
dist: 3.6202212153130606
dist: 3.7810198217554096
dist: 4.057619745762018
dist: 4.261134248453448
dist: 4.308691670238331
dist: 4.1993831524105625
dist: 4.178781543061423
dist: 4.167677939558313
dist: 4.252085711919319
dist: 4.3988716446881115
dist: 4.728311264715212
dist: 4.934532954771567
dist: 5.00410163158703
dist: 4.846071394776793
dist: 5.223333862705399
dist: 5.496147424291972
dist: 5.500994422227777
dist: 5.30756580387842
dist: 5.217164267194635
dist: 5.121025229322884
dist: 4.928476638005757
dist: 4.850216115554868
dist: 4.576308245453977
dist: 4.894219161618853
dist: 5.220288486670409
dist: 5.41444334205639
dist: 5.568009530889976
dist: 5.279710895628954
dist: 5.13164849959029
dist: 5.320754585294119
dist: 5.154668415369617
dist: 5.208767216686732
dist: 5.1095170470902875
dist: 5.028186158956349
dist: 5.103799339394278
dist: 5.246483458689767
dist: 5.33073755508213
dist: 5.326897366617935
dist: 5.531294997087188
dist: 5.15248345162321
dist: 5.130973775265972
dist: 5.040262039421603
dist: 5.08921639672783
dist: 4.839269841742384
dist: 4.804815212267329
dist: 4.889998897096029
dist: 5.19730786619488
dist: 4.919874516193759
dist: 5.03860753715865
dist: 4.630720583040716
dist: 4.396888306807349
dist: 4.520102400374672
dist: 4.266984452110695
dist: 4.009909721472615
dist: 4.44462498344474
dist: 4.2800249688207765
dist: 4.3171230420814055
dist: 4.492842349094045
dist: 4.331953947874692
dist: 4.319509365250712
dist: 4.2711134366530645
dist: 4.009008109706836
dist: 4.044511142070656
dist: 4.508913378618036
dist: 4.888213707478061
dist: 4.823916618294506
dist: 4.735956786286361
dist: 4.665233104331891
dist: 4.423392768821958
dist: 4.315068597639478
dist: 4.193462696617381
dist: 4.326420069824883
dist: 4.634525388542417
dist: 4.611533676246093
dist: 4.761992816494121
dist: 4.472100517306156
dist: 4.354224887706227
dist: 4.2368970693731365
dist: 4.458072091209328
dist: 4.755637480063893
dist: 4.795654487289343
dist: 4.595141350946615
dist: 4.950166846108995
dist: 5.060924583698192
dist: 5.048579676401278
dist: 5.377984755210872
dist: 5.297441414766371
dist: 5.541697109492746
dist: 5.480761103314356
dist: 5.279278311071371
dist: 5.364277409768762
dist: 5.3452263306298216
dist: 5.428618488746713
dist: 5.44057257594142
dist: 5.450566101767846
dist: 5.698092155421676
dist: 5.58375556567729
dist: 5.964689554457376
dist: 5.689958189995319
dist: 5.9550222773846375
dist: 5.856387207867593
dist: 5.953909703261385
dist: 6.020215681281287
dist: 5.937546549441827
dist: 6.066905388143939
dist: 5.991171455051138
dist: 5.719459398481192
dist: 5.748416522079527
dist: 5.733642815830657
dist: 5.553439127986837
dist: 5.6125875451071625
dist: 5.490007907645246
dist: 5.684731130980899
dist: 5.738580189157405
dist: 5.726651502685447
dist: 5.989531620424782
dist: 6.262552183222998
dist: 6.424120308013022
dist: 6.444760266688062
dist: 6.826663197079171
dist: 6.914075234320309
dist: 7.123260690391831
dist: 6.696838704064399
dist: 6.844267399213952
dist: 7.130732316749949
dist: 7.086204455908597
dist: 7.01497298289583
dist: 7.2265955699941165
dist: 7.377190134068725
dist: 7.310730341703187
dist: 7.1675984086544995
dist: 7.300040701097709
dist: 7.170143069817729
dist: 7.136026406059894
dist: 7.316426034635392
dist: 7.693166793230456
dist: 8.121598921260578
dist: 8.171300200724438
dist: 7.917815893718772
dist: 7.678808328218436
dist: 7.70997696747058
dist: 7.7123613707279155
dist: 7.714611803452916
dist: 7.804328839623835
dist: 7.833277481810422
dist: 7.965973471205411
dist: 8.06883743691137
dist: 8.631886638574517
dist: 8.556252512856572
dist: 8.618967718234185
dist: 8.372735413896786
dist: 8.08027957139657
dist: 8.142294949035762
dist: 8.07118721254543
dist: 8.21626815241752
dist: 8.496299730657963
dist: 8.521246321908455
dist: 8.440263836079998
dist: 8.375244057618751
dist: 8.633273464812907
dist: 8.568987265743717
dist: 8.559165074839363
dist: 8.651140482866793
dist: 8.715204388559068
dist: 8.623088504639364
dist: 8.736703090983935
dist: 9.088330560511825
dist: 8.918646944270353
dist: 8.636200194657489
dist: 8.546546739069237
dist: 8.611022370142456
dist: 8.764209028917646
dist: 8.745071979085699
dist: 8.708346558061404
dist: 8.429604522460169
dist: 8.244994799047843
dist: 7.951685022527075
dist: 8.061269347491486
dist: 8.296214084099155
dist: 7.93218699790397
dist: 7.624391371462752
dist: 7.2761784637846185
dist: 7.327358302427126
dist: 7.448022647816722
dist: 7.233098315751936
dist: 7.203486318892417
dist: 7.5953374065498815
dist: 7.920420354845724
dist: 8.140475958401012
dist: 8.086530148630676
dist: 7.8461994826932395
dist: 7.790536679561828
dist: 7.414809679292637
dist: 7.531292347582676
dist: 7.377975833928104
dist: 7.371252727148645
dist: 7.309773788035453
dist: 7.1281555519942925
dist: 7.2348910315639445
dist: 7.309218682363475
dist: 7.3080030403035305
dist: 7.376839983710465
dist: 7.291740356776714
dist: 7.101710582132801
dist: 7.255119078418897
dist: 7.1535892357684
dist: 7.1897363978562225
dist: 7.520333110091687
dist: 7.560361051480434
dist: 7.323591765675801
dist: 7.507754556058377
dist: 7.764196084514507
dist: 7.607541751379267
dist: 7.682768434146867
dist: 7.861641739239239
dist: 7.600313238255413
dist: 7.4631830833078565
dist: 7.330398412647607
dist: 7.500831505398409
dist: 7.4656594972414565
dist: 7.600223402384916
dist: 7.84400754086476
dist: 7.853998969484048
dist: 8.169469717314364
dist: 8.337393874766288
dist: 8.376295166358416
dist: 8.56334524074787
dist: 8.496494311792274
dist: 8.444171574907365
dist: 8.679205122983344
dist: 8.289220962939616
dist: 8.363306754752676
dist: 8.318828166411704
dist: 8.130456868555578
dist: 7.817117921005561
dist: 7.737596198740704
dist: 7.487284868650682
dist: 7.4516982605373725
dist: 7.44575576294496
dist: 7.20150371216277
]]></system-out>
  <system-err><![CDATA[]]></system-err>
</testsuite>
