<?xml version="1.0" encoding="UTF-8" ?>
<testsuite errors="0" failures="0" hostname="Johanness-MacBook-Pro-4.local" name="readdy.impl.sim.top.rkHandle.ReactionHandlerTest" tests="1" time="0.173" timestamp="2014-08-21T13:05:32">
  <properties>
[...]
</properties>
  <testcase classname="readdy.impl.sim.top.rkHandle.ReactionHandlerTest" name="testHandleOccurredReactions" time="0.01" />
  <system-out><![CDATA[parse globalParameters...
parsing param_global file: /Users/johannesschoeneberg/Desktop/PhD/projects/ReaDDy/gitHub/readdy/./test/testInputFiles/test_default/param_global.xml
... done.
parse ParamParticles
parsing param_particles file: /Users/johannesschoeneberg/Desktop/PhD/projects/ReaDDy/gitHub/readdy/./test/testInputFiles/test_default/param_particles.xml
... done.
parsing tplgy_potentials file: /Users/johannesschoeneberg/Desktop/PhD/projects/ReaDDy/gitHub/readdy/./test/testInputFiles/test_default/tplgy_potentials.xml
... done.
parse tplgyCoordinatesFile
parsing tplgy_coordinates file: /Users/johannesschoeneberg/Desktop/PhD/projects/ReaDDy/gitHub/readdy/./test/testInputFiles/test_default/tplgy_coordinates.xml
... done.
---------------------------------------
NeighborLattice construction... 
num Dimensions:          3
latice origin:           -100.0 -100.0 -100.0
latice extension:        200.0 200.0 200.0
num boxes per dimension: 15,15,15
box edge length per dim: 13.333333333333334 13.333333333333334 13.333333333333334
total num boxes:         3375
... lattice ready.
---------------------------------------
parsing param_groups file: /Users/johannesschoeneberg/Desktop/PhD/projects/ReaDDy/gitHub/readdy/./test/testInputFiles/test_default/param_groups.xml
... done.
parsing tplgy_groups file: /Users/johannesschoeneberg/Desktop/PhD/projects/ReaDDy/gitHub/readdy/./test/testInputFiles/test_default/tplgy_groups.xml
... done.
parsing param_reactions file: /Users/johannesschoeneberg/Desktop/PhD/projects/ReaDDy/gitHub/readdy/./test/testInputFiles/test_default/param_reactions.xml
... done.
RkAndElmtlRkFactory: Create Reactions and elemental Reactions...
--------------------------------------
RkAndElmtlRkFactory: parsedReactions...
<reaction>
	<id>0</id>
	<name>A_dimerization_forward</name>
	<typeId>100</typeId>
	<rkTypeName>group</rkTypeName>
	<k>1.0E7</k>
	<p>0.09516258196404048</p>
	<educts>
<ExtendedIdAndType group=false id=-1 type=0/>
<ExtendedIdAndType group=false id=-1 type=0/>
	</educts>
	<products>
<ExtendedIdAndType group=true id=-1 type=0/>
	</products>
</reaction>

<reaction>
	<id>1</id>
	<name>A_dimerization_backward</name>
	<typeId>101</typeId>
	<rkTypeName>ungroup</rkTypeName>
	<k>15.0</k>
	<p>1.4999998876330523E-7</p>
	<educts>
<ExtendedIdAndType group=true id=-1 type=0/>
	</educts>
	<products>
<ExtendedIdAndType group=false id=-1 type=0/>
<ExtendedIdAndType group=false id=-1 type=0/>
	</products>
</reaction>

<reaction>
	<id>2</id>
	<name>A_twoDimers_2_tetramer_forward</name>
	<typeId>104</typeId>
	<rkTypeName>gFusion</rkTypeName>
	<k>12.0</k>
	<p>1.1999999283140994E-7</p>
	<educts>
<ExtendedIdAndType group=true id=-1 type=0/>
<ExtendedIdAndType group=true id=-1 type=0/>
	</educts>
	<products>
<ExtendedIdAndType group=true id=-1 type=1/>
	</products>
</reaction>

<reaction>
	<id>3</id>
	<name>A_twoDimers_2_tetramer_backward</name>
	<typeId>103</typeId>
	<rkTypeName>gFission</rkTypeName>
	<k>1.0</k>
	<p>9.99999993922529E-9</p>
	<educts>
<ExtendedIdAndType group=true id=-1 type=1/>
	</educts>
	<products>
<ExtendedIdAndType group=true id=-1 type=0/>
<ExtendedIdAndType group=true id=-1 type=0/>
	</products>
</reaction>

<reaction>
	<id>4</id>
	<name>A1_2_A2_forward</name>
	<typeId>4</typeId>
	<rkTypeName>typeConversion</rkTypeName>
	<k>15.0</k>
	<p>1.4999998876330523E-7</p>
	<educts>
<ExtendedIdAndType group=false id=-1 type=3/>
	</educts>
	<products>
<ExtendedIdAndType group=false id=-1 type=4/>
	</products>
</reaction>

<reaction>
	<id>5</id>
	<name>A1_2_A2_backward</name>
	<typeId>4</typeId>
	<rkTypeName>typeConversion</rkTypeName>
	<k>5.0</k>
	<p>4.999999869692573E-8</p>
	<educts>
<ExtendedIdAndType group=false id=-1 type=4/>
	</educts>
	<products>
<ExtendedIdAndType group=false id=-1 type=3/>
	</products>
</reaction>

<reaction>
	<id>6</id>
	<name>dummyFission_forward</name>
	<typeId>7</typeId>
	<rkTypeName>fission</rkTypeName>
	<k>16.0</k>
	<p>1.5999998714821828E-7</p>
	<educts>
<ExtendedIdAndType group=false id=-1 type=5/>
	</educts>
	<products>
<ExtendedIdAndType group=false id=-1 type=6/>
<ExtendedIdAndType group=false id=-1 type=7/>
	</products>
</reaction>

<reaction>
	<id>7</id>
	<name>dummyFission_backward</name>
	<typeId>8</typeId>
	<rkTypeName>fusion</rkTypeName>
	<k>6.0</k>
	<p>5.999999819206181E-8</p>
	<educts>
<ExtendedIdAndType group=false id=-1 type=6/>
<ExtendedIdAndType group=false id=-1 type=7/>
	</educts>
	<products>
<ExtendedIdAndType group=false id=-1 type=5/>
	</products>
</reaction>

<reaction>
	<id>8</id>
	<name>dummyEnzymatic_forward</name>
	<typeId>9</typeId>
	<rkTypeName>enzymatic</rkTypeName>
	<k>17.0</k>
	<p>1.6999998553313134E-7</p>
	<educts>
<ExtendedIdAndType group=false id=-1 type=8/>
<ExtendedIdAndType group=false id=-1 type=9/>
	</educts>
	<products>
<ExtendedIdAndType group=false id=-1 type=8/>
<ExtendedIdAndType group=false id=-1 type=10/>
	</products>
</reaction>

<reaction>
	<id>9</id>
	<name>dummyEnzymatic_backward</name>
	<typeId>9</typeId>
	<rkTypeName>enzymatic</rkTypeName>
	<k>7.0</k>
	<p>6.999999757617559E-8</p>
	<educts>
<ExtendedIdAndType group=false id=-1 type=8/>
<ExtendedIdAndType group=false id=-1 type=10/>
	</educts>
	<products>
<ExtendedIdAndType group=false id=-1 type=8/>
<ExtendedIdAndType group=false id=-1 type=9/>
	</products>
</reaction>

<reaction>
	<id>10</id>
	<name>dummyCreation_forward</name>
	<typeId>0</typeId>
	<rkTypeName>creation</rkTypeName>
	<k>17.0</k>
	<p>1.6999998553313134E-7</p>
	<educts>
	</educts>
	<products>
<ExtendedIdAndType group=false id=-1 type=10/>
	</products>
</reaction>

<reaction>
	<id>11</id>
	<name>dummyCreation_backward</name>
	<typeId>1</typeId>
	<rkTypeName>decay</rkTypeName>
	<k>7.0</k>
	<p>6.999999757617559E-8</p>
	<educts>
<ExtendedIdAndType group=false id=-1 type=10/>
	</educts>
	<products>
	</products>
</reaction>

--------------------------------------
RkAndElmtlRkFactory: parsedElementalReactions...
<elmtlRk id="0" name="A_dimerization_forward" p="0.09516258196404048" >
<educts>
<ExtendedIdAndType group=false id=-1 type=0/>
<ExtendedIdAndType group=false id=-1 type=0/>
</educts>
</elmtlRk>

<elmtlRk id="1" name="A_dimerization_backward" p="1.4999998876330523E-7" >
<educts>
<ExtendedIdAndType group=false id=0 type=0/>
<ExtendedIdAndType group=false id=1 type=0/>
</educts>
</elmtlRk>

<elmtlRk id="2" name="A_twoDimers_2_tetramer_forward" p="1.1999999283140994E-7" >
<educts>
<ExtendedIdAndType group=false id=0 type=0/>
<ExtendedIdAndType group=false id=0 type=0/>
</educts>
</elmtlRk>

<elmtlRk id="3" name="A_twoDimers_2_tetramer_forward" p="1.1999999283140994E-7" >
<educts>
<ExtendedIdAndType group=false id=0 type=0/>
<ExtendedIdAndType group=false id=1 type=0/>
</educts>
</elmtlRk>

<elmtlRk id="4" name="A_twoDimers_2_tetramer_forward" p="1.1999999283140994E-7" >
<educts>
<ExtendedIdAndType group=false id=1 type=0/>
<ExtendedIdAndType group=false id=0 type=0/>
</educts>
</elmtlRk>

<elmtlRk id="5" name="A_twoDimers_2_tetramer_forward" p="1.1999999283140994E-7" >
<educts>
<ExtendedIdAndType group=false id=1 type=0/>
<ExtendedIdAndType group=false id=1 type=0/>
</educts>
</elmtlRk>

<elmtlRk id="6" name="A_twoDimers_2_tetramer_backward" p="9.99999993922529E-9" >
<educts>
<ExtendedIdAndType group=false id=0 type=0/>
<ExtendedIdAndType group=false id=1 type=0/>
</educts>
</elmtlRk>

<elmtlRk id="7" name="A_twoDimers_2_tetramer_backward" p="9.99999993922529E-9" >
<educts>
<ExtendedIdAndType group=false id=2 type=0/>
<ExtendedIdAndType group=false id=3 type=0/>
</educts>
</elmtlRk>

<elmtlRk id="8" name="A1_2_A2_forward" p="1.4999998876330523E-7" >
<educts>
<ExtendedIdAndType group=false id=-1 type=3/>
</educts>
</elmtlRk>

<elmtlRk id="9" name="A1_2_A2_backward" p="4.999999869692573E-8" >
<educts>
<ExtendedIdAndType group=false id=-1 type=4/>
</educts>
</elmtlRk>

<elmtlRk id="10" name="dummyFission_forward" p="1.5999998714821828E-7" >
<educts>
<ExtendedIdAndType group=false id=-1 type=5/>
</educts>
</elmtlRk>

<elmtlRk id="11" name="dummyFission_backward" p="5.999999819206181E-8" >
<educts>
<ExtendedIdAndType group=false id=-1 type=6/>
<ExtendedIdAndType group=false id=-1 type=7/>
</educts>
</elmtlRk>

<elmtlRk id="12" name="dummyEnzymatic_forward" p="1.6999998553313134E-7" >
<educts>
<ExtendedIdAndType group=false id=-1 type=8/>
<ExtendedIdAndType group=false id=-1 type=9/>
</educts>
</elmtlRk>

<elmtlRk id="13" name="dummyEnzymatic_backward" p="6.999999757617559E-8" >
<educts>
<ExtendedIdAndType group=false id=-1 type=8/>
<ExtendedIdAndType group=false id=-1 type=10/>
</educts>
</elmtlRk>

<elmtlRk id="14" name="dummyCreation_forward" p="1.6999998553313134E-7" >
<educts>
</educts>
</elmtlRk>

<elmtlRk id="15" name="dummyCreation_backward" p="6.999999757617559E-8" >
<educts>
<ExtendedIdAndType group=false id=-1 type=10/>
</educts>
</elmtlRk>

--------------------------------------
RkAndElmtlRkFactory: done.
handleOccurredReactions
nParticles before: 12
nGroups before: 3
---------------------------------------------------------------------------
CREATION
---------------------------------------------------------------------------
testing elmtlRkId 14 ...
---------------------------------------------------------------------------
GROUP
---------------------------------------------------------------------------
testing elmtlRkId 0 ...
action
<ExtendedIdAndType group=false id=0 type=0/>
<ExtendedIdAndType group=false id=1 type=0/>
action2
action3
action4
execution reports...
reportList size:4

###################################################
<ReactionExecutionReport>
***************************************************
occurred in timestep id:0
based on following reaction:
<executableReaction rkId=10 rkTypeId=0 derivedFromElmtlRkId=14>
	 educts:
	products:
<ExtendedIdAndType group=false id=-1 type=10/>
</executableReaction>
***************************************************
the following results came out:
	--- execution related ---
was the execution successfull: true

	--- common ---
execution comment: 

	--- particle based ---
	 removedParticles:
	 createdParticles:
<p id=12 typeId=10 c=-38.460268529730776,-29.490841936895208,41.70090720033372 \>
	 typeChangedParticles:

	--- group based ---
	 removedGroups:
	 createdGroups:
	 typeChangedGroups:
</ReactionExecutionReport>
###################################################

###################################################
<ReactionExecutionReport>
***************************************************
occurred in timestep id:0
based on following reaction:
<executableReaction rkId=10 rkTypeId=0 derivedFromElmtlRkId=14>
	 educts:
	products:
<ExtendedIdAndType group=false id=-1 type=10/>
</executableReaction>
***************************************************
the following results came out:
	--- execution related ---
was the execution successfull: true

	--- common ---
execution comment: 

	--- particle based ---
	 removedParticles:
	 createdParticles:
<p id=13 typeId=10 c=-65.05876014236696,84.34903423847646,-59.21363446734329 \>
	 typeChangedParticles:

	--- group based ---
	 removedGroups:
	 createdGroups:
	 typeChangedGroups:
</ReactionExecutionReport>
###################################################

###################################################
<ReactionExecutionReport>
***************************************************
occurred in timestep id:0
based on following reaction:
<executableReaction rkId=0 rkTypeId=100 derivedFromElmtlRkId=0>
	 educts:
<p id=5 typeId=0 c=-2.275995041673313,-1.1903938636068836,0.0 \>
<ExtendedIdAndType group=false id=5 type=0/>
<p id=4 typeId=0 c=0.0806863581053281,-2.7023636979413475,0.0 \>
<ExtendedIdAndType group=false id=4 type=0/>
	products:
<ExtendedIdAndType group=true id=-1 type=0/>
</executableReaction>
***************************************************
the following results came out:
	--- execution related ---
was the execution successfull: false

	--- common ---
execution comment: Reaction was not valid.

	--- particle based ---
	 removedParticles:
	 createdParticles:
	 typeChangedParticles:

	--- group based ---
	 removedGroups:
	 createdGroups:
	 typeChangedGroups:
</ReactionExecutionReport>
###################################################

###################################################
<ReactionExecutionReport>
***************************************************
occurred in timestep id:0
based on following reaction:
<executableReaction rkId=0 rkTypeId=100 derivedFromElmtlRkId=0>
	 educts:
<p id=7 typeId=0 c=-12.569801948456954,-17.19172732671429,0.0 \>
<ExtendedIdAndType group=false id=7 type=0/>
<p id=6 typeId=0 c=1.5589068809620485,5.855870896717365,0.0 \>
<ExtendedIdAndType group=false id=6 type=0/>
	products:
<ExtendedIdAndType group=true id=-1 type=0/>
</executableReaction>
***************************************************
the following results came out:
	--- execution related ---
was the execution successfull: true

	--- common ---
execution comment: 

	--- particle based ---
	 removedParticles:
	 createdParticles:
	 typeChangedParticles:

	--- group based ---
	 removedGroups:
	 createdGroups:
<group>
	 id: 3
	 typeId: 0
	 positionedParticles: 
<p id=7 typeId=0 c=-12.569801948456954,-17.19172732671429,0.0 \>
<p id=6 typeId=0 c=1.5589068809620485,5.855870896717365,0.0 \>
</group>
	 typeChangedGroups:
</ReactionExecutionReport>
###################################################
nParticles after: 14
nGroups after: 4
]]></system-out>
  <system-err><![CDATA[]]></system-err>
</testsuite>
