<?xml version="1.0" encoding="UTF-8" ?>
<testsuite errors="0" failures="0" hostname="johanness-mbp-4" name="readdy.impl.sim.core_mc.Core_MCTest" tests="4" time="1.015" timestamp="2014-05-21T19:13:16">
  <properties>
[...]
</properties>
  <testcase classname="readdy.impl.sim.core_mc.Core_MCTest" name="testGet_ParticleConfiguration" time="0.002" />
  <testcase classname="readdy.impl.sim.core_mc.Core_MCTest" name="testGet_PotentialManager" time="0.0" />
  <testcase classname="readdy.impl.sim.core_mc.Core_MCTest" name="testStep" time="0.001" />
  <testcase classname="readdy.impl.sim.core_mc.Core_MCTest" name="testStep_neighBorTesting" time="0.855" />
  <system-out><![CDATA[PotentialEnergyComputerTest...:

parse globalParameters...

parse globalParameters...
parsing param_global file: /Users/johannesschoeneberg/Desktop/PhD/projects/ReaDDy/gitHub/readdy/./test/testInputFiles/test_MonteCarlo_potentialEnergyComputer/param_global.xml
... done.
parse ParamParticles...
parsing param_particles file: /Users/johannesschoeneberg/Desktop/PhD/projects/ReaDDy/gitHub/readdy/./test/testInputFiles/test_MonteCarlo_potentialEnergyComputer/param_particles.xml
... done.
parsing tplgy_potentials file: /Users/johannesschoeneberg/Desktop/PhD/projects/ReaDDy/gitHub/readdy/./test/testInputFiles/test_MonteCarlo_potentialEnergyComputer/tplgy_potentials.xml
... done.
latticeBoxSize 4.0
parse tplgyCoordinatesFile...
parsing tplgy_coordinates file: /Users/johannesschoeneberg/Desktop/PhD/projects/ReaDDy/gitHub/readdy/./test/testInputFiles/test_MonteCarlo_potentialEnergyComputer/tplgy_coordinates.xml
... done.
---------------------------------------
NeighborLattice construction... 
num Dimensions:          3
latice origin:           -60.0 -60.0 -60.0
latice extension:        120.0 120.0 120.0
num boxes per dimension: 30,30,30
box edge length per dim: 4.0 4.0 4.0
total num boxes:         27000
... lattice ready.
---------------------------------------
parsing param_groups file: /Users/johannesschoeneberg/Desktop/PhD/projects/ReaDDy/gitHub/readdy/./test/testInputFiles/test_MonteCarlo_potentialEnergyComputer/param_groups.xml
... done.
parsing tplgy_groups file: /Users/johannesschoeneberg/Desktop/PhD/projects/ReaDDy/gitHub/readdy/./test/testInputFiles/test_MonteCarlo_potentialEnergyComputer/tplgy_groups.xml
... done.
parsing param_reactions file: /Users/johannesschoeneberg/Desktop/PhD/projects/ReaDDy/gitHub/readdy/./test/testInputFiles/test_MonteCarlo_potentialEnergyComputer/param_reactions.xml
... done.
RkAndElmtlRkFactory: Create Reactions and elemental Reactions...
--------------------------------------
RkAndElmtlRkFactory: parsedReactions...
--------------------------------------
RkAndElmtlRkFactory: parsedElementalReactions...
--------------------------------------
RkAndElmtlRkFactory: done.
get_ParticleConfiguration
get_PotentialManager

test step...
test the setup befor the step()
testing particle 0 ...
testing particle 1 ...
testing current potential energy of the system...
expResult: 11887.493 result: 11887.492939934717

step...
after step evaluation
new particle positions:
<p id=0 typeId=0 c=-3.0,-4.0,-5.0 \>
<p id=1 typeId=0 c=-4.5,-3.2,-5.3 \>
check the diffusion...
p0 diffusionDistance: 0.0 max 5*Sqrt(2*D*dt): 26.74883175019051
p1 diffusionDistance: 1.0E-13 max 5*Sqrt(2*D*dt): 26.74883175019051
done.
check the potential energy difference...
SMALLER OR EQUAL new potential energy: 11887.492939934717
init E_pot: 11887.493 new E_pot: 11887.492939934717
make sure, the DISTANCE between the has INCREASED, or their DISTANCE to the box potential has DECREASED.
init dist(p0,p1): 1.7262676501632068 new dist(p0,p1): 1.7262676501632068
init dist(p0,{0,0,0}): 7.0710678118654755 new dist(p0,{0,0,0}): 7.0710678118654755
init dist(p1,{0,0,0}): 7.653757247260981 new dist(p1,{0,0,0}): 7.653757247260981
done
------------------------------------------------------------------------
------------------------------------------------------------------------
computeEnergy single particle
putting in particles
step: 0
<p id=10 typeId=0 c=2.6841337832629666,4.520669415464736,5.348417531555291 \>
computing the neighbors brute forcely
latticeBoxSize 4.0
we created 508 pairs
get all neighbors of particleId 10
pair: 8,10
pair: 10,93
pair: 10,91
pair: 10,84
pair: 10,81
pair: 10,80
pair: 10,59
pair: 10,47
pair: 10,46
pair: 10,96
pair: 10,97
pair: 10,100
pair: 2,10
Brute Force neighboringParticleIds: 2(d=4.0), 100(d=2.59), 96(d=3.24), 97(d=1.69), 8(d=3.82), 46(d=2.87), 47(d=1.24), 84(d=3.51), 81(d=2.92), 80(d=3.86), 93(d=2.84), 59(d=3.27), 91(d=3.27), 
NeighborList neighboringParticleIds: 32, 84, 90, 9, 83, 30, 43, 65, 100, 44, 46, 81, 97, 94, 35, 58, 87, 3, 71, 76, 89, 25, 56, 10, 47, 91, 93, 96, 59, 13, 72, 16, 62, 63, 21, 39, 80, 5, 6, 57, 99, 8, 49, 12, 27, 69, 79, 66, 4, 14, 23, 64, 78, 2, 88, 31, 55, 61, 67, 48, 60, 70, 73, 85, 52, 
all  brute force found neighbors included in the neighbor list list! - good!
step: 1
<p id=10 typeId=0 c=4.700888520930963,-0.43480794258836664,5.904359626411413 \>
computing the neighbors brute forcely
latticeBoxSize 4.0
we created 436 pairs
get all neighbors of particleId 10
pair: 8,10
pair: 10,12
pair: 10,20
pair: 10,81
pair: 10,58
pair: 10,49
pair: 10,46
Brute Force neighboringParticleIds: 49(d=3.19), 81(d=3.4), 20(d=1.44), 8(d=3.65), 58(d=2.86), 46(d=2.83), 12(d=3.53), 
NeighborList neighboringParticleIds: 37, 30, 43, 100, 44, 46, 81, 27, 35, 58, 87, 15, 10, 20, 57, 99, 8, 49, 12, 66, 67, 79, 45, 69, 97, 92, 11, 33, 34, 22, 77, 86, 17, 95, 
all  brute force found neighbors included in the neighbor list list! - good!
step: 2
<p id=10 typeId=0 c=4.700888520930963,-0.43480794258836664,5.904359626411413 \>
computing the neighbors brute forcely
latticeBoxSize 4.0
we created 423 pairs
get all neighbors of particleId 10
pair: 8,10
pair: 10,12
pair: 10,20
pair: 10,81
pair: 10,58
pair: 10,49
pair: 10,46
pair: 10,36
Brute Force neighboringParticleIds: 49(d=3.19), 81(d=3.4), 20(d=1.44), 36(d=3.05), 8(d=3.65), 58(d=2.86), 46(d=2.83), 12(d=3.53), 
NeighborList neighboringParticleIds: 37, 30, 43, 44, 46, 81, 80, 35, 58, 87, 15, 10, 20, 36, 57, 99, 8, 49, 12, 66, 67, 79, 45, 69, 97, 92, 11, 33, 22, 77, 86, 17, 95, 
all  brute force found neighbors included in the neighbor list list! - good!
step: 3
<p id=10 typeId=0 c=1.2434711445872009,5.06337057328922,9.940590889006115 \>
computing the neighbors brute forcely
latticeBoxSize 4.0
we created 431 pairs
get all neighbors of particleId 10
pair: 10,13
pair: 10,23
pair: 10,93
pair: 10,91
pair: 10,90
pair: 10,87
pair: 10,72
Brute Force neighboringParticleIds: 87(d=2.58), 23(d=3.51), 93(d=3.4), 72(d=1.96), 13(d=1.81), 91(d=3.48), 90(d=3.67), 
NeighborList neighboringParticleIds: 84, 2, 90, 59, 83, 46, 81, 80, 35, 58, 87, 47, 91, 93, 96, 31, 100, 13, 72, 10, 39, 5, 16, 6, 12, 66, 67, 79, 88, 27, 55, 61, 23, 54, 101, 51, 73, 85, 65, 82, 52, 
all  brute force found neighbors included in the neighbor list list! - good!
step: 4
<p id=10 typeId=0 c=1.2434711445872009,5.06337057328922,9.940590889006115 \>
computing the neighbors brute forcely
latticeBoxSize 4.0
we created 449 pairs
get all neighbors of particleId 10
pair: 10,13
pair: 10,23
pair: 10,93
pair: 10,91
pair: 10,90
pair: 10,87
pair: 10,72
Brute Force neighboringParticleIds: 87(d=2.58), 23(d=3.51), 93(d=3.4), 72(d=1.96), 13(d=1.81), 91(d=3.48), 90(d=3.67), 
NeighborList neighboringParticleIds: 84, 2, 32, 90, 0, 59, 83, 46, 81, 80, 35, 58, 87, 47, 91, 93, 96, 31, 100, 13, 72, 10, 39, 5, 16, 6, 12, 66, 67, 79, 88, 27, 55, 61, 23, 54, 101, 51, 73, 85, 65, 82, 52, 
all  brute force found neighbors included in the neighbor list list! - good!
step: 5
<p id=10 typeId=0 c=1.2434711445872009,5.06337057328922,9.940590889006115 \>
computing the neighbors brute forcely
latticeBoxSize 4.0
we created 452 pairs
get all neighbors of particleId 10
pair: 10,13
pair: 10,23
pair: 10,93
pair: 10,91
pair: 10,90
pair: 10,87
pair: 10,72
pair: 10,59
Brute Force neighboringParticleIds: 87(d=2.58), 23(d=3.51), 59(d=3.44), 93(d=3.4), 72(d=1.96), 13(d=1.81), 91(d=3.48), 90(d=3.67), 
NeighborList neighboringParticleIds: 84, 2, 32, 90, 0, 59, 83, 46, 81, 80, 35, 58, 87, 47, 91, 93, 96, 31, 100, 13, 72, 10, 39, 5, 16, 6, 12, 82, 66, 67, 88, 27, 61, 23, 54, 101, 51, 73, 85, 65, 52, 
all  brute force found neighbors included in the neighbor list list! - good!
step: 6
<p id=10 typeId=0 c=1.2434711445872009,5.06337057328922,9.940590889006115 \>
computing the neighbors brute forcely
latticeBoxSize 4.0
we created 444 pairs
get all neighbors of particleId 10
pair: 10,13
pair: 10,23
pair: 10,93
pair: 10,91
pair: 10,90
pair: 10,87
pair: 10,72
Brute Force neighboringParticleIds: 87(d=2.58), 23(d=3.51), 93(d=3.4), 72(d=1.96), 13(d=1.81), 91(d=3.48), 90(d=3.67), 
NeighborList neighboringParticleIds: 84, 2, 32, 90, 0, 83, 46, 81, 80, 35, 58, 87, 47, 91, 93, 96, 31, 100, 13, 72, 10, 39, 5, 16, 8, 6, 12, 82, 66, 67, 88, 27, 61, 23, 54, 101, 51, 73, 85, 65, 52, 
all  brute force found neighbors included in the neighbor list list! - good!
step: 7
<p id=10 typeId=0 c=1.2434711445872009,5.06337057328922,9.940590889006115 \>
computing the neighbors brute forcely
latticeBoxSize 4.0
we created 453 pairs
get all neighbors of particleId 10
pair: 10,13
pair: 10,23
pair: 10,93
pair: 10,91
pair: 10,90
pair: 10,87
pair: 10,72
Brute Force neighboringParticleIds: 87(d=2.58), 23(d=3.51), 93(d=3.4), 72(d=1.96), 13(d=1.81), 91(d=3.48), 90(d=3.67), 
NeighborList neighboringParticleIds: 84, 2, 32, 90, 0, 8, 83, 46, 81, 80, 33, 35, 58, 87, 47, 91, 93, 96, 31, 100, 13, 72, 10, 39, 5, 16, 6, 12, 82, 66, 67, 88, 27, 61, 23, 54, 101, 51, 73, 85, 65, 52, 
all  brute force found neighbors included in the neighbor list list! - good!
step: 8
<p id=10 typeId=0 c=1.2434711445872009,5.06337057328922,9.940590889006115 \>
computing the neighbors brute forcely
latticeBoxSize 4.0
we created 453 pairs
get all neighbors of particleId 10
pair: 10,13
pair: 10,23
pair: 10,93
pair: 10,91
pair: 10,90
pair: 10,88
pair: 10,87
pair: 10,72
Brute Force neighboringParticleIds: 87(d=2.58), 23(d=3.51), 93(d=3.4), 72(d=1.96), 88(d=3.35), 13(d=1.81), 91(d=3.48), 90(d=3.67), 
NeighborList neighboringParticleIds: 84, 2, 32, 90, 0, 8, 83, 46, 81, 80, 33, 35, 58, 87, 88, 47, 91, 93, 96, 31, 100, 13, 72, 10, 39, 5, 16, 6, 12, 82, 66, 67, 27, 3, 61, 23, 54, 101, 51, 73, 85, 65, 52, 
all  brute force found neighbors included in the neighbor list list! - good!
step: 9
<p id=10 typeId=0 c=1.2434711445872009,5.06337057328922,9.940590889006115 \>
computing the neighbors brute forcely
latticeBoxSize 4.0
we created 453 pairs
get all neighbors of particleId 10
pair: 10,13
pair: 10,23
pair: 10,93
pair: 10,91
pair: 10,90
pair: 10,88
pair: 10,87
pair: 10,72
Brute Force neighboringParticleIds: 87(d=2.58), 23(d=3.51), 93(d=3.4), 72(d=1.96), 88(d=3.35), 13(d=1.81), 91(d=3.48), 90(d=3.67), 
NeighborList neighboringParticleIds: 84, 2, 32, 90, 0, 8, 83, 46, 81, 80, 33, 35, 58, 87, 88, 47, 91, 93, 96, 31, 100, 13, 72, 10, 39, 5, 16, 6, 12, 82, 66, 67, 27, 3, 61, 23, 54, 101, 51, 73, 85, 65, 52, 
all  brute force found neighbors included in the neighbor list list! - good!
step: 10
<p id=10 typeId=0 c=1.2434711445872009,5.06337057328922,9.940590889006115 \>
computing the neighbors brute forcely
latticeBoxSize 4.0
we created 453 pairs
get all neighbors of particleId 10
pair: 10,13
pair: 10,23
pair: 10,93
pair: 10,91
pair: 10,90
pair: 10,88
pair: 10,87
pair: 10,72
Brute Force neighboringParticleIds: 87(d=2.58), 23(d=3.51), 93(d=3.4), 72(d=1.96), 88(d=3.35), 13(d=1.81), 91(d=3.48), 90(d=3.67), 
NeighborList neighboringParticleIds: 84, 2, 32, 90, 0, 8, 83, 46, 81, 80, 33, 35, 58, 87, 88, 47, 91, 93, 96, 31, 100, 13, 72, 10, 39, 5, 16, 6, 12, 82, 66, 67, 27, 3, 61, 23, 54, 101, 51, 73, 85, 65, 52, 
all  brute force found neighbors included in the neighbor list list! - good!
step: 11
<p id=10 typeId=0 c=1.2434711445872009,5.06337057328922,9.940590889006115 \>
computing the neighbors brute forcely
latticeBoxSize 4.0
we created 454 pairs
get all neighbors of particleId 10
pair: 10,13
pair: 10,23
pair: 10,93
pair: 10,91
pair: 10,90
pair: 10,88
pair: 10,87
pair: 10,72
Brute Force neighboringParticleIds: 87(d=2.58), 23(d=3.51), 93(d=3.4), 72(d=1.96), 88(d=3.35), 13(d=1.81), 91(d=3.48), 90(d=3.67), 
NeighborList neighboringParticleIds: 84, 2, 32, 90, 0, 8, 83, 46, 81, 80, 33, 35, 58, 87, 88, 47, 91, 93, 96, 31, 100, 13, 72, 10, 39, 5, 16, 6, 12, 82, 66, 67, 27, 3, 61, 23, 54, 101, 51, 73, 85, 65, 52, 
all  brute force found neighbors included in the neighbor list list! - good!
step: 12
<p id=10 typeId=0 c=1.2434711445872009,5.06337057328922,9.940590889006115 \>
computing the neighbors brute forcely
latticeBoxSize 4.0
we created 450 pairs
get all neighbors of particleId 10
pair: 10,13
pair: 10,23
pair: 10,93
pair: 10,91
pair: 10,90
pair: 10,88
pair: 10,87
pair: 10,72
Brute Force neighboringParticleIds: 87(d=2.58), 23(d=3.51), 93(d=3.4), 72(d=1.96), 88(d=3.35), 13(d=1.81), 91(d=3.48), 90(d=3.67), 
NeighborList neighboringParticleIds: 2, 32, 90, 0, 8, 83, 46, 80, 33, 35, 58, 87, 88, 47, 91, 93, 96, 31, 100, 13, 72, 10, 39, 5, 16, 6, 12, 82, 66, 67, 27, 3, 61, 23, 54, 101, 84, 51, 73, 85, 65, 52, 
all  brute force found neighbors included in the neighbor list list! - good!
step: 13
<p id=10 typeId=0 c=1.2434711445872009,5.06337057328922,9.940590889006115 \>
computing the neighbors brute forcely
latticeBoxSize 4.0
we created 445 pairs
get all neighbors of particleId 10
pair: 10,13
pair: 10,23
pair: 10,93
pair: 10,91
pair: 10,90
pair: 10,88
pair: 10,87
pair: 10,72
Brute Force neighboringParticleIds: 87(d=2.58), 23(d=3.51), 93(d=3.4), 72(d=1.96), 88(d=3.35), 13(d=1.81), 91(d=3.48), 90(d=3.67), 
NeighborList neighboringParticleIds: 2, 32, 90, 0, 8, 83, 46, 80, 33, 35, 58, 87, 88, 47, 91, 93, 96, 31, 100, 13, 72, 10, 39, 5, 16, 6, 12, 82, 66, 67, 27, 3, 61, 23, 54, 101, 84, 51, 73, 85, 65, 52, 
all  brute force found neighbors included in the neighbor list list! - good!
step: 14
<p id=10 typeId=0 c=1.2434711445872009,5.06337057328922,9.940590889006115 \>
computing the neighbors brute forcely
latticeBoxSize 4.0
we created 445 pairs
get all neighbors of particleId 10
pair: 10,13
pair: 10,23
pair: 10,93
pair: 10,91
pair: 10,90
pair: 10,88
pair: 10,87
pair: 10,72
Brute Force neighboringParticleIds: 87(d=2.58), 23(d=3.51), 93(d=3.4), 72(d=1.96), 88(d=3.35), 13(d=1.81), 91(d=3.48), 90(d=3.67), 
NeighborList neighboringParticleIds: 2, 32, 90, 0, 8, 83, 46, 80, 33, 35, 58, 87, 88, 47, 91, 93, 96, 31, 100, 13, 72, 10, 39, 5, 16, 6, 12, 82, 66, 67, 27, 3, 61, 23, 54, 101, 84, 51, 73, 85, 65, 52, 
all  brute force found neighbors included in the neighbor list list! - good!
step: 15
<p id=10 typeId=0 c=1.2434711445872009,5.06337057328922,9.940590889006115 \>
computing the neighbors brute forcely
latticeBoxSize 4.0
we created 452 pairs
get all neighbors of particleId 10
pair: 10,13
pair: 10,23
pair: 10,93
pair: 10,91
pair: 10,90
pair: 10,88
pair: 10,72
Brute Force neighboringParticleIds: 23(d=3.51), 93(d=3.4), 72(d=1.96), 88(d=3.35), 13(d=1.81), 91(d=3.48), 90(d=3.67), 
NeighborList neighboringParticleIds: 2, 32, 90, 0, 8, 83, 46, 80, 33, 35, 58, 88, 47, 91, 93, 96, 31, 13, 72, 10, 39, 5, 16, 6, 87, 12, 82, 66, 67, 27, 3, 61, 23, 54, 101, 84, 51, 73, 85, 65, 52, 
all  brute force found neighbors included in the neighbor list list! - good!
step: 16
<p id=10 typeId=0 c=1.2434711445872009,5.06337057328922,9.940590889006115 \>
computing the neighbors brute forcely
latticeBoxSize 4.0
we created 447 pairs
get all neighbors of particleId 10
pair: 10,13
pair: 10,23
pair: 10,93
pair: 10,91
pair: 10,90
pair: 10,88
pair: 10,72
Brute Force neighboringParticleIds: 23(d=3.51), 93(d=3.4), 72(d=1.96), 88(d=3.35), 13(d=1.81), 91(d=3.48), 90(d=3.67), 
NeighborList neighboringParticleIds: 2, 32, 90, 0, 8, 83, 46, 80, 33, 35, 58, 88, 47, 91, 93, 96, 31, 13, 72, 10, 39, 5, 16, 6, 87, 12, 82, 66, 67, 27, 3, 61, 23, 54, 101, 84, 51, 73, 85, 65, 52, 
all  brute force found neighbors included in the neighbor list list! - good!
step: 17
<p id=10 typeId=0 c=1.2434711445872009,5.06337057328922,9.940590889006115 \>
computing the neighbors brute forcely
latticeBoxSize 4.0
we created 453 pairs
get all neighbors of particleId 10
pair: 10,13
pair: 10,23
pair: 10,93
pair: 10,91
pair: 10,90
pair: 10,88
pair: 10,72
Brute Force neighboringParticleIds: 23(d=3.51), 93(d=3.4), 72(d=1.96), 88(d=3.35), 13(d=1.81), 91(d=3.48), 90(d=3.67), 
NeighborList neighboringParticleIds: 2, 32, 90, 0, 8, 83, 46, 80, 33, 35, 58, 88, 47, 91, 93, 96, 31, 13, 72, 10, 39, 5, 16, 6, 87, 12, 82, 66, 67, 27, 3, 61, 23, 54, 101, 84, 51, 73, 85, 65, 52, 
all  brute force found neighbors included in the neighbor list list! - good!
step: 18
<p id=10 typeId=0 c=1.2434711445872009,5.06337057328922,9.940590889006115 \>
computing the neighbors brute forcely
latticeBoxSize 4.0
we created 448 pairs
get all neighbors of particleId 10
pair: 10,13
pair: 10,23
pair: 10,93
pair: 10,91
pair: 10,90
pair: 10,88
pair: 10,72
Brute Force neighboringParticleIds: 23(d=3.51), 93(d=3.4), 72(d=1.96), 88(d=3.35), 13(d=1.81), 91(d=3.48), 90(d=3.67), 
NeighborList neighboringParticleIds: 2, 32, 90, 0, 8, 83, 46, 80, 35, 58, 88, 47, 91, 93, 96, 31, 13, 72, 10, 39, 5, 16, 6, 87, 12, 82, 66, 67, 27, 3, 61, 23, 54, 101, 84, 51, 73, 85, 65, 52, 
all  brute force found neighbors included in the neighbor list list! - good!
step: 19
<p id=10 typeId=0 c=1.2434711445872009,5.06337057328922,9.940590889006115 \>
computing the neighbors brute forcely
latticeBoxSize 4.0
we created 448 pairs
get all neighbors of particleId 10
pair: 10,13
pair: 10,23
pair: 10,93
pair: 10,91
pair: 10,90
pair: 10,88
pair: 10,72
Brute Force neighboringParticleIds: 23(d=3.51), 93(d=3.4), 72(d=1.96), 88(d=3.35), 13(d=1.81), 91(d=3.48), 90(d=3.67), 
NeighborList neighboringParticleIds: 2, 32, 90, 0, 8, 83, 46, 80, 35, 58, 88, 47, 91, 93, 96, 31, 13, 72, 10, 39, 5, 16, 6, 87, 12, 82, 66, 67, 27, 3, 61, 23, 54, 101, 84, 51, 73, 85, 65, 52, 
all  brute force found neighbors included in the neighbor list list! - good!
step: 20
<p id=10 typeId=0 c=1.2434711445872009,5.06337057328922,9.940590889006115 \>
computing the neighbors brute forcely
latticeBoxSize 4.0
we created 440 pairs
get all neighbors of particleId 10
pair: 10,13
pair: 10,23
pair: 10,93
pair: 10,91
pair: 10,90
pair: 10,88
pair: 10,72
Brute Force neighboringParticleIds: 23(d=3.51), 93(d=3.4), 72(d=1.96), 88(d=3.35), 13(d=1.81), 91(d=3.48), 90(d=3.67), 
NeighborList neighboringParticleIds: 2, 32, 90, 0, 8, 83, 46, 80, 35, 58, 88, 47, 91, 93, 96, 31, 13, 72, 10, 39, 5, 16, 6, 87, 12, 82, 66, 67, 27, 3, 61, 23, 54, 101, 84, 51, 73, 85, 65, 52, 
all  brute force found neighbors included in the neighbor list list! - good!
step: 21
<p id=10 typeId=0 c=1.2434711445872009,5.06337057328922,9.940590889006115 \>
computing the neighbors brute forcely
latticeBoxSize 4.0
we created 440 pairs
get all neighbors of particleId 10
pair: 10,13
pair: 10,23
pair: 10,93
pair: 10,91
pair: 10,90
pair: 10,88
pair: 10,72
Brute Force neighboringParticleIds: 23(d=3.51), 93(d=3.4), 72(d=1.96), 88(d=3.35), 13(d=1.81), 91(d=3.48), 90(d=3.67), 
NeighborList neighboringParticleIds: 2, 32, 90, 0, 8, 83, 46, 80, 35, 58, 88, 47, 91, 93, 96, 31, 13, 72, 10, 39, 5, 16, 6, 87, 12, 82, 66, 67, 27, 3, 61, 23, 54, 101, 84, 51, 73, 85, 65, 52, 
all  brute force found neighbors included in the neighbor list list! - good!
step: 22
<p id=10 typeId=0 c=1.2434711445872009,5.06337057328922,9.940590889006115 \>
computing the neighbors brute forcely
latticeBoxSize 4.0
we created 436 pairs
get all neighbors of particleId 10
pair: 10,13
pair: 10,23
pair: 10,93
pair: 10,91
pair: 10,90
pair: 10,88
pair: 10,72
Brute Force neighboringParticleIds: 23(d=3.51), 93(d=3.4), 72(d=1.96), 88(d=3.35), 13(d=1.81), 91(d=3.48), 90(d=3.67), 
NeighborList neighboringParticleIds: 2, 32, 90, 0, 8, 83, 46, 80, 35, 58, 88, 47, 91, 93, 96, 31, 13, 72, 10, 39, 5, 16, 6, 87, 12, 82, 66, 67, 27, 3, 61, 23, 54, 101, 84, 51, 73, 85, 65, 52, 
all  brute force found neighbors included in the neighbor list list! - good!
step: 23
<p id=10 typeId=0 c=1.2434711445872009,5.06337057328922,9.940590889006115 \>
computing the neighbors brute forcely
latticeBoxSize 4.0
we created 443 pairs
get all neighbors of particleId 10
pair: 10,13
pair: 10,23
pair: 10,93
pair: 10,91
pair: 10,90
pair: 10,88
pair: 10,72
Brute Force neighboringParticleIds: 23(d=3.51), 93(d=3.4), 72(d=1.96), 88(d=3.35), 13(d=1.81), 91(d=3.48), 90(d=3.67), 
NeighborList neighboringParticleIds: 2, 32, 90, 0, 8, 83, 46, 80, 35, 58, 88, 47, 91, 93, 96, 31, 13, 72, 10, 39, 5, 16, 6, 87, 12, 82, 66, 67, 27, 3, 61, 23, 54, 101, 84, 51, 73, 85, 65, 52, 
all  brute force found neighbors included in the neighbor list list! - good!
step: 24
<p id=10 typeId=0 c=1.2434711445872009,5.06337057328922,9.940590889006115 \>
computing the neighbors brute forcely
latticeBoxSize 4.0
we created 441 pairs
get all neighbors of particleId 10
pair: 10,13
pair: 10,23
pair: 10,93
pair: 10,91
pair: 10,90
pair: 10,88
pair: 10,72
Brute Force neighboringParticleIds: 23(d=3.51), 93(d=3.4), 72(d=1.96), 88(d=3.35), 13(d=1.81), 91(d=3.48), 90(d=3.67), 
NeighborList neighboringParticleIds: 2, 32, 90, 0, 8, 83, 46, 80, 35, 58, 88, 47, 91, 93, 96, 31, 13, 72, 10, 39, 5, 16, 6, 87, 12, 82, 66, 67, 27, 3, 61, 23, 54, 101, 84, 51, 73, 85, 65, 52, 28, 
all  brute force found neighbors included in the neighbor list list! - good!
step: 25
<p id=10 typeId=0 c=1.2434711445872009,5.06337057328922,9.940590889006115 \>
computing the neighbors brute forcely
latticeBoxSize 4.0
we created 433 pairs
get all neighbors of particleId 10
pair: 10,13
pair: 10,23
pair: 10,93
pair: 10,91
pair: 10,90
pair: 10,88
pair: 10,72
Brute Force neighboringParticleIds: 23(d=3.51), 93(d=3.4), 72(d=1.96), 88(d=3.35), 13(d=1.81), 91(d=3.48), 90(d=3.67), 
NeighborList neighboringParticleIds: 2, 32, 90, 0, 8, 83, 46, 80, 35, 58, 88, 47, 91, 93, 96, 31, 13, 72, 10, 39, 5, 16, 6, 87, 12, 82, 66, 67, 84, 27, 3, 61, 23, 54, 101, 51, 73, 85, 65, 52, 28, 
all  brute force found neighbors included in the neighbor list list! - good!
step: 26
<p id=10 typeId=0 c=1.2434711445872009,5.06337057328922,9.940590889006115 \>
computing the neighbors brute forcely
latticeBoxSize 4.0
we created 434 pairs
get all neighbors of particleId 10
pair: 10,13
pair: 10,23
pair: 10,93
pair: 10,91
pair: 10,90
pair: 10,88
pair: 10,72
pair: 10,69
Brute Force neighboringParticleIds: 69(d=3.23), 23(d=3.51), 93(d=3.4), 72(d=1.96), 88(d=3.35), 13(d=1.81), 91(d=3.48), 90(d=3.67), 
NeighborList neighboringParticleIds: 2, 32, 90, 0, 8, 83, 46, 80, 35, 58, 88, 69, 47, 91, 93, 96, 31, 13, 72, 10, 39, 5, 16, 6, 87, 12, 82, 66, 67, 84, 27, 3, 61, 23, 54, 101, 51, 73, 85, 65, 52, 28, 
all  brute force found neighbors included in the neighbor list list! - good!
step: 27
<p id=10 typeId=0 c=1.2434711445872009,5.06337057328922,9.940590889006115 \>
computing the neighbors brute forcely
latticeBoxSize 4.0
we created 440 pairs
get all neighbors of particleId 10
pair: 10,13
pair: 10,23
pair: 10,93
pair: 10,91
pair: 10,90
pair: 10,88
pair: 10,72
pair: 10,69
pair: 10,51
Brute Force neighboringParticleIds: 51(d=2.37), 69(d=3.23), 23(d=3.51), 93(d=3.4), 72(d=1.96), 88(d=3.35), 13(d=1.81), 91(d=3.48), 90(d=3.67), 
NeighborList neighboringParticleIds: 2, 32, 90, 0, 8, 51, 83, 46, 80, 35, 58, 88, 69, 47, 91, 93, 96, 31, 13, 72, 10, 39, 5, 16, 6, 87, 12, 82, 66, 67, 84, 27, 3, 61, 23, 54, 101, 73, 85, 65, 52, 28, 
all  brute force found neighbors included in the neighbor list list! - good!
step: 28
<p id=10 typeId=0 c=1.2434711445872009,5.06337057328922,9.940590889006115 \>
computing the neighbors brute forcely
latticeBoxSize 4.0
we created 441 pairs
get all neighbors of particleId 10
pair: 10,13
pair: 10,23
pair: 10,93
pair: 10,91
pair: 10,90
pair: 10,88
pair: 10,72
pair: 10,69
pair: 10,51
Brute Force neighboringParticleIds: 51(d=2.37), 69(d=3.23), 23(d=3.51), 93(d=3.4), 72(d=1.96), 88(d=3.35), 13(d=1.81), 91(d=3.48), 90(d=3.67), 
NeighborList neighboringParticleIds: 2, 32, 90, 0, 8, 51, 83, 46, 80, 35, 58, 88, 69, 47, 91, 93, 96, 31, 13, 72, 10, 39, 5, 16, 6, 87, 12, 82, 66, 67, 84, 27, 3, 61, 23, 54, 101, 79, 73, 85, 65, 52, 28, 
all  brute force found neighbors included in the neighbor list list! - good!
step: 29
<p id=10 typeId=0 c=1.2434711445872009,5.06337057328922,9.940590889006115 \>
computing the neighbors brute forcely
latticeBoxSize 4.0
we created 441 pairs
get all neighbors of particleId 10
pair: 10,13
pair: 10,23
pair: 10,93
pair: 10,91
pair: 10,90
pair: 10,88
pair: 10,72
pair: 10,69
pair: 10,51
Brute Force neighboringParticleIds: 51(d=2.37), 69(d=3.23), 23(d=3.51), 93(d=3.4), 72(d=1.96), 88(d=3.35), 13(d=1.81), 91(d=3.48), 90(d=3.67), 
NeighborList neighboringParticleIds: 2, 32, 90, 0, 8, 51, 83, 46, 80, 35, 58, 88, 69, 47, 91, 93, 96, 31, 13, 72, 10, 39, 5, 16, 6, 87, 12, 82, 66, 67, 84, 27, 3, 61, 23, 54, 101, 79, 73, 85, 65, 52, 28, 
all  brute force found neighbors included in the neighbor list list! - good!
step: 30
<p id=10 typeId=0 c=1.2434711445872009,5.06337057328922,9.940590889006115 \>
computing the neighbors brute forcely
latticeBoxSize 4.0
we created 446 pairs
get all neighbors of particleId 10
pair: 10,13
pair: 10,23
pair: 10,93
pair: 10,91
pair: 10,90
pair: 10,88
pair: 10,72
pair: 10,69
pair: 10,51
Brute Force neighboringParticleIds: 51(d=2.37), 69(d=3.23), 23(d=3.51), 93(d=3.4), 72(d=1.96), 88(d=3.35), 13(d=1.81), 91(d=3.48), 90(d=3.67), 
NeighborList neighboringParticleIds: 2, 32, 90, 0, 8, 51, 83, 46, 80, 58, 88, 69, 47, 91, 93, 96, 31, 13, 72, 10, 39, 5, 16, 6, 87, 12, 82, 66, 67, 84, 27, 3, 61, 23, 54, 101, 79, 73, 85, 65, 52, 28, 35, 
all  brute force found neighbors included in the neighbor list list! - good!
step: 31
<p id=10 typeId=0 c=1.2434711445872009,5.06337057328922,9.940590889006115 \>
computing the neighbors brute forcely
latticeBoxSize 4.0
we created 446 pairs
get all neighbors of particleId 10
pair: 10,13
pair: 10,23
pair: 10,93
pair: 10,91
pair: 10,90
pair: 10,88
pair: 10,72
pair: 10,69
pair: 10,51
Brute Force neighboringParticleIds: 51(d=2.37), 69(d=3.23), 23(d=3.51), 93(d=3.4), 72(d=1.96), 88(d=3.35), 13(d=1.81), 91(d=3.48), 90(d=3.67), 
NeighborList neighboringParticleIds: 2, 32, 90, 0, 8, 51, 83, 46, 80, 58, 88, 69, 47, 91, 93, 96, 31, 13, 72, 10, 39, 5, 16, 6, 87, 12, 82, 66, 67, 84, 27, 3, 61, 23, 54, 101, 79, 73, 85, 65, 52, 28, 35, 
all  brute force found neighbors included in the neighbor list list! - good!
step: 32
<p id=10 typeId=0 c=1.2434711445872009,5.06337057328922,9.940590889006115 \>
computing the neighbors brute forcely
latticeBoxSize 4.0
we created 446 pairs
get all neighbors of particleId 10
pair: 10,13
pair: 10,23
pair: 10,93
pair: 10,91
pair: 10,90
pair: 10,88
pair: 10,72
pair: 10,69
pair: 10,51
Brute Force neighboringParticleIds: 51(d=2.37), 69(d=3.23), 23(d=3.51), 93(d=3.4), 72(d=1.96), 88(d=3.35), 13(d=1.81), 91(d=3.48), 90(d=3.67), 
NeighborList neighboringParticleIds: 2, 32, 90, 0, 8, 51, 83, 46, 80, 58, 88, 69, 47, 91, 93, 96, 31, 13, 72, 10, 39, 5, 16, 6, 87, 12, 82, 66, 67, 84, 27, 3, 61, 23, 54, 101, 79, 73, 85, 65, 52, 28, 35, 
all  brute force found neighbors included in the neighbor list list! - good!
step: 33
<p id=10 typeId=0 c=1.2434711445872009,5.06337057328922,9.940590889006115 \>
computing the neighbors brute forcely
latticeBoxSize 4.0
we created 446 pairs
get all neighbors of particleId 10
pair: 10,13
pair: 10,23
pair: 10,93
pair: 10,91
pair: 10,90
pair: 10,88
pair: 10,72
pair: 10,69
pair: 10,51
Brute Force neighboringParticleIds: 51(d=2.37), 69(d=3.23), 23(d=3.51), 93(d=3.4), 72(d=1.96), 88(d=3.35), 13(d=1.81), 91(d=3.48), 90(d=3.67), 
NeighborList neighboringParticleIds: 2, 32, 90, 0, 8, 51, 83, 46, 80, 58, 88, 69, 47, 91, 93, 96, 31, 13, 72, 10, 39, 5, 16, 6, 87, 12, 82, 66, 67, 84, 27, 3, 61, 23, 54, 101, 79, 73, 85, 65, 52, 28, 35, 
all  brute force found neighbors included in the neighbor list list! - good!
step: 34
<p id=10 typeId=0 c=1.2434711445872009,5.06337057328922,9.940590889006115 \>
computing the neighbors brute forcely
latticeBoxSize 4.0
we created 446 pairs
get all neighbors of particleId 10
pair: 10,13
pair: 10,23
pair: 10,93
pair: 10,91
pair: 10,90
pair: 10,88
pair: 10,72
pair: 10,69
pair: 10,51
Brute Force neighboringParticleIds: 51(d=2.37), 69(d=3.23), 23(d=3.51), 93(d=3.4), 72(d=1.96), 88(d=3.35), 13(d=1.81), 91(d=3.48), 90(d=3.67), 
NeighborList neighboringParticleIds: 2, 32, 90, 0, 8, 51, 83, 46, 80, 58, 88, 69, 47, 91, 93, 96, 31, 13, 72, 10, 39, 5, 16, 6, 87, 12, 82, 66, 67, 84, 27, 3, 61, 23, 54, 101, 79, 73, 85, 65, 52, 28, 35, 
all  brute force found neighbors included in the neighbor list list! - good!
step: 35
<p id=10 typeId=0 c=1.2434711445872009,5.06337057328922,9.940590889006115 \>
computing the neighbors brute forcely
latticeBoxSize 4.0
we created 450 pairs
get all neighbors of particleId 10
pair: 10,13
pair: 10,23
pair: 10,93
pair: 10,91
pair: 10,90
pair: 10,88
pair: 10,72
pair: 10,69
pair: 10,51
Brute Force neighboringParticleIds: 51(d=2.37), 69(d=3.23), 23(d=3.51), 93(d=3.4), 72(d=1.96), 88(d=3.35), 13(d=1.81), 91(d=3.48), 90(d=3.67), 
NeighborList neighboringParticleIds: 2, 32, 90, 0, 8, 51, 83, 46, 80, 58, 88, 69, 47, 91, 93, 96, 31, 13, 72, 10, 39, 5, 16, 6, 87, 12, 82, 66, 67, 84, 27, 3, 61, 23, 54, 101, 79, 73, 85, 65, 52, 28, 35, 
all  brute force found neighbors included in the neighbor list list! - good!
step: 36
<p id=10 typeId=0 c=1.2434711445872009,5.06337057328922,9.940590889006115 \>
computing the neighbors brute forcely
latticeBoxSize 4.0
we created 456 pairs
get all neighbors of particleId 10
pair: 10,23
pair: 10,93
pair: 10,91
pair: 10,90
pair: 10,88
pair: 10,72
pair: 10,69
pair: 10,51
Brute Force neighboringParticleIds: 51(d=2.37), 69(d=3.23), 23(d=3.51), 93(d=3.4), 72(d=1.96), 88(d=3.35), 91(d=3.48), 90(d=3.67), 
NeighborList neighboringParticleIds: 2, 32, 90, 0, 8, 51, 83, 46, 80, 58, 88, 69, 47, 91, 93, 96, 31, 72, 10, 39, 5, 16, 6, 87, 12, 82, 13, 66, 67, 84, 27, 3, 61, 23, 54, 101, 79, 73, 85, 65, 52, 28, 35, 
all  brute force found neighbors included in the neighbor list list! - good!
step: 37
<p id=10 typeId=0 c=1.2434711445872009,5.06337057328922,9.940590889006115 \>
computing the neighbors brute forcely
latticeBoxSize 4.0
we created 455 pairs
get all neighbors of particleId 10
pair: 10,23
pair: 10,93
pair: 10,91
pair: 10,90
pair: 10,88
pair: 10,72
pair: 10,69
pair: 10,51
Brute Force neighboringParticleIds: 51(d=2.37), 69(d=3.23), 23(d=3.51), 93(d=2.5), 72(d=1.96), 88(d=3.35), 91(d=3.48), 90(d=3.67), 
NeighborList neighboringParticleIds: 2, 32, 90, 0, 8, 51, 83, 46, 80, 58, 88, 69, 93, 47, 91, 96, 31, 72, 10, 39, 5, 16, 6, 87, 12, 82, 13, 66, 67, 84, 27, 3, 61, 23, 54, 101, 79, 73, 85, 65, 52, 28, 35, 
all  brute force found neighbors included in the neighbor list list! - good!
step: 38
<p id=10 typeId=0 c=1.2434711445872009,5.06337057328922,9.940590889006115 \>
computing the neighbors brute forcely
latticeBoxSize 4.0
we created 459 pairs
get all neighbors of particleId 10
pair: 10,23
pair: 10,93
pair: 10,91
pair: 10,90
pair: 10,88
pair: 10,72
pair: 10,69
pair: 10,51
Brute Force neighboringParticleIds: 51(d=2.37), 69(d=3.23), 23(d=3.51), 93(d=2.5), 72(d=1.96), 88(d=3.35), 91(d=3.48), 90(d=3.67), 
NeighborList neighboringParticleIds: 2, 32, 90, 0, 8, 51, 83, 46, 80, 58, 88, 69, 93, 47, 91, 96, 31, 72, 10, 39, 5, 16, 6, 87, 12, 82, 13, 66, 67, 84, 27, 3, 61, 23, 54, 101, 79, 73, 85, 65, 52, 28, 35, 
all  brute force found neighbors included in the neighbor list list! - good!
step: 39
<p id=10 typeId=0 c=1.2434711445872009,5.06337057328922,9.940590889006115 \>
computing the neighbors brute forcely
latticeBoxSize 4.0
we created 453 pairs
get all neighbors of particleId 10
pair: 10,13
pair: 10,23
pair: 10,93
pair: 10,91
pair: 10,90
pair: 10,88
pair: 10,72
pair: 10,69
pair: 10,51
Brute Force neighboringParticleIds: 51(d=2.37), 69(d=3.23), 23(d=3.51), 93(d=2.5), 72(d=1.96), 88(d=3.35), 13(d=2.87), 91(d=3.48), 90(d=3.67), 
NeighborList neighboringParticleIds: 2, 32, 90, 0, 8, 51, 83, 46, 80, 58, 88, 69, 93, 13, 47, 91, 96, 31, 72, 10, 39, 5, 16, 6, 87, 12, 82, 66, 67, 84, 27, 3, 61, 23, 54, 101, 79, 73, 85, 65, 52, 28, 35, 
all  brute force found neighbors included in the neighbor list list! - good!
step: 40
<p id=10 typeId=0 c=1.2434711445872009,5.06337057328922,9.940590889006115 \>
computing the neighbors brute forcely
latticeBoxSize 4.0
we created 455 pairs
get all neighbors of particleId 10
pair: 10,13
pair: 10,23
pair: 10,93
pair: 10,91
pair: 10,90
pair: 10,88
pair: 10,72
pair: 10,69
pair: 10,51
pair: 10,43
Brute Force neighboringParticleIds: 51(d=2.37), 69(d=3.23), 23(d=3.51), 93(d=2.5), 43(d=3.9), 72(d=1.96), 88(d=3.35), 13(d=2.87), 91(d=3.48), 90(d=3.67), 
NeighborList neighboringParticleIds: 2, 32, 90, 0, 8, 51, 83, 46, 80, 58, 88, 69, 93, 13, 47, 91, 96, 31, 43, 72, 10, 39, 5, 16, 6, 87, 12, 82, 66, 67, 84, 27, 3, 61, 23, 54, 101, 79, 73, 85, 65, 52, 28, 35, 
all  brute force found neighbors included in the neighbor list list! - good!
step: 41
<p id=10 typeId=0 c=1.2434711445872009,5.06337057328922,9.940590889006115 \>
computing the neighbors brute forcely
latticeBoxSize 4.0
we created 456 pairs
get all neighbors of particleId 10
pair: 10,13
pair: 10,23
pair: 10,93
pair: 10,91
pair: 10,90
pair: 10,88
pair: 10,72
pair: 10,69
pair: 10,51
pair: 10,43
Brute Force neighboringParticleIds: 51(d=2.37), 69(d=3.23), 23(d=3.51), 93(d=2.5), 43(d=3.9), 72(d=1.96), 88(d=3.35), 13(d=2.87), 91(d=3.48), 90(d=3.67), 
NeighborList neighboringParticleIds: 2, 32, 90, 0, 8, 51, 83, 46, 80, 58, 88, 69, 93, 13, 47, 91, 96, 31, 43, 72, 10, 39, 5, 16, 6, 87, 12, 82, 66, 67, 84, 27, 3, 61, 23, 54, 101, 79, 73, 85, 65, 52, 28, 35, 
all  brute force found neighbors included in the neighbor list list! - good!
step: 42
<p id=10 typeId=0 c=1.2434711445872009,5.06337057328922,9.940590889006115 \>
computing the neighbors brute forcely
latticeBoxSize 4.0
we created 458 pairs
get all neighbors of particleId 10
pair: 10,13
pair: 10,23
pair: 10,93
pair: 10,91
pair: 10,90
pair: 10,88
pair: 10,72
pair: 10,69
pair: 10,51
pair: 10,43
Brute Force neighboringParticleIds: 51(d=3.59), 69(d=3.23), 23(d=3.51), 93(d=2.5), 43(d=3.9), 72(d=1.96), 88(d=3.35), 13(d=2.87), 91(d=3.48), 90(d=3.67), 
NeighborList neighboringParticleIds: 2, 32, 90, 0, 8, 51, 83, 46, 80, 58, 88, 69, 93, 13, 47, 91, 96, 31, 43, 72, 10, 39, 5, 16, 6, 87, 12, 82, 66, 67, 84, 27, 3, 61, 23, 54, 101, 79, 73, 85, 65, 52, 28, 35, 
all  brute force found neighbors included in the neighbor list list! - good!
step: 43
<p id=10 typeId=0 c=1.2434711445872009,5.06337057328922,9.940590889006115 \>
computing the neighbors brute forcely
latticeBoxSize 4.0
we created 463 pairs
get all neighbors of particleId 10
pair: 10,13
pair: 10,23
pair: 10,93
pair: 10,91
pair: 10,90
pair: 10,88
pair: 10,72
pair: 10,69
pair: 10,51
pair: 10,43
Brute Force neighboringParticleIds: 51(d=3.59), 69(d=3.23), 23(d=3.51), 93(d=2.5), 43(d=3.9), 72(d=1.96), 88(d=3.35), 13(d=2.87), 91(d=3.48), 90(d=3.67), 
NeighborList neighboringParticleIds: 2, 32, 90, 0, 8, 51, 83, 46, 80, 58, 88, 69, 93, 13, 47, 91, 96, 31, 43, 72, 10, 39, 5, 16, 6, 87, 12, 82, 66, 67, 84, 27, 3, 61, 23, 54, 101, 79, 73, 85, 65, 52, 28, 35, 
all  brute force found neighbors included in the neighbor list list! - good!
step: 44
<p id=10 typeId=0 c=1.2434711445872009,5.06337057328922,9.940590889006115 \>
computing the neighbors brute forcely
latticeBoxSize 4.0
we created 463 pairs
get all neighbors of particleId 10
pair: 10,13
pair: 10,23
pair: 10,93
pair: 10,91
pair: 10,90
pair: 10,88
pair: 10,72
pair: 10,69
pair: 10,51
pair: 10,43
Brute Force neighboringParticleIds: 51(d=3.59), 69(d=3.23), 23(d=3.51), 93(d=2.5), 43(d=3.9), 72(d=1.96), 88(d=3.35), 13(d=2.87), 91(d=3.48), 90(d=3.67), 
NeighborList neighboringParticleIds: 2, 32, 90, 0, 8, 51, 83, 46, 80, 58, 88, 69, 93, 13, 47, 91, 96, 31, 43, 72, 10, 39, 5, 16, 6, 87, 12, 82, 66, 67, 84, 27, 3, 61, 23, 54, 101, 79, 73, 85, 65, 52, 28, 35, 
all  brute force found neighbors included in the neighbor list list! - good!
step: 45
<p id=10 typeId=0 c=1.2434711445872009,5.06337057328922,9.940590889006115 \>
computing the neighbors brute forcely
latticeBoxSize 4.0
we created 463 pairs
get all neighbors of particleId 10
pair: 10,13
pair: 10,23
pair: 10,93
pair: 10,91
pair: 10,90
pair: 10,88
pair: 10,72
pair: 10,69
pair: 10,51
pair: 10,43
Brute Force neighboringParticleIds: 51(d=3.59), 69(d=3.23), 23(d=3.51), 93(d=2.5), 43(d=3.9), 72(d=1.96), 88(d=3.35), 13(d=2.87), 91(d=3.48), 90(d=3.67), 
NeighborList neighboringParticleIds: 2, 32, 90, 0, 8, 51, 83, 46, 80, 58, 88, 69, 93, 13, 47, 91, 96, 31, 43, 72, 10, 39, 5, 16, 6, 87, 12, 82, 66, 67, 84, 27, 3, 61, 23, 54, 101, 79, 73, 85, 65, 52, 28, 35, 
all  brute force found neighbors included in the neighbor list list! - good!
step: 46
<p id=10 typeId=0 c=1.2434711445872009,5.06337057328922,9.940590889006115 \>
computing the neighbors brute forcely
latticeBoxSize 4.0
we created 463 pairs
get all neighbors of particleId 10
pair: 10,13
pair: 10,23
pair: 10,93
pair: 10,91
pair: 10,90
pair: 10,88
pair: 10,72
pair: 10,69
pair: 10,51
pair: 10,43
Brute Force neighboringParticleIds: 51(d=3.59), 69(d=3.23), 23(d=3.51), 93(d=2.5), 43(d=3.9), 72(d=1.96), 88(d=3.35), 13(d=2.87), 91(d=3.48), 90(d=3.67), 
NeighborList neighboringParticleIds: 2, 32, 90, 0, 8, 51, 83, 46, 80, 58, 88, 69, 93, 13, 47, 91, 96, 31, 43, 72, 10, 39, 5, 16, 6, 87, 12, 82, 66, 67, 84, 27, 3, 61, 23, 54, 101, 79, 73, 85, 65, 52, 28, 35, 
all  brute force found neighbors included in the neighbor list list! - good!
step: 47
<p id=10 typeId=0 c=1.2434711445872009,5.06337057328922,9.940590889006115 \>
computing the neighbors brute forcely
latticeBoxSize 4.0
we created 463 pairs
get all neighbors of particleId 10
pair: 10,13
pair: 10,23
pair: 10,93
pair: 10,91
pair: 10,90
pair: 10,88
pair: 10,72
pair: 10,69
pair: 10,51
pair: 10,43
Brute Force neighboringParticleIds: 51(d=3.59), 69(d=3.23), 23(d=3.51), 93(d=2.5), 43(d=3.9), 72(d=1.96), 88(d=3.35), 13(d=2.87), 91(d=3.48), 90(d=3.67), 
NeighborList neighboringParticleIds: 2, 32, 90, 0, 8, 51, 83, 46, 80, 58, 88, 69, 93, 13, 47, 91, 96, 31, 43, 72, 10, 39, 5, 16, 6, 87, 12, 82, 66, 67, 84, 27, 3, 61, 23, 54, 101, 79, 73, 85, 65, 52, 28, 35, 
all  brute force found neighbors included in the neighbor list list! - good!
step: 48
<p id=10 typeId=0 c=1.2434711445872009,5.06337057328922,9.940590889006115 \>
computing the neighbors brute forcely
latticeBoxSize 4.0
we created 463 pairs
get all neighbors of particleId 10
pair: 10,13
pair: 10,23
pair: 10,93
pair: 10,91
pair: 10,90
pair: 10,88
pair: 10,72
pair: 10,69
pair: 10,51
pair: 10,43
Brute Force neighboringParticleIds: 51(d=3.59), 69(d=3.23), 23(d=3.51), 93(d=2.5), 43(d=3.9), 72(d=1.96), 88(d=3.35), 13(d=2.87), 91(d=3.48), 90(d=3.67), 
NeighborList neighboringParticleIds: 2, 32, 90, 0, 8, 51, 83, 46, 80, 58, 88, 69, 93, 13, 47, 91, 96, 31, 43, 72, 10, 39, 5, 16, 6, 87, 12, 82, 66, 67, 84, 27, 3, 61, 23, 54, 101, 79, 73, 85, 65, 52, 28, 35, 
all  brute force found neighbors included in the neighbor list list! - good!
step: 49
<p id=10 typeId=0 c=1.2434711445872009,5.06337057328922,9.940590889006115 \>
computing the neighbors brute forcely
latticeBoxSize 4.0
we created 462 pairs
get all neighbors of particleId 10
pair: 10,13
pair: 10,23
pair: 10,93
pair: 10,91
pair: 10,90
pair: 10,88
pair: 10,72
pair: 10,69
pair: 10,51
pair: 10,43
Brute Force neighboringParticleIds: 51(d=3.59), 69(d=3.23), 23(d=3.51), 93(d=2.5), 43(d=3.9), 72(d=1.96), 88(d=3.35), 13(d=2.87), 91(d=3.48), 90(d=3.67), 
NeighborList neighboringParticleIds: 2, 32, 90, 0, 8, 51, 83, 46, 80, 58, 88, 69, 93, 13, 91, 96, 31, 43, 72, 10, 39, 5, 16, 6, 87, 12, 82, 66, 67, 84, 27, 3, 61, 23, 54, 101, 79, 73, 85, 65, 52, 28, 35, 
all  brute force found neighbors included in the neighbor list list! - good!
step: 50
<p id=10 typeId=0 c=1.2434711445872009,5.06337057328922,9.940590889006115 \>
computing the neighbors brute forcely
latticeBoxSize 4.0
we created 476 pairs
get all neighbors of particleId 10
pair: 10,13
pair: 10,23
pair: 10,93
pair: 10,90
pair: 10,88
pair: 10,72
pair: 10,69
pair: 10,51
pair: 10,43
Brute Force neighboringParticleIds: 51(d=3.59), 69(d=3.23), 23(d=3.51), 93(d=2.5), 43(d=3.9), 72(d=1.96), 88(d=3.35), 13(d=2.87), 90(d=3.67), 
NeighborList neighboringParticleIds: 2, 32, 90, 0, 8, 51, 83, 46, 80, 58, 88, 69, 93, 13, 96, 31, 43, 72, 10, 39, 5, 6, 87, 12, 82, 66, 67, 84, 27, 3, 61, 23, 54, 101, 79, 91, 73, 85, 65, 52, 28, 35, 
all  brute force found neighbors included in the neighbor list list! - good!
step: 51
<p id=10 typeId=0 c=1.2434711445872009,5.06337057328922,9.940590889006115 \>
computing the neighbors brute forcely
latticeBoxSize 4.0
we created 482 pairs
get all neighbors of particleId 10
pair: 10,13
pair: 10,23
pair: 10,93
pair: 10,90
pair: 10,88
pair: 10,72
pair: 10,69
pair: 10,51
pair: 10,43
Brute Force neighboringParticleIds: 51(d=3.59), 69(d=3.23), 23(d=3.51), 93(d=2.5), 43(d=3.9), 72(d=1.96), 88(d=3.35), 13(d=2.87), 90(d=3.67), 
NeighborList neighboringParticleIds: 2, 32, 90, 0, 8, 51, 83, 46, 80, 58, 88, 69, 93, 13, 96, 31, 43, 72, 10, 39, 5, 6, 87, 12, 82, 66, 67, 84, 27, 3, 23, 54, 101, 79, 91, 73, 85, 65, 52, 28, 35, 
all  brute force found neighbors included in the neighbor list list! - good!
step: 52
<p id=10 typeId=0 c=1.2434711445872009,5.06337057328922,9.940590889006115 \>
computing the neighbors brute forcely
latticeBoxSize 4.0
we created 482 pairs
get all neighbors of particleId 10
pair: 10,13
pair: 10,23
pair: 10,93
pair: 10,88
pair: 10,72
pair: 10,69
pair: 10,51
pair: 10,43
Brute Force neighboringParticleIds: 51(d=3.59), 69(d=3.23), 23(d=3.51), 93(d=2.5), 43(d=3.9), 72(d=1.96), 88(d=3.35), 13(d=2.87), 
NeighborList neighboringParticleIds: 2, 32, 0, 8, 90, 51, 83, 46, 80, 58, 88, 69, 93, 13, 96, 31, 43, 72, 10, 39, 5, 6, 87, 12, 82, 66, 67, 84, 27, 3, 23, 54, 101, 79, 91, 73, 85, 65, 52, 28, 35, 
all  brute force found neighbors included in the neighbor list list! - good!
step: 53
<p id=10 typeId=0 c=1.2434711445872009,5.06337057328922,9.940590889006115 \>
computing the neighbors brute forcely
latticeBoxSize 4.0
we created 482 pairs
get all neighbors of particleId 10
pair: 10,13
pair: 10,23
pair: 10,93
pair: 10,88
pair: 10,72
pair: 10,69
pair: 10,51
pair: 10,43
Brute Force neighboringParticleIds: 51(d=3.59), 69(d=3.23), 23(d=3.51), 93(d=2.5), 43(d=3.9), 72(d=1.96), 88(d=3.35), 13(d=2.87), 
NeighborList neighboringParticleIds: 2, 32, 0, 8, 90, 51, 83, 46, 80, 58, 88, 69, 93, 13, 96, 31, 43, 72, 10, 39, 5, 6, 87, 12, 82, 66, 67, 84, 27, 3, 23, 54, 101, 79, 91, 73, 85, 65, 52, 28, 35, 
all  brute force found neighbors included in the neighbor list list! - good!
step: 54
<p id=10 typeId=0 c=1.2434711445872009,5.06337057328922,9.940590889006115 \>
computing the neighbors brute forcely
latticeBoxSize 4.0
we created 480 pairs
get all neighbors of particleId 10
pair: 10,13
pair: 10,23
pair: 10,93
pair: 10,88
pair: 10,72
pair: 10,69
pair: 10,51
pair: 10,43
Brute Force neighboringParticleIds: 51(d=3.59), 69(d=3.23), 23(d=3.51), 93(d=2.5), 43(d=3.9), 72(d=1.96), 88(d=3.35), 13(d=2.87), 
NeighborList neighboringParticleIds: 2, 32, 0, 8, 90, 51, 83, 46, 80, 58, 88, 69, 93, 13, 96, 31, 43, 72, 10, 39, 5, 6, 87, 12, 82, 66, 84, 67, 27, 3, 23, 54, 101, 79, 91, 73, 85, 65, 52, 28, 35, 
all  brute force found neighbors included in the neighbor list list! - good!
step: 55
<p id=10 typeId=0 c=1.2434711445872009,5.06337057328922,9.940590889006115 \>
computing the neighbors brute forcely
latticeBoxSize 4.0
we created 475 pairs
get all neighbors of particleId 10
pair: 10,13
pair: 10,23
pair: 10,93
pair: 10,88
pair: 10,72
pair: 10,69
pair: 10,51
pair: 10,43
Brute Force neighboringParticleIds: 51(d=3.59), 69(d=3.23), 23(d=3.51), 93(d=2.5), 43(d=3.9), 72(d=1.96), 88(d=3.35), 13(d=2.87), 
NeighborList neighboringParticleIds: 2, 32, 0, 8, 90, 51, 83, 46, 80, 58, 88, 69, 93, 13, 96, 31, 43, 72, 10, 39, 5, 6, 87, 12, 82, 66, 84, 67, 27, 3, 23, 54, 101, 79, 91, 73, 85, 65, 52, 28, 35, 
all  brute force found neighbors included in the neighbor list list! - good!
step: 56
<p id=10 typeId=0 c=1.2434711445872009,5.06337057328922,9.940590889006115 \>
computing the neighbors brute forcely
latticeBoxSize 4.0
we created 475 pairs
get all neighbors of particleId 10
pair: 10,13
pair: 10,23
pair: 10,93
pair: 10,88
pair: 10,72
pair: 10,69
pair: 10,51
pair: 10,43
Brute Force neighboringParticleIds: 51(d=3.59), 69(d=3.23), 23(d=3.51), 93(d=2.5), 43(d=3.9), 72(d=1.96), 88(d=3.35), 13(d=2.87), 
NeighborList neighboringParticleIds: 2, 32, 0, 8, 90, 51, 83, 46, 80, 58, 88, 69, 93, 13, 96, 31, 43, 72, 10, 39, 5, 6, 87, 12, 82, 66, 84, 67, 27, 3, 23, 54, 101, 79, 91, 73, 85, 65, 52, 28, 35, 
all  brute force found neighbors included in the neighbor list list! - good!
step: 57
<p id=10 typeId=0 c=1.2434711445872009,5.06337057328922,9.940590889006115 \>
computing the neighbors brute forcely
latticeBoxSize 4.0
we created 475 pairs
get all neighbors of particleId 10
pair: 10,13
pair: 10,23
pair: 10,93
pair: 10,88
pair: 10,72
pair: 10,69
pair: 10,51
pair: 10,43
Brute Force neighboringParticleIds: 51(d=3.59), 69(d=3.23), 23(d=3.51), 93(d=2.5), 43(d=3.9), 72(d=1.96), 88(d=3.35), 13(d=2.87), 
NeighborList neighboringParticleIds: 2, 32, 0, 8, 90, 51, 83, 46, 80, 58, 88, 69, 93, 13, 96, 31, 43, 72, 10, 39, 5, 6, 87, 12, 82, 66, 84, 67, 27, 3, 23, 54, 101, 79, 91, 73, 85, 65, 52, 28, 35, 
all  brute force found neighbors included in the neighbor list list! - good!
step: 58
<p id=10 typeId=0 c=1.2434711445872009,5.06337057328922,9.940590889006115 \>
computing the neighbors brute forcely
latticeBoxSize 4.0
we created 474 pairs
get all neighbors of particleId 10
pair: 10,13
pair: 10,23
pair: 10,93
pair: 10,88
pair: 10,72
pair: 10,69
pair: 10,51
pair: 10,43
Brute Force neighboringParticleIds: 51(d=3.59), 69(d=3.23), 23(d=3.51), 93(d=2.5), 43(d=3.9), 72(d=1.96), 88(d=3.35), 13(d=2.87), 
NeighborList neighboringParticleIds: 2, 32, 0, 8, 90, 51, 83, 46, 80, 58, 88, 69, 93, 13, 96, 31, 43, 72, 10, 39, 5, 6, 87, 12, 82, 66, 84, 67, 27, 3, 23, 54, 101, 79, 91, 73, 85, 65, 52, 28, 35, 
all  brute force found neighbors included in the neighbor list list! - good!
step: 59
<p id=10 typeId=0 c=1.2434711445872009,5.06337057328922,9.940590889006115 \>
computing the neighbors brute forcely
latticeBoxSize 4.0
we created 474 pairs
get all neighbors of particleId 10
pair: 10,13
pair: 10,23
pair: 10,93
pair: 10,88
pair: 10,72
pair: 10,69
pair: 10,51
pair: 10,43
Brute Force neighboringParticleIds: 51(d=3.59), 69(d=3.23), 23(d=3.51), 93(d=2.5), 43(d=3.9), 72(d=1.96), 88(d=3.35), 13(d=2.87), 
NeighborList neighboringParticleIds: 2, 32, 0, 8, 90, 51, 83, 46, 80, 58, 88, 69, 93, 13, 96, 31, 43, 72, 10, 39, 5, 6, 87, 12, 82, 66, 84, 67, 27, 3, 23, 54, 101, 79, 91, 73, 85, 65, 52, 28, 35, 
all  brute force found neighbors included in the neighbor list list! - good!
step: 60
<p id=10 typeId=0 c=1.2434711445872009,5.06337057328922,9.940590889006115 \>
computing the neighbors brute forcely
latticeBoxSize 4.0
we created 474 pairs
get all neighbors of particleId 10
pair: 10,13
pair: 10,23
pair: 10,93
pair: 10,88
pair: 10,72
pair: 10,69
pair: 10,51
pair: 10,43
Brute Force neighboringParticleIds: 51(d=3.59), 69(d=3.23), 23(d=3.51), 93(d=2.5), 43(d=3.9), 72(d=1.96), 88(d=3.35), 13(d=2.87), 
NeighborList neighboringParticleIds: 2, 32, 0, 8, 90, 51, 83, 46, 80, 58, 88, 69, 93, 13, 96, 31, 43, 72, 10, 39, 5, 6, 87, 12, 82, 66, 84, 67, 27, 3, 23, 54, 101, 79, 91, 73, 85, 65, 52, 28, 35, 
all  brute force found neighbors included in the neighbor list list! - good!
step: 61
<p id=10 typeId=0 c=1.2434711445872009,5.06337057328922,9.940590889006115 \>
computing the neighbors brute forcely
latticeBoxSize 4.0
we created 474 pairs
get all neighbors of particleId 10
pair: 10,13
pair: 10,23
pair: 10,93
pair: 10,88
pair: 10,72
pair: 10,69
pair: 10,51
pair: 10,43
Brute Force neighboringParticleIds: 51(d=3.59), 69(d=3.23), 23(d=3.51), 93(d=2.5), 43(d=3.9), 72(d=1.96), 88(d=3.35), 13(d=2.87), 
NeighborList neighboringParticleIds: 2, 32, 0, 8, 90, 51, 83, 46, 80, 58, 88, 69, 93, 13, 96, 31, 43, 72, 10, 39, 5, 6, 87, 12, 82, 66, 84, 67, 27, 3, 23, 54, 101, 79, 91, 73, 85, 65, 52, 28, 35, 
all  brute force found neighbors included in the neighbor list list! - good!
step: 62
<p id=10 typeId=0 c=1.2434711445872009,5.06337057328922,9.940590889006115 \>
computing the neighbors brute forcely
latticeBoxSize 4.0
we created 474 pairs
get all neighbors of particleId 10
pair: 10,13
pair: 10,23
pair: 10,93
pair: 10,88
pair: 10,72
pair: 10,69
pair: 10,51
pair: 10,43
Brute Force neighboringParticleIds: 51(d=3.59), 69(d=3.23), 23(d=3.51), 93(d=2.5), 43(d=3.9), 72(d=1.96), 88(d=3.35), 13(d=2.87), 
NeighborList neighboringParticleIds: 2, 32, 0, 8, 90, 51, 83, 46, 80, 58, 88, 69, 93, 13, 96, 31, 43, 72, 10, 39, 5, 6, 87, 12, 82, 66, 84, 67, 27, 3, 23, 54, 101, 79, 91, 73, 85, 65, 52, 28, 35, 
all  brute force found neighbors included in the neighbor list list! - good!
step: 63
<p id=10 typeId=0 c=1.2434711445872009,5.06337057328922,9.940590889006115 \>
computing the neighbors brute forcely
latticeBoxSize 4.0
we created 480 pairs
get all neighbors of particleId 10
pair: 10,13
pair: 10,23
pair: 10,93
pair: 10,88
pair: 10,72
pair: 10,69
pair: 10,51
pair: 10,43
Brute Force neighboringParticleIds: 51(d=3.59), 69(d=3.23), 23(d=3.51), 93(d=2.5), 43(d=3.9), 72(d=1.96), 88(d=3.35), 13(d=2.87), 
NeighborList neighboringParticleIds: 2, 32, 0, 8, 90, 51, 83, 46, 80, 58, 88, 69, 93, 13, 96, 31, 43, 72, 10, 39, 5, 6, 87, 12, 82, 66, 84, 67, 27, 3, 41, 23, 54, 101, 79, 91, 73, 85, 65, 28, 35, 
all  brute force found neighbors included in the neighbor list list! - good!
step: 64
<p id=10 typeId=0 c=1.2434711445872009,5.06337057328922,9.940590889006115 \>
computing the neighbors brute forcely
latticeBoxSize 4.0
we created 482 pairs
get all neighbors of particleId 10
pair: 10,13
pair: 10,23
pair: 10,93
pair: 10,88
pair: 10,72
pair: 10,69
pair: 10,51
pair: 10,43
Brute Force neighboringParticleIds: 51(d=3.59), 69(d=3.23), 23(d=3.51), 93(d=2.5), 43(d=3.9), 72(d=1.96), 88(d=3.35), 13(d=2.87), 
NeighborList neighboringParticleIds: 2, 32, 0, 8, 90, 51, 83, 46, 80, 58, 88, 69, 93, 13, 96, 31, 43, 72, 10, 39, 5, 6, 87, 12, 82, 66, 84, 67, 27, 3, 41, 23, 54, 101, 79, 91, 73, 85, 65, 28, 35, 
all  brute force found neighbors included in the neighbor list list! - good!
step: 65
<p id=10 typeId=0 c=1.2434711445872009,5.06337057328922,9.940590889006115 \>
computing the neighbors brute forcely
latticeBoxSize 4.0
we created 482 pairs
get all neighbors of particleId 10
pair: 10,13
pair: 10,23
pair: 10,93
pair: 10,88
pair: 10,72
pair: 10,69
pair: 10,51
pair: 10,43
Brute Force neighboringParticleIds: 51(d=3.59), 69(d=3.23), 23(d=3.51), 93(d=2.5), 43(d=3.9), 72(d=1.96), 88(d=3.35), 13(d=2.87), 
NeighborList neighboringParticleIds: 2, 32, 0, 8, 90, 51, 83, 46, 80, 58, 88, 69, 93, 13, 96, 31, 43, 72, 10, 39, 5, 6, 87, 12, 82, 66, 84, 67, 27, 3, 41, 23, 54, 101, 79, 91, 73, 85, 65, 28, 35, 
all  brute force found neighbors included in the neighbor list list! - good!
step: 66
<p id=10 typeId=0 c=1.2434711445872009,5.06337057328922,9.940590889006115 \>
computing the neighbors brute forcely
latticeBoxSize 4.0
we created 482 pairs
get all neighbors of particleId 10
pair: 10,13
pair: 10,23
pair: 10,93
pair: 10,88
pair: 10,72
pair: 10,69
pair: 10,51
pair: 10,43
Brute Force neighboringParticleIds: 51(d=3.59), 69(d=3.23), 23(d=3.51), 93(d=2.5), 43(d=3.9), 72(d=1.96), 88(d=3.35), 13(d=2.87), 
NeighborList neighboringParticleIds: 2, 32, 0, 8, 90, 51, 83, 46, 80, 58, 88, 69, 93, 13, 96, 31, 43, 72, 10, 39, 5, 6, 87, 12, 82, 66, 84, 67, 27, 3, 41, 23, 54, 101, 79, 91, 73, 85, 65, 28, 35, 
all  brute force found neighbors included in the neighbor list list! - good!
step: 67
<p id=10 typeId=0 c=1.2434711445872009,5.06337057328922,9.940590889006115 \>
computing the neighbors brute forcely
latticeBoxSize 4.0
we created 486 pairs
get all neighbors of particleId 10
pair: 10,13
pair: 10,23
pair: 10,93
pair: 10,88
pair: 10,72
pair: 10,69
pair: 10,67
pair: 10,51
pair: 10,43
Brute Force neighboringParticleIds: 51(d=3.59), 69(d=3.23), 23(d=3.51), 67(d=2.89), 93(d=2.5), 43(d=3.9), 72(d=1.96), 88(d=3.35), 13(d=2.87), 
NeighborList neighboringParticleIds: 2, 32, 0, 67, 8, 90, 51, 83, 46, 80, 58, 88, 69, 93, 13, 96, 31, 43, 72, 10, 39, 5, 6, 87, 12, 82, 66, 84, 27, 3, 41, 23, 54, 101, 79, 91, 73, 85, 65, 28, 35, 
all  brute force found neighbors included in the neighbor list list! - good!
step: 68
<p id=10 typeId=0 c=1.2434711445872009,5.06337057328922,9.940590889006115 \>
computing the neighbors brute forcely
latticeBoxSize 4.0
we created 486 pairs
get all neighbors of particleId 10
pair: 10,13
pair: 10,23
pair: 10,93
pair: 10,88
pair: 10,72
pair: 10,69
pair: 10,67
pair: 10,51
pair: 10,43
Brute Force neighboringParticleIds: 51(d=3.59), 69(d=3.23), 23(d=3.51), 67(d=2.89), 93(d=2.5), 43(d=3.9), 72(d=1.96), 88(d=3.35), 13(d=2.87), 
NeighborList neighboringParticleIds: 2, 32, 0, 67, 8, 90, 51, 83, 46, 80, 58, 88, 69, 93, 13, 96, 31, 43, 72, 10, 39, 5, 6, 87, 12, 82, 66, 84, 27, 3, 41, 23, 54, 101, 79, 91, 73, 85, 65, 28, 35, 
all  brute force found neighbors included in the neighbor list list! - good!
step: 69
<p id=10 typeId=0 c=1.2434711445872009,5.06337057328922,9.940590889006115 \>
computing the neighbors brute forcely
latticeBoxSize 4.0
we created 486 pairs
get all neighbors of particleId 10
pair: 10,13
pair: 10,23
pair: 10,93
pair: 10,88
pair: 10,72
pair: 10,69
pair: 10,67
pair: 10,51
pair: 10,43
Brute Force neighboringParticleIds: 51(d=3.59), 69(d=3.23), 23(d=3.51), 67(d=2.89), 93(d=2.5), 43(d=3.9), 72(d=1.96), 88(d=3.35), 13(d=2.87), 
NeighborList neighboringParticleIds: 2, 32, 0, 67, 8, 90, 51, 83, 46, 80, 58, 88, 69, 93, 13, 96, 31, 43, 72, 10, 39, 5, 6, 87, 12, 82, 66, 84, 27, 3, 41, 23, 54, 101, 79, 91, 73, 85, 65, 28, 35, 
all  brute force found neighbors included in the neighbor list list! - good!
step: 70
<p id=10 typeId=0 c=1.2434711445872009,5.06337057328922,9.940590889006115 \>
computing the neighbors brute forcely
latticeBoxSize 4.0
we created 487 pairs
get all neighbors of particleId 10
pair: 10,13
pair: 10,23
pair: 10,93
pair: 10,88
pair: 10,72
pair: 10,69
pair: 10,67
pair: 10,51
pair: 10,43
Brute Force neighboringParticleIds: 51(d=3.59), 69(d=3.23), 23(d=3.51), 67(d=2.89), 93(d=2.5), 43(d=3.9), 72(d=1.96), 88(d=3.35), 13(d=2.87), 
NeighborList neighboringParticleIds: 2, 32, 0, 67, 8, 51, 90, 83, 46, 80, 58, 88, 69, 93, 13, 96, 31, 43, 72, 10, 39, 5, 6, 87, 12, 82, 66, 84, 27, 3, 41, 23, 54, 101, 79, 91, 73, 85, 65, 28, 35, 
all  brute force found neighbors included in the neighbor list list! - good!
step: 71
<p id=10 typeId=0 c=1.2434711445872009,5.06337057328922,9.940590889006115 \>
computing the neighbors brute forcely
latticeBoxSize 4.0
we created 493 pairs
get all neighbors of particleId 10
pair: 10,13
pair: 10,23
pair: 10,93
pair: 10,88
pair: 10,72
pair: 10,69
pair: 10,67
pair: 10,51
pair: 10,43
pair: 10,36
Brute Force neighboringParticleIds: 51(d=3.59), 69(d=3.23), 36(d=3.25), 23(d=3.51), 67(d=2.89), 93(d=2.5), 43(d=3.9), 72(d=1.96), 88(d=3.35), 13(d=2.87), 
NeighborList neighboringParticleIds: 2, 32, 0, 67, 8, 36, 51, 90, 83, 46, 80, 58, 88, 69, 93, 13, 96, 31, 43, 72, 10, 39, 5, 6, 87, 12, 82, 66, 84, 27, 3, 41, 23, 54, 101, 79, 91, 73, 85, 65, 28, 35, 
all  brute force found neighbors included in the neighbor list list! - good!
step: 72
<p id=10 typeId=0 c=1.2434711445872009,5.06337057328922,9.940590889006115 \>
computing the neighbors brute forcely
latticeBoxSize 4.0
we created 493 pairs
get all neighbors of particleId 10
pair: 10,13
pair: 10,23
pair: 10,93
pair: 10,88
pair: 10,72
pair: 10,69
pair: 10,67
pair: 10,51
pair: 10,43
pair: 10,36
Brute Force neighboringParticleIds: 51(d=3.59), 69(d=3.23), 36(d=3.25), 23(d=3.51), 67(d=2.89), 93(d=2.5), 43(d=3.9), 72(d=1.96), 88(d=3.35), 13(d=2.87), 
NeighborList neighboringParticleIds: 2, 32, 0, 67, 8, 36, 51, 90, 83, 46, 80, 58, 88, 69, 93, 13, 96, 31, 43, 72, 10, 39, 5, 6, 87, 12, 82, 66, 84, 27, 3, 41, 23, 54, 101, 79, 91, 73, 85, 65, 28, 35, 
all  brute force found neighbors included in the neighbor list list! - good!
step: 73
<p id=10 typeId=0 c=1.2434711445872009,5.06337057328922,9.940590889006115 \>
computing the neighbors brute forcely
latticeBoxSize 4.0
we created 493 pairs
get all neighbors of particleId 10
pair: 10,13
pair: 10,23
pair: 10,93
pair: 10,88
pair: 10,72
pair: 10,69
pair: 10,67
pair: 10,51
pair: 10,43
pair: 10,36
Brute Force neighboringParticleIds: 51(d=3.59), 69(d=3.23), 36(d=3.25), 23(d=3.51), 67(d=2.89), 93(d=2.5), 43(d=3.9), 72(d=1.96), 88(d=3.35), 13(d=2.87), 
NeighborList neighboringParticleIds: 2, 32, 0, 67, 8, 36, 51, 90, 83, 46, 80, 58, 88, 69, 93, 13, 96, 31, 43, 72, 10, 39, 5, 6, 87, 12, 82, 66, 84, 27, 3, 41, 23, 54, 101, 79, 91, 73, 85, 65, 28, 35, 
all  brute force found neighbors included in the neighbor list list! - good!
step: 74
<p id=10 typeId=0 c=1.2434711445872009,5.06337057328922,9.940590889006115 \>
computing the neighbors brute forcely
latticeBoxSize 4.0
we created 493 pairs
get all neighbors of particleId 10
pair: 10,13
pair: 10,23
pair: 10,93
pair: 10,88
pair: 10,72
pair: 10,69
pair: 10,67
pair: 10,51
pair: 10,43
pair: 10,36
Brute Force neighboringParticleIds: 51(d=3.59), 69(d=3.23), 36(d=3.25), 23(d=3.51), 67(d=2.89), 93(d=2.5), 43(d=3.9), 72(d=1.96), 88(d=3.35), 13(d=2.87), 
NeighborList neighboringParticleIds: 2, 32, 0, 67, 8, 36, 51, 90, 83, 46, 80, 58, 88, 69, 93, 13, 96, 31, 43, 72, 10, 39, 5, 6, 87, 12, 82, 66, 84, 27, 3, 41, 23, 54, 101, 79, 91, 73, 85, 65, 28, 35, 
all  brute force found neighbors included in the neighbor list list! - good!
step: 75
<p id=10 typeId=0 c=1.2434711445872009,5.06337057328922,9.940590889006115 \>
computing the neighbors brute forcely
latticeBoxSize 4.0
we created 493 pairs
get all neighbors of particleId 10
pair: 10,13
pair: 10,23
pair: 10,93
pair: 10,88
pair: 10,72
pair: 10,69
pair: 10,67
pair: 10,51
pair: 10,43
pair: 10,36
Brute Force neighboringParticleIds: 51(d=3.59), 69(d=3.23), 36(d=3.25), 23(d=3.51), 67(d=2.89), 93(d=2.5), 43(d=3.9), 72(d=1.96), 88(d=3.35), 13(d=2.87), 
NeighborList neighboringParticleIds: 2, 32, 0, 67, 8, 36, 51, 90, 83, 46, 80, 58, 88, 69, 93, 13, 96, 31, 43, 72, 10, 39, 5, 6, 87, 12, 82, 66, 84, 27, 3, 41, 23, 54, 101, 79, 91, 73, 85, 65, 28, 35, 
all  brute force found neighbors included in the neighbor list list! - good!
step: 76
<p id=10 typeId=0 c=1.2434711445872009,5.06337057328922,9.940590889006115 \>
computing the neighbors brute forcely
latticeBoxSize 4.0
we created 492 pairs
get all neighbors of particleId 10
pair: 10,13
pair: 10,23
pair: 10,93
pair: 10,88
pair: 10,72
pair: 10,69
pair: 10,67
pair: 10,51
pair: 10,43
pair: 10,36
Brute Force neighboringParticleIds: 51(d=3.59), 69(d=3.23), 36(d=3.25), 23(d=3.51), 67(d=2.89), 93(d=2.5), 43(d=3.9), 72(d=1.96), 88(d=3.35), 13(d=2.87), 
NeighborList neighboringParticleIds: 2, 32, 0, 67, 8, 36, 51, 90, 83, 46, 80, 58, 88, 69, 93, 13, 96, 31, 43, 72, 10, 39, 5, 6, 87, 12, 82, 66, 84, 27, 3, 41, 23, 54, 101, 79, 91, 73, 85, 65, 28, 35, 
all  brute force found neighbors included in the neighbor list list! - good!
step: 77
<p id=10 typeId=0 c=1.2434711445872009,5.06337057328922,9.940590889006115 \>
computing the neighbors brute forcely
latticeBoxSize 4.0
we created 490 pairs
get all neighbors of particleId 10
pair: 10,13
pair: 10,23
pair: 10,93
pair: 10,88
pair: 10,72
pair: 10,69
pair: 10,67
pair: 10,51
pair: 10,43
pair: 10,36
Brute Force neighboringParticleIds: 51(d=3.59), 69(d=3.23), 36(d=3.25), 23(d=3.51), 67(d=2.89), 93(d=2.5), 43(d=3.9), 72(d=1.96), 88(d=3.35), 13(d=2.87), 
NeighborList neighboringParticleIds: 2, 32, 0, 67, 8, 36, 51, 90, 83, 46, 80, 58, 88, 69, 93, 13, 96, 31, 43, 72, 10, 39, 5, 6, 87, 12, 82, 66, 84, 27, 3, 41, 23, 54, 101, 79, 91, 73, 85, 65, 28, 35, 
all  brute force found neighbors included in the neighbor list list! - good!
step: 78
<p id=10 typeId=0 c=1.2434711445872009,5.06337057328922,9.940590889006115 \>
computing the neighbors brute forcely
latticeBoxSize 4.0
we created 490 pairs
get all neighbors of particleId 10
pair: 10,13
pair: 10,23
pair: 10,93
pair: 10,88
pair: 10,72
pair: 10,69
pair: 10,67
pair: 10,51
pair: 10,43
pair: 10,36
Brute Force neighboringParticleIds: 51(d=3.59), 69(d=3.23), 36(d=3.25), 23(d=3.51), 67(d=2.89), 93(d=2.5), 43(d=3.9), 72(d=1.96), 88(d=3.35), 13(d=2.87), 
NeighborList neighboringParticleIds: 2, 32, 0, 67, 8, 36, 51, 90, 83, 46, 80, 58, 88, 69, 93, 13, 96, 31, 43, 72, 10, 39, 5, 6, 87, 12, 82, 66, 84, 27, 3, 41, 23, 54, 101, 79, 91, 73, 85, 65, 28, 35, 
all  brute force found neighbors included in the neighbor list list! - good!
step: 79
<p id=10 typeId=0 c=1.2434711445872009,5.06337057328922,9.940590889006115 \>
computing the neighbors brute forcely
latticeBoxSize 4.0
we created 490 pairs
get all neighbors of particleId 10
pair: 10,13
pair: 10,23
pair: 10,93
pair: 10,88
pair: 10,72
pair: 10,69
pair: 10,67
pair: 10,51
pair: 10,43
pair: 10,36
Brute Force neighboringParticleIds: 51(d=3.59), 69(d=3.23), 36(d=3.25), 23(d=3.51), 67(d=2.89), 93(d=2.5), 43(d=3.9), 72(d=1.96), 88(d=3.35), 13(d=2.87), 
NeighborList neighboringParticleIds: 2, 32, 0, 67, 8, 36, 51, 90, 83, 46, 80, 58, 88, 69, 93, 13, 96, 31, 43, 72, 10, 39, 5, 6, 87, 12, 82, 66, 84, 27, 3, 41, 23, 54, 101, 79, 91, 73, 85, 65, 28, 35, 
all  brute force found neighbors included in the neighbor list list! - good!
step: 80
<p id=10 typeId=0 c=1.2434711445872009,5.06337057328922,9.940590889006115 \>
computing the neighbors brute forcely
latticeBoxSize 4.0
we created 490 pairs
get all neighbors of particleId 10
pair: 10,13
pair: 10,23
pair: 10,93
pair: 10,88
pair: 10,72
pair: 10,69
pair: 10,67
pair: 10,51
pair: 10,43
pair: 10,36
Brute Force neighboringParticleIds: 51(d=3.59), 69(d=3.23), 36(d=3.25), 23(d=3.51), 67(d=2.89), 93(d=2.5), 43(d=3.9), 72(d=1.96), 88(d=3.35), 13(d=2.87), 
NeighborList neighboringParticleIds: 2, 32, 0, 67, 8, 36, 51, 90, 83, 46, 80, 58, 88, 69, 93, 13, 96, 31, 43, 72, 10, 39, 5, 6, 87, 12, 82, 66, 84, 27, 3, 41, 23, 54, 101, 79, 91, 73, 85, 65, 28, 35, 
all  brute force found neighbors included in the neighbor list list! - good!
step: 81
<p id=10 typeId=0 c=1.2434711445872009,5.06337057328922,9.940590889006115 \>
computing the neighbors brute forcely
latticeBoxSize 4.0
we created 490 pairs
get all neighbors of particleId 10
pair: 10,13
pair: 10,23
pair: 10,93
pair: 10,88
pair: 10,72
pair: 10,69
pair: 10,67
pair: 10,51
pair: 10,43
pair: 10,36
Brute Force neighboringParticleIds: 51(d=3.59), 69(d=3.23), 36(d=3.25), 23(d=3.51), 67(d=2.89), 93(d=2.5), 43(d=3.9), 72(d=1.96), 88(d=3.35), 13(d=2.87), 
NeighborList neighboringParticleIds: 2, 32, 0, 67, 8, 36, 51, 90, 83, 46, 80, 58, 88, 69, 93, 13, 96, 31, 43, 72, 10, 39, 5, 6, 87, 12, 82, 66, 84, 27, 3, 41, 23, 54, 101, 79, 91, 73, 85, 65, 28, 35, 
all  brute force found neighbors included in the neighbor list list! - good!
step: 82
<p id=10 typeId=0 c=1.2434711445872009,5.06337057328922,9.940590889006115 \>
computing the neighbors brute forcely
latticeBoxSize 4.0
we created 491 pairs
get all neighbors of particleId 10
pair: 10,13
pair: 10,23
pair: 10,93
pair: 10,88
pair: 10,72
pair: 10,69
pair: 10,67
pair: 10,43
pair: 10,36
Brute Force neighboringParticleIds: 69(d=3.23), 36(d=3.25), 23(d=3.51), 67(d=2.89), 93(d=2.5), 43(d=3.9), 72(d=1.96), 88(d=3.35), 13(d=2.87), 
NeighborList neighboringParticleIds: 2, 32, 0, 67, 8, 36, 90, 83, 46, 80, 58, 88, 69, 93, 13, 96, 31, 43, 72, 10, 39, 5, 6, 87, 12, 82, 66, 84, 27, 3, 41, 23, 54, 101, 79, 91, 73, 85, 65, 28, 35, 
all  brute force found neighbors included in the neighbor list list! - good!
step: 83
<p id=10 typeId=0 c=1.2434711445872009,5.06337057328922,9.940590889006115 \>
computing the neighbors brute forcely
latticeBoxSize 4.0
we created 491 pairs
get all neighbors of particleId 10
pair: 10,13
pair: 10,23
pair: 10,93
pair: 10,88
pair: 10,72
pair: 10,69
pair: 10,67
pair: 10,43
pair: 10,36
Brute Force neighboringParticleIds: 69(d=3.23), 36(d=3.25), 23(d=3.51), 67(d=2.89), 93(d=2.5), 43(d=3.9), 72(d=1.96), 88(d=3.35), 13(d=2.87), 
NeighborList neighboringParticleIds: 2, 32, 0, 67, 8, 36, 90, 83, 46, 80, 58, 88, 69, 93, 13, 96, 31, 43, 72, 10, 39, 5, 6, 87, 12, 82, 66, 84, 27, 3, 41, 23, 54, 101, 79, 91, 73, 85, 65, 28, 35, 
all  brute force found neighbors included in the neighbor list list! - good!
step: 84
<p id=10 typeId=0 c=1.2434711445872009,5.06337057328922,9.940590889006115 \>
computing the neighbors brute forcely
latticeBoxSize 4.0
we created 491 pairs
get all neighbors of particleId 10
pair: 10,13
pair: 10,23
pair: 10,93
pair: 10,88
pair: 10,72
pair: 10,69
pair: 10,67
pair: 10,43
pair: 10,36
Brute Force neighboringParticleIds: 69(d=3.23), 36(d=3.25), 23(d=3.51), 67(d=2.89), 93(d=2.5), 43(d=3.9), 72(d=1.96), 88(d=3.35), 13(d=2.87), 
NeighborList neighboringParticleIds: 2, 32, 0, 67, 8, 36, 90, 83, 46, 80, 58, 88, 69, 93, 13, 96, 31, 43, 72, 10, 39, 5, 6, 87, 12, 82, 66, 84, 27, 3, 41, 23, 54, 101, 79, 91, 73, 85, 65, 28, 35, 
all  brute force found neighbors included in the neighbor list list! - good!
step: 85
<p id=10 typeId=0 c=1.2434711445872009,5.06337057328922,9.940590889006115 \>
computing the neighbors brute forcely
latticeBoxSize 4.0
we created 491 pairs
get all neighbors of particleId 10
pair: 10,13
pair: 10,23
pair: 10,93
pair: 10,88
pair: 10,72
pair: 10,69
pair: 10,67
pair: 10,43
pair: 10,36
Brute Force neighboringParticleIds: 69(d=3.23), 36(d=3.25), 23(d=3.51), 67(d=2.89), 93(d=2.5), 43(d=3.9), 72(d=1.96), 88(d=3.35), 13(d=2.87), 
NeighborList neighboringParticleIds: 2, 32, 0, 67, 8, 36, 90, 83, 46, 80, 58, 88, 69, 93, 13, 96, 31, 43, 72, 10, 39, 5, 6, 87, 12, 82, 66, 84, 27, 3, 41, 23, 54, 101, 79, 91, 73, 85, 65, 28, 35, 
all  brute force found neighbors included in the neighbor list list! - good!
step: 86
<p id=10 typeId=0 c=1.2434711445872009,5.06337057328922,9.940590889006115 \>
computing the neighbors brute forcely
latticeBoxSize 4.0
we created 491 pairs
get all neighbors of particleId 10
pair: 10,13
pair: 10,23
pair: 10,93
pair: 10,88
pair: 10,72
pair: 10,69
pair: 10,67
pair: 10,43
pair: 10,36
Brute Force neighboringParticleIds: 69(d=3.23), 36(d=3.25), 23(d=3.51), 67(d=2.89), 93(d=2.5), 43(d=3.9), 72(d=1.96), 88(d=3.35), 13(d=2.87), 
NeighborList neighboringParticleIds: 2, 32, 0, 67, 8, 36, 90, 83, 46, 80, 58, 88, 69, 93, 13, 96, 31, 43, 72, 10, 39, 5, 6, 87, 12, 82, 66, 84, 27, 3, 41, 23, 54, 101, 79, 91, 73, 85, 65, 28, 35, 
all  brute force found neighbors included in the neighbor list list! - good!
step: 87
<p id=10 typeId=0 c=1.2434711445872009,5.06337057328922,9.940590889006115 \>
computing the neighbors brute forcely
latticeBoxSize 4.0
we created 491 pairs
get all neighbors of particleId 10
pair: 10,13
pair: 10,23
pair: 10,93
pair: 10,88
pair: 10,72
pair: 10,69
pair: 10,67
pair: 10,43
pair: 10,36
Brute Force neighboringParticleIds: 69(d=3.23), 36(d=3.25), 23(d=3.51), 67(d=2.89), 93(d=2.5), 43(d=3.9), 72(d=1.96), 88(d=3.35), 13(d=2.87), 
NeighborList neighboringParticleIds: 2, 32, 0, 67, 8, 36, 90, 83, 46, 80, 58, 88, 69, 93, 13, 96, 31, 43, 72, 10, 39, 5, 6, 87, 12, 82, 66, 84, 27, 3, 41, 23, 54, 101, 79, 91, 73, 85, 65, 28, 35, 
all  brute force found neighbors included in the neighbor list list! - good!
step: 88
<p id=10 typeId=0 c=1.2434711445872009,5.06337057328922,9.940590889006115 \>
computing the neighbors brute forcely
latticeBoxSize 4.0
we created 492 pairs
get all neighbors of particleId 10
pair: 10,13
pair: 10,23
pair: 10,93
pair: 10,88
pair: 10,72
pair: 10,69
pair: 10,67
pair: 10,43
pair: 10,36
Brute Force neighboringParticleIds: 69(d=3.23), 36(d=3.25), 23(d=3.51), 67(d=2.89), 93(d=2.5), 43(d=3.9), 72(d=1.96), 88(d=3.35), 13(d=2.87), 
NeighborList neighboringParticleIds: 2, 32, 0, 67, 8, 36, 90, 83, 46, 80, 58, 88, 69, 93, 13, 96, 31, 43, 72, 10, 39, 5, 6, 87, 12, 82, 66, 84, 27, 3, 41, 23, 54, 101, 79, 91, 73, 85, 65, 28, 35, 
all  brute force found neighbors included in the neighbor list list! - good!
step: 89
<p id=10 typeId=0 c=1.2434711445872009,5.06337057328922,9.940590889006115 \>
computing the neighbors brute forcely
latticeBoxSize 4.0
we created 492 pairs
get all neighbors of particleId 10
pair: 10,13
pair: 10,23
pair: 10,93
pair: 10,88
pair: 10,72
pair: 10,69
pair: 10,67
pair: 10,43
pair: 10,36
Brute Force neighboringParticleIds: 69(d=3.23), 36(d=3.25), 23(d=3.51), 67(d=2.89), 93(d=2.5), 43(d=3.9), 72(d=1.96), 88(d=3.35), 13(d=2.87), 
NeighborList neighboringParticleIds: 2, 32, 0, 67, 8, 36, 90, 83, 46, 80, 58, 88, 69, 93, 13, 96, 31, 43, 72, 10, 39, 5, 6, 87, 12, 82, 66, 84, 27, 3, 41, 23, 54, 101, 79, 91, 73, 85, 65, 28, 35, 
all  brute force found neighbors included in the neighbor list list! - good!
step: 90
<p id=10 typeId=0 c=1.2434711445872009,5.06337057328922,9.940590889006115 \>
computing the neighbors brute forcely
latticeBoxSize 4.0
we created 490 pairs
get all neighbors of particleId 10
pair: 10,13
pair: 10,23
pair: 10,93
pair: 10,88
pair: 10,72
pair: 10,69
pair: 10,67
pair: 10,43
pair: 10,36
Brute Force neighboringParticleIds: 69(d=3.23), 36(d=3.25), 23(d=3.51), 67(d=2.89), 93(d=2.5), 43(d=3.9), 72(d=1.96), 88(d=3.35), 13(d=2.87), 
NeighborList neighboringParticleIds: 2, 32, 0, 67, 8, 36, 90, 83, 46, 80, 58, 88, 69, 93, 13, 96, 31, 43, 72, 10, 39, 5, 6, 87, 12, 82, 66, 84, 27, 3, 41, 23, 54, 101, 79, 91, 73, 85, 65, 28, 35, 
all  brute force found neighbors included in the neighbor list list! - good!
step: 91
<p id=10 typeId=0 c=1.2434711445872009,5.06337057328922,9.940590889006115 \>
computing the neighbors brute forcely
latticeBoxSize 4.0
we created 490 pairs
get all neighbors of particleId 10
pair: 10,13
pair: 10,23
pair: 10,93
pair: 10,88
pair: 10,72
pair: 10,69
pair: 10,67
pair: 10,43
pair: 10,36
Brute Force neighboringParticleIds: 69(d=3.23), 36(d=3.25), 23(d=3.51), 67(d=2.89), 93(d=2.5), 43(d=3.9), 72(d=1.96), 88(d=3.35), 13(d=2.87), 
NeighborList neighboringParticleIds: 2, 32, 0, 67, 8, 36, 90, 83, 46, 80, 58, 88, 69, 93, 13, 96, 31, 43, 72, 10, 39, 5, 6, 87, 12, 82, 66, 84, 27, 3, 41, 23, 54, 101, 79, 91, 73, 85, 65, 28, 35, 
all  brute force found neighbors included in the neighbor list list! - good!
step: 92
<p id=10 typeId=0 c=1.2434711445872009,5.06337057328922,9.940590889006115 \>
computing the neighbors brute forcely
latticeBoxSize 4.0
we created 490 pairs
get all neighbors of particleId 10
pair: 10,13
pair: 10,23
pair: 10,93
pair: 10,88
pair: 10,72
pair: 10,69
pair: 10,67
pair: 10,43
pair: 10,36
Brute Force neighboringParticleIds: 69(d=3.23), 36(d=3.25), 23(d=3.51), 67(d=2.89), 93(d=2.5), 43(d=3.9), 72(d=1.96), 88(d=3.35), 13(d=2.87), 
NeighborList neighboringParticleIds: 2, 32, 0, 67, 8, 36, 90, 83, 46, 80, 58, 88, 69, 93, 13, 96, 31, 43, 72, 10, 39, 5, 6, 87, 12, 82, 66, 84, 27, 3, 41, 23, 54, 101, 79, 91, 73, 85, 65, 28, 35, 
all  brute force found neighbors included in the neighbor list list! - good!
step: 93
<p id=10 typeId=0 c=1.2434711445872009,5.06337057328922,9.940590889006115 \>
computing the neighbors brute forcely
latticeBoxSize 4.0
we created 490 pairs
get all neighbors of particleId 10
pair: 10,13
pair: 10,23
pair: 10,93
pair: 10,88
pair: 10,72
pair: 10,69
pair: 10,67
pair: 10,43
pair: 10,36
Brute Force neighboringParticleIds: 69(d=3.23), 36(d=3.25), 23(d=3.51), 67(d=2.89), 93(d=2.5), 43(d=3.9), 72(d=1.96), 88(d=3.35), 13(d=2.87), 
NeighborList neighboringParticleIds: 2, 32, 0, 67, 8, 36, 90, 83, 46, 80, 58, 88, 69, 93, 13, 96, 31, 43, 72, 10, 39, 5, 6, 87, 12, 82, 66, 84, 27, 3, 41, 23, 54, 101, 79, 91, 73, 85, 65, 28, 35, 
all  brute force found neighbors included in the neighbor list list! - good!
step: 94
<p id=10 typeId=0 c=1.2434711445872009,5.06337057328922,9.940590889006115 \>
computing the neighbors brute forcely
latticeBoxSize 4.0
we created 488 pairs
get all neighbors of particleId 10
pair: 10,13
pair: 10,23
pair: 10,93
pair: 10,88
pair: 10,72
pair: 10,69
pair: 10,67
pair: 10,43
pair: 10,36
Brute Force neighboringParticleIds: 69(d=3.23), 36(d=3.25), 23(d=3.51), 67(d=2.89), 93(d=2.5), 43(d=3.9), 72(d=1.96), 88(d=3.35), 13(d=2.87), 
NeighborList neighboringParticleIds: 2, 32, 0, 67, 8, 36, 90, 83, 46, 80, 58, 88, 69, 93, 13, 96, 43, 72, 10, 39, 5, 6, 87, 12, 82, 66, 84, 27, 3, 41, 23, 54, 101, 79, 91, 73, 85, 65, 28, 35, 
all  brute force found neighbors included in the neighbor list list! - good!
step: 95
<p id=10 typeId=0 c=1.2434711445872009,5.06337057328922,9.940590889006115 \>
computing the neighbors brute forcely
latticeBoxSize 4.0
we created 495 pairs
get all neighbors of particleId 10
pair: 10,13
pair: 10,23
pair: 10,93
pair: 10,88
pair: 10,72
pair: 10,69
pair: 10,67
pair: 10,43
pair: 10,36
Brute Force neighboringParticleIds: 69(d=3.23), 36(d=3.25), 23(d=3.51), 67(d=2.89), 93(d=2.5), 43(d=3.9), 72(d=1.96), 88(d=3.35), 13(d=2.87), 
NeighborList neighboringParticleIds: 2, 32, 0, 67, 8, 36, 90, 83, 46, 80, 58, 88, 69, 93, 13, 96, 43, 24, 72, 10, 39, 5, 6, 87, 12, 82, 66, 84, 27, 3, 41, 23, 54, 101, 79, 91, 73, 85, 65, 28, 35, 
all  brute force found neighbors included in the neighbor list list! - good!
step: 96
<p id=10 typeId=0 c=1.2434711445872009,5.06337057328922,9.940590889006115 \>
computing the neighbors brute forcely
latticeBoxSize 4.0
we created 500 pairs
get all neighbors of particleId 10
pair: 10,13
pair: 10,23
pair: 10,93
pair: 10,88
pair: 10,72
pair: 10,69
pair: 10,67
pair: 10,43
pair: 10,36
Brute Force neighboringParticleIds: 69(d=3.23), 36(d=3.25), 23(d=3.51), 67(d=2.89), 93(d=2.5), 43(d=3.9), 72(d=1.96), 88(d=3.35), 13(d=2.87), 
NeighborList neighboringParticleIds: 2, 32, 0, 67, 8, 36, 90, 83, 46, 80, 58, 88, 69, 93, 13, 96, 43, 24, 72, 10, 39, 5, 6, 87, 12, 82, 66, 84, 27, 3, 41, 23, 54, 101, 79, 91, 73, 85, 65, 28, 35, 
all  brute force found neighbors included in the neighbor list list! - good!
step: 97
<p id=10 typeId=0 c=1.2434711445872009,5.06337057328922,9.940590889006115 \>
computing the neighbors brute forcely
latticeBoxSize 4.0
we created 489 pairs
get all neighbors of particleId 10
pair: 10,13
pair: 10,23
pair: 10,88
pair: 10,72
pair: 10,69
pair: 10,67
pair: 10,43
pair: 10,36
Brute Force neighboringParticleIds: 69(d=3.23), 36(d=3.25), 23(d=3.51), 67(d=2.89), 43(d=3.9), 72(d=1.96), 88(d=3.35), 13(d=2.87), 
NeighborList neighboringParticleIds: 2, 32, 0, 67, 8, 36, 90, 83, 46, 80, 58, 88, 69, 13, 96, 43, 24, 72, 10, 39, 5, 6, 87, 12, 82, 66, 84, 27, 3, 41, 23, 54, 101, 79, 91, 73, 85, 65, 28, 35, 
all  brute force found neighbors included in the neighbor list list! - good!
step: 98
<p id=10 typeId=0 c=1.2434711445872009,5.06337057328922,9.940590889006115 \>
computing the neighbors brute forcely
latticeBoxSize 4.0
we created 489 pairs
get all neighbors of particleId 10
pair: 10,13
pair: 10,23
pair: 10,88
pair: 10,72
pair: 10,69
pair: 10,67
pair: 10,43
pair: 10,36
Brute Force neighboringParticleIds: 69(d=3.23), 36(d=3.25), 23(d=3.51), 67(d=2.89), 43(d=3.9), 72(d=1.96), 88(d=3.35), 13(d=2.87), 
NeighborList neighboringParticleIds: 2, 32, 0, 67, 8, 36, 90, 83, 46, 80, 58, 88, 69, 13, 96, 43, 24, 72, 10, 39, 5, 6, 87, 12, 82, 66, 84, 27, 3, 41, 23, 54, 101, 79, 91, 73, 85, 65, 28, 35, 
all  brute force found neighbors included in the neighbor list list! - good!
step: 99
<p id=10 typeId=0 c=1.2434711445872009,5.06337057328922,9.940590889006115 \>
computing the neighbors brute forcely
latticeBoxSize 4.0
we created 489 pairs
get all neighbors of particleId 10
pair: 10,13
pair: 10,23
pair: 10,88
pair: 10,72
pair: 10,69
pair: 10,67
pair: 10,43
pair: 10,36
Brute Force neighboringParticleIds: 69(d=3.23), 36(d=3.25), 23(d=3.51), 67(d=2.89), 43(d=3.9), 72(d=1.96), 88(d=3.35), 13(d=2.87), 
NeighborList neighboringParticleIds: 2, 32, 0, 67, 8, 36, 90, 83, 46, 80, 58, 88, 69, 13, 96, 43, 24, 72, 10, 39, 5, 6, 87, 12, 82, 66, 84, 27, 3, 41, 23, 54, 101, 79, 91, 73, 85, 65, 28, 35, 
all  brute force found neighbors included in the neighbor list list! - good!
]]></system-out>
  <system-err><![CDATA[]]></system-err>
</testsuite>
